[ 2017-08-01T11:02:28+08:00 ] 127.0.0.1 127.0.0.1 GET /index.php/bis/index/index.html
[ log ] www.abc.com/index.php/bis/index/index.html [运行时间：0.127007s][吞吐率：7.87req/s] [内存消耗：1,676.63kb] [文件加载：46]
[ info ] [ LANG ] F:\work\thinkphp\thinkphp\lang\zh-cn.php
[ info ] [ ROUTE ] array (
  'type' => 'module',
  'module' => 
  array (
    0 => 'bis',
    1 => 'index',
    2 => 'index',
  ),
)
[ info ] [ HEADER ] array (
  'host' => 'www.abc.com',
  'connection' => 'keep-alive',
  'upgrade-insecure-requests' => '1',
  'user-agent' => 'Mozilla/5.0 (Windows NT 6.1; WOW64) AppleWebKit/537.36 (KHTML, like Gecko) Chrome/60.0.3112.10 Safari/537.36',
  'accept' => 'text/html,application/xhtml+xml,application/xml;q=0.9,image/webp,image/apng,*/*;q=0.8',
  'accept-encoding' => 'gzip, deflate',
  'accept-language' => 'zh-CN,zh;q=0.8',
)
[ info ] [ PARAM ] array (
)
[ info ] [ SESSION ] INIT array (
  'id' => '',
  'var_session_id' => '',
  'prefix' => 'think',
  'type' => '',
  'auto_start' => true,
)
[ info ] [ LOG ] INIT File

---------------------------------------------------------------
[ 2017-08-01T11:02:28+08:00 ] 127.0.0.1 127.0.0.1 GET /index.php/bis/login/index.html
[ log ] www.abc.com/index.php/bis/login/index.html [运行时间：0.063004s][吞吐率：15.87req/s] [内存消耗：1,655.99kb] [文件加载：44]
[ info ] [ LANG ] F:\work\thinkphp\thinkphp\lang\zh-cn.php
[ info ] [ ROUTE ] array (
  'type' => 'module',
  'module' => 
  array (
    0 => 'bis',
    1 => 'login',
    2 => 'index',
  ),
)
[ info ] [ HEADER ] array (
  'host' => 'www.abc.com',
  'connection' => 'keep-alive',
  'upgrade-insecure-requests' => '1',
  'user-agent' => 'Mozilla/5.0 (Windows NT 6.1; WOW64) AppleWebKit/537.36 (KHTML, like Gecko) Chrome/60.0.3112.10 Safari/537.36',
  'accept' => 'text/html,application/xhtml+xml,application/xml;q=0.9,image/webp,image/apng,*/*;q=0.8',
  'accept-encoding' => 'gzip, deflate',
  'accept-language' => 'zh-CN,zh;q=0.8',
  'cookie' => 'PHPSESSID=k28olkc2q5jspb97r8nbk9ukn4',
)
[ info ] [ PARAM ] array (
)
[ info ] [ RUN ] app\bis\controller\Login->index[ F:\work\thinkphp\application\bis\controller\Login.php ]
[ info ] [ SESSION ] INIT array (
  'id' => '',
  'var_session_id' => '',
  'prefix' => 'think',
  'type' => '',
  'auto_start' => true,
)
[ info ] [ VIEW ] F:\work\thinkphp\public/../application/bis\view\login\index.html [ array (
) ]
[ info ] [ LOG ] INIT File

---------------------------------------------------------------
[ 2017-08-01T11:02:40+08:00 ] 127.0.0.1 127.0.0.1 POST /index.php/bis/login/index.html
[ log ] www.abc.com/index.php/bis/login/index.html [运行时间：0.288616s][吞吐率：3.46req/s] [内存消耗：2,749.55kb] [文件加载：58]
[ info ] [ LANG ] F:\work\thinkphp\thinkphp\lang\zh-cn.php
[ info ] [ ROUTE ] array (
  'type' => 'module',
  'module' => 
  array (
    0 => 'bis',
    1 => 'login',
    2 => 'index',
  ),
)
[ info ] [ HEADER ] array (
  'host' => 'www.abc.com',
  'connection' => 'keep-alive',
  'content-length' => '24',
  'cache-control' => 'max-age=0',
  'origin' => 'http://www.abc.com',
  'upgrade-insecure-requests' => '1',
  'user-agent' => 'Mozilla/5.0 (Windows NT 6.1; WOW64) AppleWebKit/537.36 (KHTML, like Gecko) Chrome/60.0.3112.10 Safari/537.36',
  'content-type' => 'application/x-www-form-urlencoded',
  'accept' => 'text/html,application/xhtml+xml,application/xml;q=0.9,image/webp,image/apng,*/*;q=0.8',
  'referer' => 'http://www.abc.com/index.php/bis/login/index.html',
  'accept-encoding' => 'gzip, deflate',
  'accept-language' => 'zh-CN,zh;q=0.8',
  'cookie' => 'PHPSESSID=k28olkc2q5jspb97r8nbk9ukn4',
)
[ info ] [ PARAM ] array (
  'username' => 'ce',
  'password' => '123',
)
[ info ] [ RUN ] app\bis\controller\Login->index[ F:\work\thinkphp\application\bis\controller\Login.php ]
[ info ] [ DB ] INIT mysql
[ info ] [ CACHE ] INIT File
[ info ] [ SESSION ] INIT array (
  'id' => '',
  'var_session_id' => '',
  'prefix' => 'think',
  'type' => '',
  'auto_start' => true,
)
[ info ] [ VIEW ] F:\work\thinkphp\thinkphp\tpl\dispatch_jump.tpl [ array (
  0 => 'code',
  1 => 'msg',
  2 => 'data',
  3 => 'url',
  4 => 'wait',
) ]
[ info ] [ LOG ] INIT File

---------------------------------------------------------------
[ 2017-08-01T11:02:42+08:00 ] 127.0.0.1 127.0.0.1 GET /index.php/bis/index/index.html
[ log ] www.abc.com/index.php/bis/index/index.html [运行时间：0.062003s][吞吐率：16.13req/s] [内存消耗：1,922.02kb] [文件加载：48]
[ info ] [ LANG ] F:\work\thinkphp\thinkphp\lang\zh-cn.php
[ info ] [ ROUTE ] array (
  'type' => 'module',
  'module' => 
  array (
    0 => 'bis',
    1 => 'index',
    2 => 'index',
  ),
)
[ info ] [ HEADER ] array (
  'host' => 'www.abc.com',
  'connection' => 'keep-alive',
  'upgrade-insecure-requests' => '1',
  'user-agent' => 'Mozilla/5.0 (Windows NT 6.1; WOW64) AppleWebKit/537.36 (KHTML, like Gecko) Chrome/60.0.3112.10 Safari/537.36',
  'accept' => 'text/html,application/xhtml+xml,application/xml;q=0.9,image/webp,image/apng,*/*;q=0.8',
  'referer' => 'http://www.abc.com/index.php/bis/login/index.html',
  'accept-encoding' => 'gzip, deflate',
  'accept-language' => 'zh-CN,zh;q=0.8',
  'cookie' => 'PHPSESSID=k28olkc2q5jspb97r8nbk9ukn4',
)
[ info ] [ PARAM ] array (
)
[ info ] [ SESSION ] INIT array (
  'id' => '',
  'var_session_id' => '',
  'prefix' => 'think',
  'type' => '',
  'auto_start' => true,
)
[ info ] [ RUN ] app\bis\controller\Index->index[ F:\work\thinkphp\application\bis\controller\Index.php ]
[ info ] [ VIEW ] F:\work\thinkphp\public/../application/bis\view\index\index.html [ array (
) ]
[ info ] [ LOG ] INIT File

---------------------------------------------------------------
[ 2017-08-01T11:02:44+08:00 ] 127.0.0.1 127.0.0.1 GET /index.php/bis/location/index.html
[ log ] www.abc.com/index.php/bis/location/index.html [运行时间：0.155009s][吞吐率：6.45req/s] [内存消耗：2,687.16kb] [文件加载：54]
[ info ] [ LANG ] F:\work\thinkphp\thinkphp\lang\zh-cn.php
[ info ] [ ROUTE ] array (
  'type' => 'module',
  'module' => 
  array (
    0 => 'bis',
    1 => 'location',
    2 => 'index',
  ),
)
[ info ] [ HEADER ] array (
  'host' => 'www.abc.com',
  'connection' => 'keep-alive',
  'upgrade-insecure-requests' => '1',
  'user-agent' => 'Mozilla/5.0 (Windows NT 6.1; WOW64) AppleWebKit/537.36 (KHTML, like Gecko) Chrome/60.0.3112.10 Safari/537.36',
  'accept' => 'text/html,application/xhtml+xml,application/xml;q=0.9,image/webp,image/apng,*/*;q=0.8',
  'referer' => 'http://www.abc.com/index.php/bis/index/index.html',
  'accept-encoding' => 'gzip, deflate',
  'accept-language' => 'zh-CN,zh;q=0.8',
  'cookie' => 'PHPSESSID=k28olkc2q5jspb97r8nbk9ukn4',
)
[ info ] [ PARAM ] array (
)
[ info ] [ RUN ] app\bis\controller\Location->index[ F:\work\thinkphp\application\bis\controller\Location.php ]
[ info ] [ DB ] INIT mysql
[ info ] [ VIEW ] F:\work\thinkphp\public/../application/bis\view\location\index.html [ array (
  0 => 'locations',
) ]
[ info ] [ LOG ] INIT File

---------------------------------------------------------------
[ 2017-08-01T14:20:14+08:00 ] 127.0.0.1 127.0.0.1 GET /index.php/admin
[ log ] www.abc.com/index.php/admin [运行时间：0.069004s][吞吐率：14.49req/s] [内存消耗：1,648.70kb] [文件加载：44]
[ info ] [ LANG ] F:\work\thinkphp\thinkphp\lang\zh-cn.php
[ info ] [ ROUTE ] array (
  'type' => 'module',
  'module' => 
  array (
    0 => 'admin',
    1 => NULL,
    2 => NULL,
  ),
)
[ info ] [ HEADER ] array (
  'host' => 'www.abc.com',
  'connection' => 'keep-alive',
  'upgrade-insecure-requests' => '1',
  'user-agent' => 'Mozilla/5.0 (Windows NT 6.1; WOW64) AppleWebKit/537.36 (KHTML, like Gecko) Chrome/60.0.3112.10 Safari/537.36',
  'accept' => 'text/html,application/xhtml+xml,application/xml;q=0.9,image/webp,image/apng,*/*;q=0.8',
  'accept-encoding' => 'gzip, deflate',
  'accept-language' => 'zh-CN,zh;q=0.8',
  'cookie' => 'PHPSESSID=k28olkc2q5jspb97r8nbk9ukn4',
)
[ info ] [ PARAM ] array (
)
[ info ] [ RUN ] app\admin\controller\Index->index[ F:\work\thinkphp\application\admin\controller\Index.php ]
[ info ] [ VIEW ] F:\work\thinkphp\public/../application/admin\view\index\index.html [ array (
) ]
[ info ] [ LOG ] INIT File

---------------------------------------------------------------
[ 2017-08-01T14:20:14+08:00 ] 127.0.0.1 127.0.0.1 GET /index.php/admin/index/welcome.html
[ log ] www.abc.com/index.php/admin/index/welcome.html [运行时间：0.037003s][吞吐率：27.02req/s] [内存消耗：1,578.81kb] [文件加载：42]
[ info ] [ LANG ] F:\work\thinkphp\thinkphp\lang\zh-cn.php
[ info ] [ ROUTE ] array (
  'type' => 'module',
  'module' => 
  array (
    0 => 'admin',
    1 => 'index',
    2 => 'welcome',
  ),
)
[ info ] [ HEADER ] array (
  'host' => 'www.abc.com',
  'connection' => 'keep-alive',
  'upgrade-insecure-requests' => '1',
  'user-agent' => 'Mozilla/5.0 (Windows NT 6.1; WOW64) AppleWebKit/537.36 (KHTML, like Gecko) Chrome/60.0.3112.10 Safari/537.36',
  'accept' => 'text/html,application/xhtml+xml,application/xml;q=0.9,image/webp,image/apng,*/*;q=0.8',
  'referer' => 'http://www.abc.com/index.php/admin',
  'accept-encoding' => 'gzip, deflate',
  'accept-language' => 'zh-CN,zh;q=0.8',
  'cookie' => 'PHPSESSID=k28olkc2q5jspb97r8nbk9ukn4',
)
[ info ] [ PARAM ] array (
)
[ info ] [ RUN ] app\admin\controller\Index->welcome[ F:\work\thinkphp\application\admin\controller\Index.php ]
[ info ] [ LOG ] INIT File

---------------------------------------------------------------
[ 2017-08-01T14:20:31+08:00 ] 127.0.0.1 127.0.0.1 GET /index.php/admin/bis/apply.html
[ log ] www.abc.com/index.php/admin/bis/apply.html [运行时间：0.319019s][吞吐率：3.13req/s] [内存消耗：2,714.86kb] [文件加载：57]
[ info ] [ LANG ] F:\work\thinkphp\thinkphp\lang\zh-cn.php
[ info ] [ ROUTE ] array (
  'type' => 'module',
  'module' => 
  array (
    0 => 'admin',
    1 => 'bis',
    2 => 'apply',
  ),
)
[ info ] [ HEADER ] array (
  'host' => 'www.abc.com',
  'connection' => 'keep-alive',
  'upgrade-insecure-requests' => '1',
  'user-agent' => 'Mozilla/5.0 (Windows NT 6.1; WOW64) AppleWebKit/537.36 (KHTML, like Gecko) Chrome/60.0.3112.10 Safari/537.36',
  'accept' => 'text/html,application/xhtml+xml,application/xml;q=0.9,image/webp,image/apng,*/*;q=0.8',
  'referer' => 'http://www.abc.com/index.php/admin',
  'accept-encoding' => 'gzip, deflate',
  'accept-language' => 'zh-CN,zh;q=0.8',
  'cookie' => 'PHPSESSID=k28olkc2q5jspb97r8nbk9ukn4',
)
[ info ] [ PARAM ] array (
)
[ info ] [ RUN ] app\admin\controller\Bis->apply[ F:\work\thinkphp\application\admin\controller\Bis.php ]
[ info ] [ DB ] INIT mysql
[ info ] [ VIEW ] F:\work\thinkphp\public/../application/admin\view\bis\apply.html [ array (
  0 => 'bis',
) ]
[ info ] [ LOG ] INIT File

---------------------------------------------------------------
[ 2017-08-01T14:36:51+08:00 ] 127.0.0.1 127.0.0.1 GET /index.php/admin/bis/apply.html
[ log ] www.abc.com/index.php/admin/bis/apply.html [运行时间：0.097005s][吞吐率：10.31req/s] [内存消耗：2,714.86kb] [文件加载：57]
[ info ] [ LANG ] F:\work\thinkphp\thinkphp\lang\zh-cn.php
[ info ] [ ROUTE ] array (
  'type' => 'module',
  'module' => 
  array (
    0 => 'admin',
    1 => 'bis',
    2 => 'apply',
  ),
)
[ info ] [ HEADER ] array (
  'host' => 'www.abc.com',
  'connection' => 'keep-alive',
  'upgrade-insecure-requests' => '1',
  'user-agent' => 'Mozilla/5.0 (Windows NT 6.1; WOW64) AppleWebKit/537.36 (KHTML, like Gecko) Chrome/60.0.3112.10 Safari/537.36',
  'accept' => 'text/html,application/xhtml+xml,application/xml;q=0.9,image/webp,image/apng,*/*;q=0.8',
  'referer' => 'http://www.abc.com/index.php/admin',
  'accept-encoding' => 'gzip, deflate',
  'accept-language' => 'zh-CN,zh;q=0.8',
  'cookie' => 'PHPSESSID=k28olkc2q5jspb97r8nbk9ukn4',
)
[ info ] [ PARAM ] array (
)
[ info ] [ RUN ] app\admin\controller\Bis->apply[ F:\work\thinkphp\application\admin\controller\Bis.php ]
[ info ] [ DB ] INIT mysql
[ info ] [ VIEW ] F:\work\thinkphp\public/../application/admin\view\bis\apply.html [ array (
  0 => 'bis',
) ]
[ info ] [ LOG ] INIT File

---------------------------------------------------------------
[ 2017-08-01T14:36:52+08:00 ] 127.0.0.1 127.0.0.1 GET /index.php/admin/bis/apply.html
[ log ] www.abc.com/index.php/admin/bis/apply.html [运行时间：0.095006s][吞吐率：10.53req/s] [内存消耗：2,714.86kb] [文件加载：57]
[ info ] [ LANG ] F:\work\thinkphp\thinkphp\lang\zh-cn.php
[ info ] [ ROUTE ] array (
  'type' => 'module',
  'module' => 
  array (
    0 => 'admin',
    1 => 'bis',
    2 => 'apply',
  ),
)
[ info ] [ HEADER ] array (
  'host' => 'www.abc.com',
  'connection' => 'keep-alive',
  'upgrade-insecure-requests' => '1',
  'user-agent' => 'Mozilla/5.0 (Windows NT 6.1; WOW64) AppleWebKit/537.36 (KHTML, like Gecko) Chrome/60.0.3112.10 Safari/537.36',
  'accept' => 'text/html,application/xhtml+xml,application/xml;q=0.9,image/webp,image/apng,*/*;q=0.8',
  'referer' => 'http://www.abc.com/index.php/admin',
  'accept-encoding' => 'gzip, deflate',
  'accept-language' => 'zh-CN,zh;q=0.8',
  'cookie' => 'PHPSESSID=k28olkc2q5jspb97r8nbk9ukn4',
)
[ info ] [ PARAM ] array (
)
[ info ] [ RUN ] app\admin\controller\Bis->apply[ F:\work\thinkphp\application\admin\controller\Bis.php ]
[ info ] [ DB ] INIT mysql
[ info ] [ VIEW ] F:\work\thinkphp\public/../application/admin\view\bis\apply.html [ array (
  0 => 'bis',
) ]
[ info ] [ LOG ] INIT File

---------------------------------------------------------------
[ 2017-08-01T14:36:52+08:00 ] 127.0.0.1 127.0.0.1 GET /index.php/admin/bis/apply.html
[ log ] www.abc.com/index.php/admin/bis/apply.html [运行时间：0.092006s][吞吐率：10.87req/s] [内存消耗：2,714.86kb] [文件加载：57]
[ info ] [ LANG ] F:\work\thinkphp\thinkphp\lang\zh-cn.php
[ info ] [ ROUTE ] array (
  'type' => 'module',
  'module' => 
  array (
    0 => 'admin',
    1 => 'bis',
    2 => 'apply',
  ),
)
[ info ] [ HEADER ] array (
  'host' => 'www.abc.com',
  'connection' => 'keep-alive',
  'upgrade-insecure-requests' => '1',
  'user-agent' => 'Mozilla/5.0 (Windows NT 6.1; WOW64) AppleWebKit/537.36 (KHTML, like Gecko) Chrome/60.0.3112.10 Safari/537.36',
  'accept' => 'text/html,application/xhtml+xml,application/xml;q=0.9,image/webp,image/apng,*/*;q=0.8',
  'referer' => 'http://www.abc.com/index.php/admin',
  'accept-encoding' => 'gzip, deflate',
  'accept-language' => 'zh-CN,zh;q=0.8',
  'cookie' => 'PHPSESSID=k28olkc2q5jspb97r8nbk9ukn4',
)
[ info ] [ PARAM ] array (
)
[ info ] [ RUN ] app\admin\controller\Bis->apply[ F:\work\thinkphp\application\admin\controller\Bis.php ]
[ info ] [ DB ] INIT mysql
[ info ] [ VIEW ] F:\work\thinkphp\public/../application/admin\view\bis\apply.html [ array (
  0 => 'bis',
) ]
[ info ] [ LOG ] INIT File

---------------------------------------------------------------
[ 2017-08-01T14:36:53+08:00 ] 127.0.0.1 127.0.0.1 GET /index.php/admin/bis/apply.html
[ log ] www.abc.com/index.php/admin/bis/apply.html [运行时间：0.092006s][吞吐率：10.87req/s] [内存消耗：2,714.86kb] [文件加载：57]
[ info ] [ LANG ] F:\work\thinkphp\thinkphp\lang\zh-cn.php
[ info ] [ ROUTE ] array (
  'type' => 'module',
  'module' => 
  array (
    0 => 'admin',
    1 => 'bis',
    2 => 'apply',
  ),
)
[ info ] [ HEADER ] array (
  'host' => 'www.abc.com',
  'connection' => 'keep-alive',
  'upgrade-insecure-requests' => '1',
  'user-agent' => 'Mozilla/5.0 (Windows NT 6.1; WOW64) AppleWebKit/537.36 (KHTML, like Gecko) Chrome/60.0.3112.10 Safari/537.36',
  'accept' => 'text/html,application/xhtml+xml,application/xml;q=0.9,image/webp,image/apng,*/*;q=0.8',
  'referer' => 'http://www.abc.com/index.php/admin',
  'accept-encoding' => 'gzip, deflate',
  'accept-language' => 'zh-CN,zh;q=0.8',
  'cookie' => 'PHPSESSID=k28olkc2q5jspb97r8nbk9ukn4',
)
[ info ] [ PARAM ] array (
)
[ info ] [ RUN ] app\admin\controller\Bis->apply[ F:\work\thinkphp\application\admin\controller\Bis.php ]
[ info ] [ DB ] INIT mysql
[ info ] [ VIEW ] F:\work\thinkphp\public/../application/admin\view\bis\apply.html [ array (
  0 => 'bis',
) ]
[ info ] [ LOG ] INIT File

---------------------------------------------------------------
[ 2017-08-01T14:36:53+08:00 ] 127.0.0.1 127.0.0.1 GET /index.php/admin/bis/apply.html
[ log ] www.abc.com/index.php/admin/bis/apply.html [运行时间：0.096006s][吞吐率：10.42req/s] [内存消耗：2,714.86kb] [文件加载：57]
[ info ] [ LANG ] F:\work\thinkphp\thinkphp\lang\zh-cn.php
[ info ] [ ROUTE ] array (
  'type' => 'module',
  'module' => 
  array (
    0 => 'admin',
    1 => 'bis',
    2 => 'apply',
  ),
)
[ info ] [ HEADER ] array (
  'host' => 'www.abc.com',
  'connection' => 'keep-alive',
  'upgrade-insecure-requests' => '1',
  'user-agent' => 'Mozilla/5.0 (Windows NT 6.1; WOW64) AppleWebKit/537.36 (KHTML, like Gecko) Chrome/60.0.3112.10 Safari/537.36',
  'accept' => 'text/html,application/xhtml+xml,application/xml;q=0.9,image/webp,image/apng,*/*;q=0.8',
  'referer' => 'http://www.abc.com/index.php/admin',
  'accept-encoding' => 'gzip, deflate',
  'accept-language' => 'zh-CN,zh;q=0.8',
  'cookie' => 'PHPSESSID=k28olkc2q5jspb97r8nbk9ukn4',
)
[ info ] [ PARAM ] array (
)
[ info ] [ RUN ] app\admin\controller\Bis->apply[ F:\work\thinkphp\application\admin\controller\Bis.php ]
[ info ] [ DB ] INIT mysql
[ info ] [ VIEW ] F:\work\thinkphp\public/../application/admin\view\bis\apply.html [ array (
  0 => 'bis',
) ]
[ info ] [ LOG ] INIT File

---------------------------------------------------------------
[ 2017-08-01T14:39:30+08:00 ] 127.0.0.1 127.0.0.1 GET /index.php/admin/bis/index.html
[ log ] www.abc.com/index.php/admin/bis/index.html [运行时间：0.182010s][吞吐率：5.49req/s] [内存消耗：2,793.55kb] [文件加载：58]
[ info ] [ LANG ] F:\work\thinkphp\thinkphp\lang\zh-cn.php
[ info ] [ ROUTE ] array (
  'type' => 'module',
  'module' => 
  array (
    0 => 'admin',
    1 => 'bis',
    2 => 'index',
  ),
)
[ info ] [ HEADER ] array (
  'host' => 'www.abc.com',
  'connection' => 'keep-alive',
  'upgrade-insecure-requests' => '1',
  'user-agent' => 'Mozilla/5.0 (Windows NT 6.1; WOW64) AppleWebKit/537.36 (KHTML, like Gecko) Chrome/60.0.3112.10 Safari/537.36',
  'accept' => 'text/html,application/xhtml+xml,application/xml;q=0.9,image/webp,image/apng,*/*;q=0.8',
  'referer' => 'http://www.abc.com/index.php/admin',
  'accept-encoding' => 'gzip, deflate',
  'accept-language' => 'zh-CN,zh;q=0.8',
  'cookie' => 'PHPSESSID=k28olkc2q5jspb97r8nbk9ukn4',
)
[ info ] [ PARAM ] array (
)
[ info ] [ RUN ] app\admin\controller\Bis->index[ F:\work\thinkphp\application\admin\controller\Bis.php ]
[ info ] [ DB ] INIT mysql
[ info ] [ VIEW ] F:\work\thinkphp\public/../application/admin\view\bis\index.html [ array (
  0 => 'bis',
) ]
[ info ] [ LOG ] INIT File

---------------------------------------------------------------
[ 2017-08-01T14:39:31+08:00 ] 127.0.0.1 127.0.0.1 GET /index.php/admin/bis/index.html
[ log ] www.abc.com/index.php/admin/bis/index.html [运行时间：0.104006s][吞吐率：9.61req/s] [内存消耗：2,793.55kb] [文件加载：58]
[ info ] [ LANG ] F:\work\thinkphp\thinkphp\lang\zh-cn.php
[ info ] [ ROUTE ] array (
  'type' => 'module',
  'module' => 
  array (
    0 => 'admin',
    1 => 'bis',
    2 => 'index',
  ),
)
[ info ] [ HEADER ] array (
  'host' => 'www.abc.com',
  'connection' => 'keep-alive',
  'upgrade-insecure-requests' => '1',
  'user-agent' => 'Mozilla/5.0 (Windows NT 6.1; WOW64) AppleWebKit/537.36 (KHTML, like Gecko) Chrome/60.0.3112.10 Safari/537.36',
  'accept' => 'text/html,application/xhtml+xml,application/xml;q=0.9,image/webp,image/apng,*/*;q=0.8',
  'referer' => 'http://www.abc.com/index.php/admin',
  'accept-encoding' => 'gzip, deflate',
  'accept-language' => 'zh-CN,zh;q=0.8',
  'cookie' => 'PHPSESSID=k28olkc2q5jspb97r8nbk9ukn4',
)
[ info ] [ PARAM ] array (
)
[ info ] [ RUN ] app\admin\controller\Bis->index[ F:\work\thinkphp\application\admin\controller\Bis.php ]
[ info ] [ DB ] INIT mysql
[ info ] [ VIEW ] F:\work\thinkphp\public/../application/admin\view\bis\index.html [ array (
  0 => 'bis',
) ]
[ info ] [ LOG ] INIT File

---------------------------------------------------------------
[ 2017-08-01T14:39:32+08:00 ] 127.0.0.1 127.0.0.1 GET /index.php/admin/bis/index.html
[ log ] www.abc.com/index.php/admin/bis/index.html [运行时间：0.099006s][吞吐率：10.10req/s] [内存消耗：2,793.55kb] [文件加载：58]
[ info ] [ LANG ] F:\work\thinkphp\thinkphp\lang\zh-cn.php
[ info ] [ ROUTE ] array (
  'type' => 'module',
  'module' => 
  array (
    0 => 'admin',
    1 => 'bis',
    2 => 'index',
  ),
)
[ info ] [ HEADER ] array (
  'host' => 'www.abc.com',
  'connection' => 'keep-alive',
  'upgrade-insecure-requests' => '1',
  'user-agent' => 'Mozilla/5.0 (Windows NT 6.1; WOW64) AppleWebKit/537.36 (KHTML, like Gecko) Chrome/60.0.3112.10 Safari/537.36',
  'accept' => 'text/html,application/xhtml+xml,application/xml;q=0.9,image/webp,image/apng,*/*;q=0.8',
  'referer' => 'http://www.abc.com/index.php/admin',
  'accept-encoding' => 'gzip, deflate',
  'accept-language' => 'zh-CN,zh;q=0.8',
  'cookie' => 'PHPSESSID=k28olkc2q5jspb97r8nbk9ukn4',
)
[ info ] [ PARAM ] array (
)
[ info ] [ RUN ] app\admin\controller\Bis->index[ F:\work\thinkphp\application\admin\controller\Bis.php ]
[ info ] [ DB ] INIT mysql
[ info ] [ VIEW ] F:\work\thinkphp\public/../application/admin\view\bis\index.html [ array (
  0 => 'bis',
) ]
[ info ] [ LOG ] INIT File

---------------------------------------------------------------
[ 2017-08-01T14:39:32+08:00 ] 127.0.0.1 127.0.0.1 GET /index.php/admin/bis/index.html
[ log ] www.abc.com/index.php/admin/bis/index.html [运行时间：0.085005s][吞吐率：11.76req/s] [内存消耗：2,793.55kb] [文件加载：58]
[ info ] [ LANG ] F:\work\thinkphp\thinkphp\lang\zh-cn.php
[ info ] [ ROUTE ] array (
  'type' => 'module',
  'module' => 
  array (
    0 => 'admin',
    1 => 'bis',
    2 => 'index',
  ),
)
[ info ] [ HEADER ] array (
  'host' => 'www.abc.com',
  'connection' => 'keep-alive',
  'upgrade-insecure-requests' => '1',
  'user-agent' => 'Mozilla/5.0 (Windows NT 6.1; WOW64) AppleWebKit/537.36 (KHTML, like Gecko) Chrome/60.0.3112.10 Safari/537.36',
  'accept' => 'text/html,application/xhtml+xml,application/xml;q=0.9,image/webp,image/apng,*/*;q=0.8',
  'referer' => 'http://www.abc.com/index.php/admin',
  'accept-encoding' => 'gzip, deflate',
  'accept-language' => 'zh-CN,zh;q=0.8',
  'cookie' => 'PHPSESSID=k28olkc2q5jspb97r8nbk9ukn4',
)
[ info ] [ PARAM ] array (
)
[ info ] [ RUN ] app\admin\controller\Bis->index[ F:\work\thinkphp\application\admin\controller\Bis.php ]
[ info ] [ DB ] INIT mysql
[ info ] [ VIEW ] F:\work\thinkphp\public/../application/admin\view\bis\index.html [ array (
  0 => 'bis',
) ]
[ info ] [ LOG ] INIT File

---------------------------------------------------------------
[ 2017-08-01T14:39:37+08:00 ] 127.0.0.1 127.0.0.1 GET /index.php/admin/bis/status.html?id=2&status=2
[ log ] www.abc.com/index.php/admin/bis/status.html?id=2&status=2 [运行时间：0.228013s][吞吐率：4.39req/s] [内存消耗：2,744.58kb] [文件加载：59]
[ info ] [ LANG ] F:\work\thinkphp\thinkphp\lang\zh-cn.php
[ info ] [ ROUTE ] array (
  'type' => 'module',
  'module' => 
  array (
    0 => 'admin',
    1 => 'bis',
    2 => 'status',
  ),
)
[ info ] [ HEADER ] array (
  'host' => 'www.abc.com',
  'connection' => 'keep-alive',
  'upgrade-insecure-requests' => '1',
  'user-agent' => 'Mozilla/5.0 (Windows NT 6.1; WOW64) AppleWebKit/537.36 (KHTML, like Gecko) Chrome/60.0.3112.10 Safari/537.36',
  'accept' => 'text/html,application/xhtml+xml,application/xml;q=0.9,image/webp,image/apng,*/*;q=0.8',
  'referer' => 'http://www.abc.com/index.php/admin/bis/index.html',
  'accept-encoding' => 'gzip, deflate',
  'accept-language' => 'zh-CN,zh;q=0.8',
  'cookie' => 'PHPSESSID=k28olkc2q5jspb97r8nbk9ukn4',
)
[ info ] [ PARAM ] array (
  'id' => '2',
  'status' => '2',
)
[ info ] [ RUN ] app\admin\controller\Bis->status[ F:\work\thinkphp\application\admin\controller\Bis.php ]
[ info ] [ DB ] INIT mysql
[ info ] [ CACHE ] INIT File
[ info ] [ VIEW ] F:\work\thinkphp\thinkphp\tpl\dispatch_jump.tpl [ array (
  0 => 'code',
  1 => 'msg',
  2 => 'data',
  3 => 'url',
  4 => 'wait',
) ]
[ info ] [ LOG ] INIT File

---------------------------------------------------------------
[ 2017-08-01T14:39:39+08:00 ] 127.0.0.1 127.0.0.1 GET /index.php/admin/bis/index.html
[ log ] www.abc.com/index.php/admin/bis/index.html [运行时间：0.090006s][吞吐率：11.11req/s] [内存消耗：2,788.87kb] [文件加载：58]
[ info ] [ LANG ] F:\work\thinkphp\thinkphp\lang\zh-cn.php
[ info ] [ ROUTE ] array (
  'type' => 'module',
  'module' => 
  array (
    0 => 'admin',
    1 => 'bis',
    2 => 'index',
  ),
)
[ info ] [ HEADER ] array (
  'host' => 'www.abc.com',
  'connection' => 'keep-alive',
  'upgrade-insecure-requests' => '1',
  'user-agent' => 'Mozilla/5.0 (Windows NT 6.1; WOW64) AppleWebKit/537.36 (KHTML, like Gecko) Chrome/60.0.3112.10 Safari/537.36',
  'accept' => 'text/html,application/xhtml+xml,application/xml;q=0.9,image/webp,image/apng,*/*;q=0.8',
  'referer' => 'http://www.abc.com/index.php/admin/bis/status.html?id=2&status=2',
  'accept-encoding' => 'gzip, deflate',
  'accept-language' => 'zh-CN,zh;q=0.8',
  'cookie' => 'PHPSESSID=k28olkc2q5jspb97r8nbk9ukn4',
)
[ info ] [ PARAM ] array (
)
[ info ] [ RUN ] app\admin\controller\Bis->index[ F:\work\thinkphp\application\admin\controller\Bis.php ]
[ info ] [ DB ] INIT mysql
[ info ] [ VIEW ] F:\work\thinkphp\public/../application/admin\view\bis\index.html [ array (
  0 => 'bis',
) ]
[ info ] [ LOG ] INIT File

---------------------------------------------------------------
[ 2017-08-01T14:39:40+08:00 ] 127.0.0.1 127.0.0.1 GET /index.php/admin/bis/apply.html
[ log ] www.abc.com/index.php/admin/bis/apply.html [运行时间：0.096006s][吞吐率：10.42req/s] [内存消耗：2,714.86kb] [文件加载：57]
[ info ] [ LANG ] F:\work\thinkphp\thinkphp\lang\zh-cn.php
[ info ] [ ROUTE ] array (
  'type' => 'module',
  'module' => 
  array (
    0 => 'admin',
    1 => 'bis',
    2 => 'apply',
  ),
)
[ info ] [ HEADER ] array (
  'host' => 'www.abc.com',
  'connection' => 'keep-alive',
  'upgrade-insecure-requests' => '1',
  'user-agent' => 'Mozilla/5.0 (Windows NT 6.1; WOW64) AppleWebKit/537.36 (KHTML, like Gecko) Chrome/60.0.3112.10 Safari/537.36',
  'accept' => 'text/html,application/xhtml+xml,application/xml;q=0.9,image/webp,image/apng,*/*;q=0.8',
  'referer' => 'http://www.abc.com/index.php/admin',
  'accept-encoding' => 'gzip, deflate',
  'accept-language' => 'zh-CN,zh;q=0.8',
  'cookie' => 'PHPSESSID=k28olkc2q5jspb97r8nbk9ukn4',
)
[ info ] [ PARAM ] array (
)
[ info ] [ RUN ] app\admin\controller\Bis->apply[ F:\work\thinkphp\application\admin\controller\Bis.php ]
[ info ] [ DB ] INIT mysql
[ info ] [ VIEW ] F:\work\thinkphp\public/../application/admin\view\bis\apply.html [ array (
  0 => 'bis',
) ]
[ info ] [ LOG ] INIT File

---------------------------------------------------------------
[ 2017-08-01T14:39:41+08:00 ] 127.0.0.1 127.0.0.1 GET /index.php/admin/bis/apply.html
[ log ] www.abc.com/index.php/admin/bis/apply.html [运行时间：0.092005s][吞吐率：10.87req/s] [内存消耗：2,714.86kb] [文件加载：57]
[ info ] [ LANG ] F:\work\thinkphp\thinkphp\lang\zh-cn.php
[ info ] [ ROUTE ] array (
  'type' => 'module',
  'module' => 
  array (
    0 => 'admin',
    1 => 'bis',
    2 => 'apply',
  ),
)
[ info ] [ HEADER ] array (
  'host' => 'www.abc.com',
  'connection' => 'keep-alive',
  'upgrade-insecure-requests' => '1',
  'user-agent' => 'Mozilla/5.0 (Windows NT 6.1; WOW64) AppleWebKit/537.36 (KHTML, like Gecko) Chrome/60.0.3112.10 Safari/537.36',
  'accept' => 'text/html,application/xhtml+xml,application/xml;q=0.9,image/webp,image/apng,*/*;q=0.8',
  'referer' => 'http://www.abc.com/index.php/admin',
  'accept-encoding' => 'gzip, deflate',
  'accept-language' => 'zh-CN,zh;q=0.8',
  'cookie' => 'PHPSESSID=k28olkc2q5jspb97r8nbk9ukn4',
)
[ info ] [ PARAM ] array (
)
[ info ] [ RUN ] app\admin\controller\Bis->apply[ F:\work\thinkphp\application\admin\controller\Bis.php ]
[ info ] [ DB ] INIT mysql
[ info ] [ VIEW ] F:\work\thinkphp\public/../application/admin\view\bis\apply.html [ array (
  0 => 'bis',
) ]
[ info ] [ LOG ] INIT File

---------------------------------------------------------------
[ 2017-08-01T14:39:41+08:00 ] 127.0.0.1 127.0.0.1 GET /index.php/admin/bis/index.html
[ log ] www.abc.com/index.php/admin/bis/index.html [运行时间：0.099006s][吞吐率：10.10req/s] [内存消耗：2,788.74kb] [文件加载：58]
[ info ] [ LANG ] F:\work\thinkphp\thinkphp\lang\zh-cn.php
[ info ] [ ROUTE ] array (
  'type' => 'module',
  'module' => 
  array (
    0 => 'admin',
    1 => 'bis',
    2 => 'index',
  ),
)
[ info ] [ HEADER ] array (
  'host' => 'www.abc.com',
  'connection' => 'keep-alive',
  'upgrade-insecure-requests' => '1',
  'user-agent' => 'Mozilla/5.0 (Windows NT 6.1; WOW64) AppleWebKit/537.36 (KHTML, like Gecko) Chrome/60.0.3112.10 Safari/537.36',
  'accept' => 'text/html,application/xhtml+xml,application/xml;q=0.9,image/webp,image/apng,*/*;q=0.8',
  'referer' => 'http://www.abc.com/index.php/admin',
  'accept-encoding' => 'gzip, deflate',
  'accept-language' => 'zh-CN,zh;q=0.8',
  'cookie' => 'PHPSESSID=k28olkc2q5jspb97r8nbk9ukn4',
)
[ info ] [ PARAM ] array (
)
[ info ] [ RUN ] app\admin\controller\Bis->index[ F:\work\thinkphp\application\admin\controller\Bis.php ]
[ info ] [ DB ] INIT mysql
[ info ] [ VIEW ] F:\work\thinkphp\public/../application/admin\view\bis\index.html [ array (
  0 => 'bis',
) ]
[ info ] [ LOG ] INIT File

---------------------------------------------------------------
[ 2017-08-01T14:39:42+08:00 ] 127.0.0.1 127.0.0.1 GET /index.php/admin/bis/index.html
[ log ] www.abc.com/index.php/admin/bis/index.html [运行时间：0.104006s][吞吐率：9.61req/s] [内存消耗：2,788.74kb] [文件加载：58]
[ info ] [ LANG ] F:\work\thinkphp\thinkphp\lang\zh-cn.php
[ info ] [ ROUTE ] array (
  'type' => 'module',
  'module' => 
  array (
    0 => 'admin',
    1 => 'bis',
    2 => 'index',
  ),
)
[ info ] [ HEADER ] array (
  'host' => 'www.abc.com',
  'connection' => 'keep-alive',
  'upgrade-insecure-requests' => '1',
  'user-agent' => 'Mozilla/5.0 (Windows NT 6.1; WOW64) AppleWebKit/537.36 (KHTML, like Gecko) Chrome/60.0.3112.10 Safari/537.36',
  'accept' => 'text/html,application/xhtml+xml,application/xml;q=0.9,image/webp,image/apng,*/*;q=0.8',
  'referer' => 'http://www.abc.com/index.php/admin',
  'accept-encoding' => 'gzip, deflate',
  'accept-language' => 'zh-CN,zh;q=0.8',
  'cookie' => 'PHPSESSID=k28olkc2q5jspb97r8nbk9ukn4',
)
[ info ] [ PARAM ] array (
)
[ info ] [ RUN ] app\admin\controller\Bis->index[ F:\work\thinkphp\application\admin\controller\Bis.php ]
[ info ] [ DB ] INIT mysql
[ info ] [ VIEW ] F:\work\thinkphp\public/../application/admin\view\bis\index.html [ array (
  0 => 'bis',
) ]
[ info ] [ LOG ] INIT File

---------------------------------------------------------------
[ 2017-08-01T14:39:49+08:00 ] 127.0.0.1 127.0.0.1 GET /index.php/bis/index/index.html
[ log ] www.abc.com/index.php/bis/index/index.html [运行时间：0.057003s][吞吐率：17.54req/s] [内存消耗：1,922.20kb] [文件加载：48]
[ info ] [ LANG ] F:\work\thinkphp\thinkphp\lang\zh-cn.php
[ info ] [ ROUTE ] array (
  'type' => 'module',
  'module' => 
  array (
    0 => 'bis',
    1 => 'index',
    2 => 'index',
  ),
)
[ info ] [ HEADER ] array (
  'host' => 'www.abc.com',
  'connection' => 'keep-alive',
  'cache-control' => 'max-age=0',
  'upgrade-insecure-requests' => '1',
  'user-agent' => 'Mozilla/5.0 (Windows NT 6.1; WOW64) AppleWebKit/537.36 (KHTML, like Gecko) Chrome/60.0.3112.10 Safari/537.36',
  'accept' => 'text/html,application/xhtml+xml,application/xml;q=0.9,image/webp,image/apng,*/*;q=0.8',
  'referer' => 'http://www.abc.com/index.php/bis/login/index.html',
  'accept-encoding' => 'gzip, deflate',
  'accept-language' => 'zh-CN,zh;q=0.8',
  'cookie' => 'PHPSESSID=k28olkc2q5jspb97r8nbk9ukn4',
)
[ info ] [ PARAM ] array (
)
[ info ] [ SESSION ] INIT array (
  'id' => '',
  'var_session_id' => '',
  'prefix' => 'think',
  'type' => '',
  'auto_start' => true,
)
[ info ] [ RUN ] app\bis\controller\Index->index[ F:\work\thinkphp\application\bis\controller\Index.php ]
[ info ] [ VIEW ] F:\work\thinkphp\public/../application/bis\view\index\index.html [ array (
) ]
[ info ] [ LOG ] INIT File

---------------------------------------------------------------
[ 2017-08-01T14:39:51+08:00 ] 127.0.0.1 127.0.0.1 GET /index.php/bis/location/index.html
[ log ] www.abc.com/index.php/bis/location/index.html [运行时间：0.105006s][吞吐率：9.52req/s] [内存消耗：2,687.16kb] [文件加载：54]
[ info ] [ LANG ] F:\work\thinkphp\thinkphp\lang\zh-cn.php
[ info ] [ ROUTE ] array (
  'type' => 'module',
  'module' => 
  array (
    0 => 'bis',
    1 => 'location',
    2 => 'index',
  ),
)
[ info ] [ HEADER ] array (
  'host' => 'www.abc.com',
  'connection' => 'keep-alive',
  'upgrade-insecure-requests' => '1',
  'user-agent' => 'Mozilla/5.0 (Windows NT 6.1; WOW64) AppleWebKit/537.36 (KHTML, like Gecko) Chrome/60.0.3112.10 Safari/537.36',
  'accept' => 'text/html,application/xhtml+xml,application/xml;q=0.9,image/webp,image/apng,*/*;q=0.8',
  'referer' => 'http://www.abc.com/index.php/bis/index/index.html',
  'accept-encoding' => 'gzip, deflate',
  'accept-language' => 'zh-CN,zh;q=0.8',
  'cookie' => 'PHPSESSID=k28olkc2q5jspb97r8nbk9ukn4',
)
[ info ] [ PARAM ] array (
)
[ info ] [ RUN ] app\bis\controller\Location->index[ F:\work\thinkphp\application\bis\controller\Location.php ]
[ info ] [ DB ] INIT mysql
[ info ] [ VIEW ] F:\work\thinkphp\public/../application/bis\view\location\index.html [ array (
  0 => 'locations',
) ]
[ info ] [ LOG ] INIT File

---------------------------------------------------------------
[ 2017-08-01T14:39:53+08:00 ] 127.0.0.1 127.0.0.1 GET /index.php/bis/location/add.html
[ log ] www.abc.com/index.php/bis/location/add.html [运行时间：0.223013s][吞吐率：4.48req/s] [内存消耗：2,735.59kb] [文件加载：56]
[ info ] [ LANG ] F:\work\thinkphp\thinkphp\lang\zh-cn.php
[ info ] [ ROUTE ] array (
  'type' => 'module',
  'module' => 
  array (
    0 => 'bis',
    1 => 'location',
    2 => 'add',
  ),
)
[ info ] [ HEADER ] array (
  'host' => 'www.abc.com',
  'connection' => 'keep-alive',
  'upgrade-insecure-requests' => '1',
  'user-agent' => 'Mozilla/5.0 (Windows NT 6.1; WOW64) AppleWebKit/537.36 (KHTML, like Gecko) Chrome/60.0.3112.10 Safari/537.36',
  'accept' => 'text/html,application/xhtml+xml,application/xml;q=0.9,image/webp,image/apng,*/*;q=0.8',
  'referer' => 'http://www.abc.com/index.php/bis/index/index.html',
  'accept-encoding' => 'gzip, deflate',
  'accept-language' => 'zh-CN,zh;q=0.8',
  'cookie' => 'PHPSESSID=k28olkc2q5jspb97r8nbk9ukn4',
)
[ info ] [ PARAM ] array (
)
[ info ] [ RUN ] app\bis\controller\Location->add[ F:\work\thinkphp\application\bis\controller\Location.php ]
[ info ] [ DB ] INIT mysql
[ info ] [ VIEW ] F:\work\thinkphp\public/../application/bis\view\location\add.html [ array (
  0 => 'citys',
  1 => 'categorys',
) ]
[ info ] [ LOG ] INIT File

---------------------------------------------------------------
[ 2017-08-01T14:39:54+08:00 ] 127.0.0.1 127.0.0.1 GET /index.php/bis/location/
[ log ] www.abc.com/index.php/bis/location/ [运行时间：0.107006s][吞吐率：9.35req/s] [内存消耗：2,686.95kb] [文件加载：54]
[ info ] [ LANG ] F:\work\thinkphp\thinkphp\lang\zh-cn.php
[ info ] [ ROUTE ] array (
  'type' => 'module',
  'module' => 
  array (
    0 => 'bis',
    1 => 'location',
    2 => NULL,
  ),
)
[ info ] [ HEADER ] array (
  'host' => 'www.abc.com',
  'connection' => 'keep-alive',
  'user-agent' => 'Mozilla/5.0 (Windows NT 6.1; WOW64) AppleWebKit/537.36 (KHTML, like Gecko) Chrome/60.0.3112.10 Safari/537.36',
  'x-requested-with' => 'ShockwaveFlash/26.0.0.137',
  'accept' => '*/*',
  'referer' => 'http://www.abc.com/index.php/bis/location/add.html',
  'accept-encoding' => 'gzip, deflate',
  'accept-language' => 'zh-CN,zh;q=0.8',
  'cookie' => 'PHPSESSID=k28olkc2q5jspb97r8nbk9ukn4',
)
[ info ] [ PARAM ] array (
)
[ info ] [ RUN ] app\bis\controller\Location->index[ F:\work\thinkphp\application\bis\controller\Location.php ]
[ info ] [ DB ] INIT mysql
[ info ] [ VIEW ] F:\work\thinkphp\public/../application/bis\view\location\index.html [ array (
  0 => 'locations',
) ]
[ info ] [ LOG ] INIT File

---------------------------------------------------------------
[ 2017-08-01T14:39:55+08:00 ] 127.0.0.1 127.0.0.1 GET /index.php/bis/deal/index.html
[ log ] www.abc.com/index.php/bis/deal/index.html [运行时间：0.108006s][吞吐率：9.26req/s] [内存消耗：1,864.25kb] [文件加载：46]
[ info ] [ LANG ] F:\work\thinkphp\thinkphp\lang\zh-cn.php
[ info ] [ ROUTE ] array (
  'type' => 'module',
  'module' => 
  array (
    0 => 'bis',
    1 => 'deal',
    2 => 'index',
  ),
)
[ info ] [ HEADER ] array (
  'host' => 'www.abc.com',
  'connection' => 'keep-alive',
  'upgrade-insecure-requests' => '1',
  'user-agent' => 'Mozilla/5.0 (Windows NT 6.1; WOW64) AppleWebKit/537.36 (KHTML, like Gecko) Chrome/60.0.3112.10 Safari/537.36',
  'accept' => 'text/html,application/xhtml+xml,application/xml;q=0.9,image/webp,image/apng,*/*;q=0.8',
  'referer' => 'http://www.abc.com/index.php/bis/index/index.html',
  'accept-encoding' => 'gzip, deflate',
  'accept-language' => 'zh-CN,zh;q=0.8',
  'cookie' => 'PHPSESSID=k28olkc2q5jspb97r8nbk9ukn4',
)
[ info ] [ PARAM ] array (
)
[ info ] [ SESSION ] INIT array (
  'id' => '',
  'var_session_id' => '',
  'prefix' => 'think',
  'type' => '',
  'auto_start' => true,
)
[ info ] [ RUN ] app\bis\controller\Deal->index[ F:\work\thinkphp\application\bis\controller\Deal.php ]
[ info ] [ LOG ] INIT File

---------------------------------------------------------------
[ 2017-08-01T14:39:58+08:00 ] 127.0.0.1 127.0.0.1 GET /index.php/bis/location/index.html
[ log ] www.abc.com/index.php/bis/location/index.html [运行时间：0.107006s][吞吐率：9.35req/s] [内存消耗：2,687.16kb] [文件加载：54]
[ info ] [ LANG ] F:\work\thinkphp\thinkphp\lang\zh-cn.php
[ info ] [ ROUTE ] array (
  'type' => 'module',
  'module' => 
  array (
    0 => 'bis',
    1 => 'location',
    2 => 'index',
  ),
)
[ info ] [ HEADER ] array (
  'host' => 'www.abc.com',
  'connection' => 'keep-alive',
  'upgrade-insecure-requests' => '1',
  'user-agent' => 'Mozilla/5.0 (Windows NT 6.1; WOW64) AppleWebKit/537.36 (KHTML, like Gecko) Chrome/60.0.3112.10 Safari/537.36',
  'accept' => 'text/html,application/xhtml+xml,application/xml;q=0.9,image/webp,image/apng,*/*;q=0.8',
  'referer' => 'http://www.abc.com/index.php/bis/index/index.html',
  'accept-encoding' => 'gzip, deflate',
  'accept-language' => 'zh-CN,zh;q=0.8',
  'cookie' => 'PHPSESSID=k28olkc2q5jspb97r8nbk9ukn4',
)
[ info ] [ PARAM ] array (
)
[ info ] [ RUN ] app\bis\controller\Location->index[ F:\work\thinkphp\application\bis\controller\Location.php ]
[ info ] [ DB ] INIT mysql
[ info ] [ VIEW ] F:\work\thinkphp\public/../application/bis\view\location\index.html [ array (
  0 => 'locations',
) ]
[ info ] [ LOG ] INIT File

---------------------------------------------------------------
[ 2017-08-01T14:46:15+08:00 ] 127.0.0.1 127.0.0.1 GET /index.php/admin/bis/apply.html
[ log ] www.abc.com/index.php/admin/bis/apply.html [运行时间：0.157009s][吞吐率：6.37req/s] [内存消耗：2,714.86kb] [文件加载：57]
[ info ] [ LANG ] F:\work\thinkphp\thinkphp\lang\zh-cn.php
[ info ] [ ROUTE ] array (
  'type' => 'module',
  'module' => 
  array (
    0 => 'admin',
    1 => 'bis',
    2 => 'apply',
  ),
)
[ info ] [ HEADER ] array (
  'host' => 'www.abc.com',
  'connection' => 'keep-alive',
  'upgrade-insecure-requests' => '1',
  'user-agent' => 'Mozilla/5.0 (Windows NT 6.1; WOW64) AppleWebKit/537.36 (KHTML, like Gecko) Chrome/60.0.3112.10 Safari/537.36',
  'accept' => 'text/html,application/xhtml+xml,application/xml;q=0.9,image/webp,image/apng,*/*;q=0.8',
  'referer' => 'http://www.abc.com/index.php/admin',
  'accept-encoding' => 'gzip, deflate',
  'accept-language' => 'zh-CN,zh;q=0.8',
  'cookie' => 'PHPSESSID=k28olkc2q5jspb97r8nbk9ukn4',
)
[ info ] [ PARAM ] array (
)
[ info ] [ RUN ] app\admin\controller\Bis->apply[ F:\work\thinkphp\application\admin\controller\Bis.php ]
[ info ] [ DB ] INIT mysql
[ info ] [ VIEW ] F:\work\thinkphp\public/../application/admin\view\bis\apply.html [ array (
  0 => 'bis',
) ]
[ info ] [ LOG ] INIT File

---------------------------------------------------------------
[ 2017-08-01T14:46:16+08:00 ] 127.0.0.1 127.0.0.1 GET /index.php/admin/bis/apply.html
[ log ] www.abc.com/index.php/admin/bis/apply.html [运行时间：0.106006s][吞吐率：9.43req/s] [内存消耗：2,714.86kb] [文件加载：57]
[ info ] [ LANG ] F:\work\thinkphp\thinkphp\lang\zh-cn.php
[ info ] [ ROUTE ] array (
  'type' => 'module',
  'module' => 
  array (
    0 => 'admin',
    1 => 'bis',
    2 => 'apply',
  ),
)
[ info ] [ HEADER ] array (
  'host' => 'www.abc.com',
  'connection' => 'keep-alive',
  'upgrade-insecure-requests' => '1',
  'user-agent' => 'Mozilla/5.0 (Windows NT 6.1; WOW64) AppleWebKit/537.36 (KHTML, like Gecko) Chrome/60.0.3112.10 Safari/537.36',
  'accept' => 'text/html,application/xhtml+xml,application/xml;q=0.9,image/webp,image/apng,*/*;q=0.8',
  'referer' => 'http://www.abc.com/index.php/admin',
  'accept-encoding' => 'gzip, deflate',
  'accept-language' => 'zh-CN,zh;q=0.8',
  'cookie' => 'PHPSESSID=k28olkc2q5jspb97r8nbk9ukn4',
)
[ info ] [ PARAM ] array (
)
[ info ] [ RUN ] app\admin\controller\Bis->apply[ F:\work\thinkphp\application\admin\controller\Bis.php ]
[ info ] [ DB ] INIT mysql
[ info ] [ VIEW ] F:\work\thinkphp\public/../application/admin\view\bis\apply.html [ array (
  0 => 'bis',
) ]
[ info ] [ LOG ] INIT File

---------------------------------------------------------------
[ 2017-08-01T14:46:17+08:00 ] 127.0.0.1 127.0.0.1 GET /index.php/admin/bis/apply.html
[ log ] www.abc.com/index.php/admin/bis/apply.html [运行时间：0.099005s][吞吐率：10.10req/s] [内存消耗：2,714.86kb] [文件加载：57]
[ info ] [ LANG ] F:\work\thinkphp\thinkphp\lang\zh-cn.php
[ info ] [ ROUTE ] array (
  'type' => 'module',
  'module' => 
  array (
    0 => 'admin',
    1 => 'bis',
    2 => 'apply',
  ),
)
[ info ] [ HEADER ] array (
  'host' => 'www.abc.com',
  'connection' => 'keep-alive',
  'upgrade-insecure-requests' => '1',
  'user-agent' => 'Mozilla/5.0 (Windows NT 6.1; WOW64) AppleWebKit/537.36 (KHTML, like Gecko) Chrome/60.0.3112.10 Safari/537.36',
  'accept' => 'text/html,application/xhtml+xml,application/xml;q=0.9,image/webp,image/apng,*/*;q=0.8',
  'referer' => 'http://www.abc.com/index.php/admin',
  'accept-encoding' => 'gzip, deflate',
  'accept-language' => 'zh-CN,zh;q=0.8',
  'cookie' => 'PHPSESSID=k28olkc2q5jspb97r8nbk9ukn4',
)
[ info ] [ PARAM ] array (
)
[ info ] [ RUN ] app\admin\controller\Bis->apply[ F:\work\thinkphp\application\admin\controller\Bis.php ]
[ info ] [ DB ] INIT mysql
[ info ] [ VIEW ] F:\work\thinkphp\public/../application/admin\view\bis\apply.html [ array (
  0 => 'bis',
) ]
[ info ] [ LOG ] INIT File

---------------------------------------------------------------
[ 2017-08-01T14:46:19+08:00 ] 127.0.0.1 127.0.0.1 GET /index.php/admin/deal/apply.html
[ log ] www.abc.com/index.php/admin/deal/apply.html [运行时间：0.281016s][吞吐率：3.56req/s] [内存消耗：2,926.27kb] [文件加载：61]
[ info ] [ LANG ] F:\work\thinkphp\thinkphp\lang\zh-cn.php
[ info ] [ ROUTE ] array (
  'type' => 'module',
  'module' => 
  array (
    0 => 'admin',
    1 => 'deal',
    2 => 'apply',
  ),
)
[ info ] [ HEADER ] array (
  'host' => 'www.abc.com',
  'connection' => 'keep-alive',
  'upgrade-insecure-requests' => '1',
  'user-agent' => 'Mozilla/5.0 (Windows NT 6.1; WOW64) AppleWebKit/537.36 (KHTML, like Gecko) Chrome/60.0.3112.10 Safari/537.36',
  'accept' => 'text/html,application/xhtml+xml,application/xml;q=0.9,image/webp,image/apng,*/*;q=0.8',
  'referer' => 'http://www.abc.com/index.php/admin',
  'accept-encoding' => 'gzip, deflate',
  'accept-language' => 'zh-CN,zh;q=0.8',
  'cookie' => 'PHPSESSID=k28olkc2q5jspb97r8nbk9ukn4',
)
[ info ] [ PARAM ] array (
)
[ info ] [ RUN ] app\admin\controller\Deal->apply[ F:\work\thinkphp\application\admin\controller\Deal.php ]
[ info ] [ DB ] INIT mysql
[ info ] [ VIEW ] F:\work\thinkphp\public/../application/admin\view\deal\apply.html [ array (
  0 => 'categorys',
  1 => 'citys',
  2 => 'deals',
  3 => 'category_id',
  4 => 'city_id',
  5 => 'start_time',
  6 => 'end_time',
  7 => 'name',
  8 => 'categoryArrs',
  9 => 'cityArrs',
) ]
[ info ] [ LOG ] INIT File

---------------------------------------------------------------
[ 2017-08-01T14:46:20+08:00 ] 127.0.0.1 127.0.0.1 GET /index.php/admin/deal/index.html
[ log ] www.abc.com/index.php/admin/deal/index.html [运行时间：0.188011s][吞吐率：5.32req/s] [内存消耗：2,926.28kb] [文件加载：61]
[ info ] [ LANG ] F:\work\thinkphp\thinkphp\lang\zh-cn.php
[ info ] [ ROUTE ] array (
  'type' => 'module',
  'module' => 
  array (
    0 => 'admin',
    1 => 'deal',
    2 => 'index',
  ),
)
[ info ] [ HEADER ] array (
  'host' => 'www.abc.com',
  'connection' => 'keep-alive',
  'upgrade-insecure-requests' => '1',
  'user-agent' => 'Mozilla/5.0 (Windows NT 6.1; WOW64) AppleWebKit/537.36 (KHTML, like Gecko) Chrome/60.0.3112.10 Safari/537.36',
  'accept' => 'text/html,application/xhtml+xml,application/xml;q=0.9,image/webp,image/apng,*/*;q=0.8',
  'referer' => 'http://www.abc.com/index.php/admin',
  'accept-encoding' => 'gzip, deflate',
  'accept-language' => 'zh-CN,zh;q=0.8',
  'cookie' => 'PHPSESSID=k28olkc2q5jspb97r8nbk9ukn4',
)
[ info ] [ PARAM ] array (
)
[ info ] [ RUN ] app\admin\controller\Deal->index[ F:\work\thinkphp\application\admin\controller\Deal.php ]
[ info ] [ DB ] INIT mysql
[ info ] [ VIEW ] F:\work\thinkphp\public/../application/admin\view\deal\index.html [ array (
  0 => 'categorys',
  1 => 'citys',
  2 => 'deals',
  3 => 'category_id',
  4 => 'city_id',
  5 => 'start_time',
  6 => 'end_time',
  7 => 'name',
  8 => 'categoryArrs',
  9 => 'cityArrs',
) ]
[ info ] [ LOG ] INIT File

---------------------------------------------------------------
[ 2017-08-01T14:46:21+08:00 ] 127.0.0.1 127.0.0.1 GET /index.php/admin/deal/apply.html
[ log ] www.abc.com/index.php/admin/deal/apply.html [运行时间：0.175010s][吞吐率：5.71req/s] [内存消耗：2,926.27kb] [文件加载：61]
[ info ] [ LANG ] F:\work\thinkphp\thinkphp\lang\zh-cn.php
[ info ] [ ROUTE ] array (
  'type' => 'module',
  'module' => 
  array (
    0 => 'admin',
    1 => 'deal',
    2 => 'apply',
  ),
)
[ info ] [ HEADER ] array (
  'host' => 'www.abc.com',
  'connection' => 'keep-alive',
  'upgrade-insecure-requests' => '1',
  'user-agent' => 'Mozilla/5.0 (Windows NT 6.1; WOW64) AppleWebKit/537.36 (KHTML, like Gecko) Chrome/60.0.3112.10 Safari/537.36',
  'accept' => 'text/html,application/xhtml+xml,application/xml;q=0.9,image/webp,image/apng,*/*;q=0.8',
  'referer' => 'http://www.abc.com/index.php/admin',
  'accept-encoding' => 'gzip, deflate',
  'accept-language' => 'zh-CN,zh;q=0.8',
  'cookie' => 'PHPSESSID=k28olkc2q5jspb97r8nbk9ukn4',
)
[ info ] [ PARAM ] array (
)
[ info ] [ RUN ] app\admin\controller\Deal->apply[ F:\work\thinkphp\application\admin\controller\Deal.php ]
[ info ] [ DB ] INIT mysql
[ info ] [ VIEW ] F:\work\thinkphp\public/../application/admin\view\deal\apply.html [ array (
  0 => 'categorys',
  1 => 'citys',
  2 => 'deals',
  3 => 'category_id',
  4 => 'city_id',
  5 => 'start_time',
  6 => 'end_time',
  7 => 'name',
  8 => 'categoryArrs',
  9 => 'cityArrs',
) ]
[ info ] [ LOG ] INIT File

---------------------------------------------------------------
[ 2017-08-01T14:46:24+08:00 ] 127.0.0.1 127.0.0.1 GET /index.php/admin/bis/index.html
[ log ] www.abc.com/index.php/admin/bis/index.html [运行时间：0.119007s][吞吐率：8.40req/s] [内存消耗：2,788.74kb] [文件加载：58]
[ info ] [ LANG ] F:\work\thinkphp\thinkphp\lang\zh-cn.php
[ info ] [ ROUTE ] array (
  'type' => 'module',
  'module' => 
  array (
    0 => 'admin',
    1 => 'bis',
    2 => 'index',
  ),
)
[ info ] [ HEADER ] array (
  'host' => 'www.abc.com',
  'connection' => 'keep-alive',
  'upgrade-insecure-requests' => '1',
  'user-agent' => 'Mozilla/5.0 (Windows NT 6.1; WOW64) AppleWebKit/537.36 (KHTML, like Gecko) Chrome/60.0.3112.10 Safari/537.36',
  'accept' => 'text/html,application/xhtml+xml,application/xml;q=0.9,image/webp,image/apng,*/*;q=0.8',
  'referer' => 'http://www.abc.com/index.php/admin',
  'accept-encoding' => 'gzip, deflate',
  'accept-language' => 'zh-CN,zh;q=0.8',
  'cookie' => 'PHPSESSID=k28olkc2q5jspb97r8nbk9ukn4',
)
[ info ] [ PARAM ] array (
)
[ info ] [ RUN ] app\admin\controller\Bis->index[ F:\work\thinkphp\application\admin\controller\Bis.php ]
[ info ] [ DB ] INIT mysql
[ info ] [ VIEW ] F:\work\thinkphp\public/../application/admin\view\bis\index.html [ array (
  0 => 'bis',
) ]
[ info ] [ LOG ] INIT File

---------------------------------------------------------------
[ 2017-08-01T14:46:33+08:00 ] 127.0.0.1 127.0.0.1 GET /index.php/admin/bis/detail.html?id=3
[ log ] www.abc.com/index.php/admin/bis/detail.html?id=3 [运行时间：0.442025s][吞吐率：2.26req/s] [内存消耗：2,814.64kb] [文件加载：58]
[ info ] [ LANG ] F:\work\thinkphp\thinkphp\lang\zh-cn.php
[ info ] [ ROUTE ] array (
  'type' => 'module',
  'module' => 
  array (
    0 => 'admin',
    1 => 'bis',
    2 => 'detail',
  ),
)
[ info ] [ HEADER ] array (
  'host' => 'www.abc.com',
  'connection' => 'keep-alive',
  'upgrade-insecure-requests' => '1',
  'user-agent' => 'Mozilla/5.0 (Windows NT 6.1; WOW64) AppleWebKit/537.36 (KHTML, like Gecko) Chrome/60.0.3112.10 Safari/537.36',
  'accept' => 'text/html,application/xhtml+xml,application/xml;q=0.9,image/webp,image/apng,*/*;q=0.8',
  'referer' => 'http://www.abc.com/index.php/admin/bis/index.html',
  'accept-encoding' => 'gzip, deflate',
  'accept-language' => 'zh-CN,zh;q=0.8',
  'cookie' => 'PHPSESSID=k28olkc2q5jspb97r8nbk9ukn4',
)
[ info ] [ PARAM ] array (
  'id' => '3',
)
[ info ] [ RUN ] app\admin\controller\Bis->detail[ F:\work\thinkphp\application\admin\controller\Bis.php ]
[ info ] [ DB ] INIT mysql
[ info ] [ VIEW ] F:\work\thinkphp\public/../application/admin\view\bis\detail.html [ array (
  0 => 'citys',
  1 => 'categorys',
  2 => 'bisData',
  3 => 'locationData',
  4 => 'accountData',
) ]
[ info ] [ LOG ] INIT File

---------------------------------------------------------------
[ 2017-08-01T14:46:41+08:00 ] 127.0.0.1 127.0.0.1 GET /index.php/admin/city/index.html
[ log ] www.abc.com/index.php/admin/city/index.html [运行时间：0.104006s][吞吐率：9.61req/s] [内存消耗：2,628.66kb] [文件加载：53]
[ info ] [ LANG ] F:\work\thinkphp\thinkphp\lang\zh-cn.php
[ info ] [ ROUTE ] array (
  'type' => 'module',
  'module' => 
  array (
    0 => 'admin',
    1 => 'city',
    2 => 'index',
  ),
)
[ info ] [ HEADER ] array (
  'host' => 'www.abc.com',
  'connection' => 'keep-alive',
  'upgrade-insecure-requests' => '1',
  'user-agent' => 'Mozilla/5.0 (Windows NT 6.1; WOW64) AppleWebKit/537.36 (KHTML, like Gecko) Chrome/60.0.3112.10 Safari/537.36',
  'accept' => 'text/html,application/xhtml+xml,application/xml;q=0.9,image/webp,image/apng,*/*;q=0.8',
  'referer' => 'http://www.abc.com/index.php/admin',
  'accept-encoding' => 'gzip, deflate',
  'accept-language' => 'zh-CN,zh;q=0.8',
  'cookie' => 'PHPSESSID=k28olkc2q5jspb97r8nbk9ukn4',
)
[ info ] [ PARAM ] array (
)
[ info ] [ DB ] INIT mysql
[ info ] [ RUN ] app\admin\controller\City->index[ F:\work\thinkphp\application\admin\controller\City.php ]
[ info ] [ VIEW ] F:\work\thinkphp\public/../application/admin\view\city\index.html [ array (
  0 => 'citys',
) ]
[ info ] [ LOG ] INIT File

---------------------------------------------------------------
