[ 2017-08-08T15:34:04+08:00 ] 127.0.0.1 127.0.0.1 GET /index.php/bis/index/index.html
[ log ] www.abc.com/index.php/bis/index/index.html [运行时间：0.194011s][吞吐率：5.15req/s] [内存消耗：1,676.83kb] [文件加载：46]
[ info ] [ LANG ] F:\work\thinkphp\thinkphp\lang\zh-cn.php
[ info ] [ ROUTE ] array (
  'type' => 'module',
  'module' => 
  array (
    0 => 'bis',
    1 => 'index',
    2 => 'index',
  ),
)
[ info ] [ HEADER ] array (
  'host' => 'www.abc.com',
  'connection' => 'keep-alive',
  'upgrade-insecure-requests' => '1',
  'user-agent' => 'Mozilla/5.0 (Windows NT 6.1; WOW64) AppleWebKit/537.36 (KHTML, like Gecko) Chrome/60.0.3112.10 Safari/537.36',
  'accept' => 'text/html,application/xhtml+xml,application/xml;q=0.9,image/webp,image/apng,*/*;q=0.8',
  'accept-encoding' => 'gzip, deflate',
  'accept-language' => 'zh-CN,zh;q=0.8',
  'cookie' => 'Huiskin=blue',
)
[ info ] [ PARAM ] array (
)
[ info ] [ SESSION ] INIT array (
  'id' => '',
  'var_session_id' => '',
  'prefix' => 'think',
  'type' => '',
  'auto_start' => true,
)
[ info ] [ LOG ] INIT File

---------------------------------------------------------------
[ 2017-08-08T15:34:04+08:00 ] 127.0.0.1 127.0.0.1 GET /index.php/bis/login/index.html
[ log ] www.abc.com/index.php/bis/login/index.html [运行时间：0.133008s][吞吐率：7.52req/s] [内存消耗：1,656.09kb] [文件加载：44]
[ info ] [ LANG ] F:\work\thinkphp\thinkphp\lang\zh-cn.php
[ info ] [ ROUTE ] array (
  'type' => 'module',
  'module' => 
  array (
    0 => 'bis',
    1 => 'login',
    2 => 'index',
  ),
)
[ info ] [ HEADER ] array (
  'host' => 'www.abc.com',
  'connection' => 'keep-alive',
  'upgrade-insecure-requests' => '1',
  'user-agent' => 'Mozilla/5.0 (Windows NT 6.1; WOW64) AppleWebKit/537.36 (KHTML, like Gecko) Chrome/60.0.3112.10 Safari/537.36',
  'accept' => 'text/html,application/xhtml+xml,application/xml;q=0.9,image/webp,image/apng,*/*;q=0.8',
  'accept-encoding' => 'gzip, deflate',
  'accept-language' => 'zh-CN,zh;q=0.8',
  'cookie' => 'Huiskin=blue; PHPSESSID=6k1voe034n8dk4pon804f2dig2',
)
[ info ] [ PARAM ] array (
)
[ info ] [ RUN ] app\bis\controller\Login->index[ F:\work\thinkphp\application\bis\controller\Login.php ]
[ info ] [ SESSION ] INIT array (
  'id' => '',
  'var_session_id' => '',
  'prefix' => 'think',
  'type' => '',
  'auto_start' => true,
)
[ info ] [ VIEW ] F:\work\thinkphp\public/../application/bis\view\login\index.html [ array (
) ]
[ info ] [ LOG ] INIT File

---------------------------------------------------------------
[ 2017-08-08T15:34:09+08:00 ] 127.0.0.1 127.0.0.1 POST /index.php/bis/login/index.html
[ log ] www.abc.com/index.php/bis/login/index.html [运行时间：0.454026s][吞吐率：2.20req/s] [内存消耗：2,749.31kb] [文件加载：58]
[ info ] [ LANG ] F:\work\thinkphp\thinkphp\lang\zh-cn.php
[ info ] [ ROUTE ] array (
  'type' => 'module',
  'module' => 
  array (
    0 => 'bis',
    1 => 'login',
    2 => 'index',
  ),
)
[ info ] [ HEADER ] array (
  'host' => 'www.abc.com',
  'connection' => 'keep-alive',
  'content-length' => '25',
  'cache-control' => 'max-age=0',
  'origin' => 'http://www.abc.com',
  'upgrade-insecure-requests' => '1',
  'user-agent' => 'Mozilla/5.0 (Windows NT 6.1; WOW64) AppleWebKit/537.36 (KHTML, like Gecko) Chrome/60.0.3112.10 Safari/537.36',
  'content-type' => 'application/x-www-form-urlencoded',
  'accept' => 'text/html,application/xhtml+xml,application/xml;q=0.9,image/webp,image/apng,*/*;q=0.8',
  'referer' => 'http://www.abc.com/index.php/bis/login/index.html',
  'accept-encoding' => 'gzip, deflate',
  'accept-language' => 'zh-CN,zh;q=0.8',
  'cookie' => 'Huiskin=blue; PHPSESSID=6k1voe034n8dk4pon804f2dig2',
)
[ info ] [ PARAM ] array (
  'username' => 'ce2',
  'password' => '123',
)
[ info ] [ RUN ] app\bis\controller\Login->index[ F:\work\thinkphp\application\bis\controller\Login.php ]
[ info ] [ DB ] INIT mysql
[ info ] [ CACHE ] INIT File
[ info ] [ SESSION ] INIT array (
  'id' => '',
  'var_session_id' => '',
  'prefix' => 'think',
  'type' => '',
  'auto_start' => true,
)
[ info ] [ VIEW ] F:\work\thinkphp\thinkphp\tpl\dispatch_jump.tpl [ array (
  0 => 'code',
  1 => 'msg',
  2 => 'data',
  3 => 'url',
  4 => 'wait',
) ]
[ info ] [ LOG ] INIT File

---------------------------------------------------------------
[ 2017-08-08T15:34:11+08:00 ] 127.0.0.1 127.0.0.1 GET /index.php/bis/index/index.html
[ log ] www.abc.com/index.php/bis/index/index.html [运行时间：0.078004s][吞吐率：12.82req/s] [内存消耗：1,922.08kb] [文件加载：48]
[ info ] [ LANG ] F:\work\thinkphp\thinkphp\lang\zh-cn.php
[ info ] [ ROUTE ] array (
  'type' => 'module',
  'module' => 
  array (
    0 => 'bis',
    1 => 'index',
    2 => 'index',
  ),
)
[ info ] [ HEADER ] array (
  'host' => 'www.abc.com',
  'connection' => 'keep-alive',
  'upgrade-insecure-requests' => '1',
  'user-agent' => 'Mozilla/5.0 (Windows NT 6.1; WOW64) AppleWebKit/537.36 (KHTML, like Gecko) Chrome/60.0.3112.10 Safari/537.36',
  'accept' => 'text/html,application/xhtml+xml,application/xml;q=0.9,image/webp,image/apng,*/*;q=0.8',
  'referer' => 'http://www.abc.com/index.php/bis/login/index.html',
  'accept-encoding' => 'gzip, deflate',
  'accept-language' => 'zh-CN,zh;q=0.8',
  'cookie' => 'Huiskin=blue; PHPSESSID=6k1voe034n8dk4pon804f2dig2',
)
[ info ] [ PARAM ] array (
)
[ info ] [ SESSION ] INIT array (
  'id' => '',
  'var_session_id' => '',
  'prefix' => 'think',
  'type' => '',
  'auto_start' => true,
)
[ info ] [ RUN ] app\bis\controller\Index->index[ F:\work\thinkphp\application\bis\controller\Index.php ]
[ info ] [ VIEW ] F:\work\thinkphp\public/../application/bis\view\index\index.html [ array (
) ]
[ info ] [ LOG ] INIT File

---------------------------------------------------------------
[ 2017-08-08T15:34:13+08:00 ] 127.0.0.1 127.0.0.1 GET /index.php/bis/location/add.html
[ log ] www.abc.com/index.php/bis/location/add.html [运行时间：0.316019s][吞吐率：3.16req/s] [内存消耗：2,739.92kb] [文件加载：56]
[ info ] [ LANG ] F:\work\thinkphp\thinkphp\lang\zh-cn.php
[ info ] [ ROUTE ] array (
  'type' => 'module',
  'module' => 
  array (
    0 => 'bis',
    1 => 'location',
    2 => 'add',
  ),
)
[ info ] [ HEADER ] array (
  'host' => 'www.abc.com',
  'connection' => 'keep-alive',
  'upgrade-insecure-requests' => '1',
  'user-agent' => 'Mozilla/5.0 (Windows NT 6.1; WOW64) AppleWebKit/537.36 (KHTML, like Gecko) Chrome/60.0.3112.10 Safari/537.36',
  'accept' => 'text/html,application/xhtml+xml,application/xml;q=0.9,image/webp,image/apng,*/*;q=0.8',
  'referer' => 'http://www.abc.com/index.php/bis/index/index.html',
  'accept-encoding' => 'gzip, deflate',
  'accept-language' => 'zh-CN,zh;q=0.8',
  'cookie' => 'Huiskin=blue; PHPSESSID=6k1voe034n8dk4pon804f2dig2',
)
[ info ] [ PARAM ] array (
)
[ info ] [ RUN ] app\bis\controller\Location->add[ F:\work\thinkphp\application\bis\controller\Location.php ]
[ info ] [ DB ] INIT mysql
[ info ] [ VIEW ] F:\work\thinkphp\public/../application/bis\view\location\add.html [ array (
  0 => 'citys',
  1 => 'categorys',
) ]
[ info ] [ LOG ] INIT File

---------------------------------------------------------------
[ 2017-08-08T15:34:15+08:00 ] 127.0.0.1 127.0.0.1 GET /index.php/bis/location/index.html
[ log ] www.abc.com/index.php/bis/location/index.html [运行时间：0.251014s][吞吐率：3.98req/s] [内存消耗：2,691.47kb] [文件加载：54]
[ info ] [ LANG ] F:\work\thinkphp\thinkphp\lang\zh-cn.php
[ info ] [ ROUTE ] array (
  'type' => 'module',
  'module' => 
  array (
    0 => 'bis',
    1 => 'location',
    2 => 'index',
  ),
)
[ info ] [ HEADER ] array (
  'host' => 'www.abc.com',
  'connection' => 'keep-alive',
  'upgrade-insecure-requests' => '1',
  'user-agent' => 'Mozilla/5.0 (Windows NT 6.1; WOW64) AppleWebKit/537.36 (KHTML, like Gecko) Chrome/60.0.3112.10 Safari/537.36',
  'accept' => 'text/html,application/xhtml+xml,application/xml;q=0.9,image/webp,image/apng,*/*;q=0.8',
  'referer' => 'http://www.abc.com/index.php/bis/index/index.html',
  'accept-encoding' => 'gzip, deflate',
  'accept-language' => 'zh-CN,zh;q=0.8',
  'cookie' => 'Huiskin=blue; PHPSESSID=6k1voe034n8dk4pon804f2dig2',
)
[ info ] [ PARAM ] array (
)
[ info ] [ RUN ] app\bis\controller\Location->index[ F:\work\thinkphp\application\bis\controller\Location.php ]
[ info ] [ DB ] INIT mysql
[ info ] [ VIEW ] F:\work\thinkphp\public/../application/bis\view\location\index.html [ array (
  0 => 'locations',
) ]
[ info ] [ LOG ] INIT File

---------------------------------------------------------------
[ 2017-08-08T15:34:15+08:00 ] 127.0.0.1 127.0.0.1 GET /index.php/bis/location/
[ log ] www.abc.com/index.php/bis/location/ [运行时间：0.154009s][吞吐率：6.49req/s] [内存消耗：2,691.20kb] [文件加载：54]
[ info ] [ LANG ] F:\work\thinkphp\thinkphp\lang\zh-cn.php
[ info ] [ ROUTE ] array (
  'type' => 'module',
  'module' => 
  array (
    0 => 'bis',
    1 => 'location',
    2 => NULL,
  ),
)
[ info ] [ HEADER ] array (
  'host' => 'www.abc.com',
  'connection' => 'keep-alive',
  'user-agent' => 'Mozilla/5.0 (Windows NT 6.1; WOW64) AppleWebKit/537.36 (KHTML, like Gecko) Chrome/60.0.3112.10 Safari/537.36',
  'x-requested-with' => 'ShockwaveFlash/26.0.0.137',
  'accept' => '*/*',
  'referer' => 'http://www.abc.com/index.php/bis/location/add.html',
  'accept-encoding' => 'gzip, deflate',
  'accept-language' => 'zh-CN,zh;q=0.8',
  'cookie' => 'Huiskin=blue; PHPSESSID=6k1voe034n8dk4pon804f2dig2',
)
[ info ] [ PARAM ] array (
)
[ info ] [ RUN ] app\bis\controller\Location->index[ F:\work\thinkphp\application\bis\controller\Location.php ]
[ info ] [ DB ] INIT mysql
[ info ] [ VIEW ] F:\work\thinkphp\public/../application/bis\view\location\index.html [ array (
  0 => 'locations',
) ]
[ info ] [ LOG ] INIT File

---------------------------------------------------------------
[ 2017-08-08T15:34:18+08:00 ] 127.0.0.1 127.0.0.1 GET /index.php/bis/deal/add.html
[ log ] www.abc.com/index.php/bis/deal/add.html [运行时间：0.240013s][吞吐率：4.17req/s] [内存消耗：2,794.98kb] [文件加载：58]
[ info ] [ LANG ] F:\work\thinkphp\thinkphp\lang\zh-cn.php
[ info ] [ ROUTE ] array (
  'type' => 'module',
  'module' => 
  array (
    0 => 'bis',
    1 => 'deal',
    2 => 'add',
  ),
)
[ info ] [ HEADER ] array (
  'host' => 'www.abc.com',
  'connection' => 'keep-alive',
  'upgrade-insecure-requests' => '1',
  'user-agent' => 'Mozilla/5.0 (Windows NT 6.1; WOW64) AppleWebKit/537.36 (KHTML, like Gecko) Chrome/60.0.3112.10 Safari/537.36',
  'accept' => 'text/html,application/xhtml+xml,application/xml;q=0.9,image/webp,image/apng,*/*;q=0.8',
  'referer' => 'http://www.abc.com/index.php/bis/index/index.html',
  'accept-encoding' => 'gzip, deflate',
  'accept-language' => 'zh-CN,zh;q=0.8',
  'cookie' => 'Huiskin=blue; PHPSESSID=6k1voe034n8dk4pon804f2dig2',
)
[ info ] [ PARAM ] array (
)
[ info ] [ SESSION ] INIT array (
  'id' => '',
  'var_session_id' => '',
  'prefix' => 'think',
  'type' => '',
  'auto_start' => true,
)
[ info ] [ RUN ] app\bis\controller\Deal->add[ F:\work\thinkphp\application\bis\controller\Deal.php ]
[ info ] [ DB ] INIT mysql
[ info ] [ VIEW ] F:\work\thinkphp\public/../application/bis\view\deal\add.html [ array (
  0 => 'citys',
  1 => 'categorys',
  2 => 'bislocations',
) ]
[ info ] [ LOG ] INIT File

---------------------------------------------------------------
[ 2017-08-08T15:34:19+08:00 ] 127.0.0.1 127.0.0.1 GET /index.php/bis/deal/
[ log ] www.abc.com/index.php/bis/deal/ [运行时间：0.196005s][吞吐率：5.10req/s] [内存消耗：2,724.23kb] [文件加载：56]
[ info ] [ LANG ] F:\work\thinkphp\thinkphp\lang\zh-cn.php
[ info ] [ ROUTE ] array (
  'type' => 'module',
  'module' => 
  array (
    0 => 'bis',
    1 => 'deal',
    2 => NULL,
  ),
)
[ info ] [ HEADER ] array (
  'host' => 'www.abc.com',
  'connection' => 'keep-alive',
  'user-agent' => 'Mozilla/5.0 (Windows NT 6.1; WOW64) AppleWebKit/537.36 (KHTML, like Gecko) Chrome/60.0.3112.10 Safari/537.36',
  'x-requested-with' => 'ShockwaveFlash/26.0.0.137',
  'accept' => '*/*',
  'referer' => 'http://www.abc.com/index.php/bis/deal/add.html',
  'accept-encoding' => 'gzip, deflate',
  'accept-language' => 'zh-CN,zh;q=0.8',
  'cookie' => 'Huiskin=blue; PHPSESSID=6k1voe034n8dk4pon804f2dig2',
)
[ info ] [ PARAM ] array (
)
[ info ] [ SESSION ] INIT array (
  'id' => '',
  'var_session_id' => '',
  'prefix' => 'think',
  'type' => '',
  'auto_start' => true,
)
[ info ] [ RUN ] app\bis\controller\Deal->index[ F:\work\thinkphp\application\bis\controller\Deal.php ]
[ info ] [ DB ] INIT mysql
[ info ] [ VIEW ] F:\work\thinkphp\public/../application/bis\view\deal\index.html [ array (
  0 => 'deals',
) ]
[ info ] [ LOG ] INIT File

---------------------------------------------------------------
[ 2017-08-08T15:34:39+08:00 ] 127.0.0.1 127.0.0.1 GET /index.php/admin
[ log ] www.abc.com/index.php/admin [运行时间：0.077005s][吞吐率：12.99req/s] [内存消耗：1,648.66kb] [文件加载：44]
[ info ] [ LANG ] F:\work\thinkphp\thinkphp\lang\zh-cn.php
[ info ] [ ROUTE ] array (
  'type' => 'module',
  'module' => 
  array (
    0 => 'admin',
    1 => NULL,
    2 => NULL,
  ),
)
[ info ] [ HEADER ] array (
  'host' => 'www.abc.com',
  'connection' => 'keep-alive',
  'upgrade-insecure-requests' => '1',
  'user-agent' => 'Mozilla/5.0 (Windows NT 6.1; WOW64) AppleWebKit/537.36 (KHTML, like Gecko) Chrome/60.0.3112.10 Safari/537.36',
  'accept' => 'text/html,application/xhtml+xml,application/xml;q=0.9,image/webp,image/apng,*/*;q=0.8',
  'accept-encoding' => 'gzip, deflate',
  'accept-language' => 'zh-CN,zh;q=0.8',
  'cookie' => 'Huiskin=blue; PHPSESSID=6k1voe034n8dk4pon804f2dig2',
)
[ info ] [ PARAM ] array (
)
[ info ] [ RUN ] app\admin\controller\Index->index[ F:\work\thinkphp\application\admin\controller\Index.php ]
[ info ] [ VIEW ] F:\work\thinkphp\public/../application/admin\view\index\index.html [ array (
) ]
[ info ] [ LOG ] INIT File

---------------------------------------------------------------
[ 2017-08-08T15:34:39+08:00 ] 127.0.0.1 127.0.0.1 GET /index.php/admin/index/welcome.html
[ log ] www.abc.com/index.php/admin/index/welcome.html [运行时间：0.064004s][吞吐率：15.62req/s] [内存消耗：1,578.80kb] [文件加载：42]
[ info ] [ LANG ] F:\work\thinkphp\thinkphp\lang\zh-cn.php
[ info ] [ ROUTE ] array (
  'type' => 'module',
  'module' => 
  array (
    0 => 'admin',
    1 => 'index',
    2 => 'welcome',
  ),
)
[ info ] [ HEADER ] array (
  'host' => 'www.abc.com',
  'connection' => 'keep-alive',
  'upgrade-insecure-requests' => '1',
  'user-agent' => 'Mozilla/5.0 (Windows NT 6.1; WOW64) AppleWebKit/537.36 (KHTML, like Gecko) Chrome/60.0.3112.10 Safari/537.36',
  'accept' => 'text/html,application/xhtml+xml,application/xml;q=0.9,image/webp,image/apng,*/*;q=0.8',
  'referer' => 'http://www.abc.com/index.php/admin',
  'accept-encoding' => 'gzip, deflate',
  'accept-language' => 'zh-CN,zh;q=0.8',
  'cookie' => 'Huiskin=blue; PHPSESSID=6k1voe034n8dk4pon804f2dig2',
)
[ info ] [ PARAM ] array (
)
[ info ] [ RUN ] app\admin\controller\Index->welcome[ F:\work\thinkphp\application\admin\controller\Index.php ]
[ info ] [ LOG ] INIT File

---------------------------------------------------------------
[ 2017-08-08T15:34:41+08:00 ] 127.0.0.1 127.0.0.1 GET /index.php/admin/city/index.html
[ log ] www.abc.com/index.php/admin/city/index.html [运行时间：0.155009s][吞吐率：6.45req/s] [内存消耗：2,628.88kb] [文件加载：53]
[ info ] [ LANG ] F:\work\thinkphp\thinkphp\lang\zh-cn.php
[ info ] [ ROUTE ] array (
  'type' => 'module',
  'module' => 
  array (
    0 => 'admin',
    1 => 'city',
    2 => 'index',
  ),
)
[ info ] [ HEADER ] array (
  'host' => 'www.abc.com',
  'connection' => 'keep-alive',
  'upgrade-insecure-requests' => '1',
  'user-agent' => 'Mozilla/5.0 (Windows NT 6.1; WOW64) AppleWebKit/537.36 (KHTML, like Gecko) Chrome/60.0.3112.10 Safari/537.36',
  'accept' => 'text/html,application/xhtml+xml,application/xml;q=0.9,image/webp,image/apng,*/*;q=0.8',
  'referer' => 'http://www.abc.com/index.php/admin',
  'accept-encoding' => 'gzip, deflate',
  'accept-language' => 'zh-CN,zh;q=0.8',
  'cookie' => 'Huiskin=blue; PHPSESSID=6k1voe034n8dk4pon804f2dig2',
)
[ info ] [ PARAM ] array (
)
[ info ] [ DB ] INIT mysql
[ info ] [ RUN ] app\admin\controller\City->index[ F:\work\thinkphp\application\admin\controller\City.php ]
[ info ] [ VIEW ] F:\work\thinkphp\public/../application/admin\view\city\index.html [ array (
  0 => 'citys',
) ]
[ info ] [ LOG ] INIT File

---------------------------------------------------------------
[ 2017-08-08T15:34:42+08:00 ] 127.0.0.1 127.0.0.1 GET /index.php/admin/bis/apply.html
[ log ] www.abc.com/index.php/admin/bis/apply.html [运行时间：0.262015s][吞吐率：3.82req/s] [内存消耗：2,714.84kb] [文件加载：57]
[ info ] [ LANG ] F:\work\thinkphp\thinkphp\lang\zh-cn.php
[ info ] [ ROUTE ] array (
  'type' => 'module',
  'module' => 
  array (
    0 => 'admin',
    1 => 'bis',
    2 => 'apply',
  ),
)
[ info ] [ HEADER ] array (
  'host' => 'www.abc.com',
  'connection' => 'keep-alive',
  'upgrade-insecure-requests' => '1',
  'user-agent' => 'Mozilla/5.0 (Windows NT 6.1; WOW64) AppleWebKit/537.36 (KHTML, like Gecko) Chrome/60.0.3112.10 Safari/537.36',
  'accept' => 'text/html,application/xhtml+xml,application/xml;q=0.9,image/webp,image/apng,*/*;q=0.8',
  'referer' => 'http://www.abc.com/index.php/admin',
  'accept-encoding' => 'gzip, deflate',
  'accept-language' => 'zh-CN,zh;q=0.8',
  'cookie' => 'Huiskin=blue; PHPSESSID=6k1voe034n8dk4pon804f2dig2',
)
[ info ] [ PARAM ] array (
)
[ info ] [ RUN ] app\admin\controller\Bis->apply[ F:\work\thinkphp\application\admin\controller\Bis.php ]
[ info ] [ DB ] INIT mysql
[ info ] [ VIEW ] F:\work\thinkphp\public/../application/admin\view\bis\apply.html [ array (
  0 => 'bis',
) ]
[ info ] [ LOG ] INIT File

---------------------------------------------------------------
[ 2017-08-08T15:34:43+08:00 ] 127.0.0.1 127.0.0.1 GET /index.php/admin/bis/index.html
[ log ] www.abc.com/index.php/admin/bis/index.html [运行时间：0.158009s][吞吐率：6.33req/s] [内存消耗：2,788.80kb] [文件加载：58]
[ info ] [ LANG ] F:\work\thinkphp\thinkphp\lang\zh-cn.php
[ info ] [ ROUTE ] array (
  'type' => 'module',
  'module' => 
  array (
    0 => 'admin',
    1 => 'bis',
    2 => 'index',
  ),
)
[ info ] [ HEADER ] array (
  'host' => 'www.abc.com',
  'connection' => 'keep-alive',
  'upgrade-insecure-requests' => '1',
  'user-agent' => 'Mozilla/5.0 (Windows NT 6.1; WOW64) AppleWebKit/537.36 (KHTML, like Gecko) Chrome/60.0.3112.10 Safari/537.36',
  'accept' => 'text/html,application/xhtml+xml,application/xml;q=0.9,image/webp,image/apng,*/*;q=0.8',
  'referer' => 'http://www.abc.com/index.php/admin',
  'accept-encoding' => 'gzip, deflate',
  'accept-language' => 'zh-CN,zh;q=0.8',
  'cookie' => 'Huiskin=blue; PHPSESSID=6k1voe034n8dk4pon804f2dig2',
)
[ info ] [ PARAM ] array (
)
[ info ] [ RUN ] app\admin\controller\Bis->index[ F:\work\thinkphp\application\admin\controller\Bis.php ]
[ info ] [ DB ] INIT mysql
[ info ] [ VIEW ] F:\work\thinkphp\public/../application/admin\view\bis\index.html [ array (
  0 => 'bis',
) ]
[ info ] [ LOG ] INIT File

---------------------------------------------------------------
[ 2017-08-08T15:34:55+08:00 ] 127.0.0.1 127.0.0.1 GET /index.php/admin/bis/detail.html?id=3
[ log ] www.abc.com/index.php/admin/bis/detail.html?id=3 [运行时间：0.619036s][吞吐率：1.62req/s] [内存消耗：2,988.52kb] [文件加载：60]
[ info ] [ LANG ] F:\work\thinkphp\thinkphp\lang\zh-cn.php
[ info ] [ ROUTE ] array (
  'type' => 'module',
  'module' => 
  array (
    0 => 'admin',
    1 => 'bis',
    2 => 'detail',
  ),
)
[ info ] [ HEADER ] array (
  'host' => 'www.abc.com',
  'connection' => 'keep-alive',
  'upgrade-insecure-requests' => '1',
  'user-agent' => 'Mozilla/5.0 (Windows NT 6.1; WOW64) AppleWebKit/537.36 (KHTML, like Gecko) Chrome/60.0.3112.10 Safari/537.36',
  'accept' => 'text/html,application/xhtml+xml,application/xml;q=0.9,image/webp,image/apng,*/*;q=0.8',
  'referer' => 'http://www.abc.com/index.php/admin/bis/index.html',
  'accept-encoding' => 'gzip, deflate',
  'accept-language' => 'zh-CN,zh;q=0.8',
  'cookie' => 'Huiskin=blue; PHPSESSID=6k1voe034n8dk4pon804f2dig2',
)
[ info ] [ PARAM ] array (
  'id' => '3',
)
[ info ] [ RUN ] app\admin\controller\Bis->detail[ F:\work\thinkphp\application\admin\controller\Bis.php ]
[ info ] [ DB ] INIT mysql
[ info ] [ VIEW ] F:\work\thinkphp\public/../application/admin\view\bis\detail.html [ array (
  0 => 'citys',
  1 => 'categorys',
  2 => 'bisData',
  3 => 'locationData',
  4 => 'accountData',
) ]
[ info ] [ LOG ] INIT File

---------------------------------------------------------------
[ 2017-08-08T15:38:33+08:00 ] 127.0.0.1 127.0.0.1 GET /index.php/bis/deal/index.html
[ log ] www.abc.com/index.php/bis/deal/index.html [运行时间：0.150009s][吞吐率：6.67req/s] [内存消耗：2,724.15kb] [文件加载：56]
[ info ] [ LANG ] F:\work\thinkphp\thinkphp\lang\zh-cn.php
[ info ] [ ROUTE ] array (
  'type' => 'module',
  'module' => 
  array (
    0 => 'bis',
    1 => 'deal',
    2 => 'index',
  ),
)
[ info ] [ HEADER ] array (
  'host' => 'www.abc.com',
  'connection' => 'keep-alive',
  'upgrade-insecure-requests' => '1',
  'user-agent' => 'Mozilla/5.0 (Windows NT 6.1; WOW64) AppleWebKit/537.36 (KHTML, like Gecko) Chrome/60.0.3112.10 Safari/537.36',
  'accept' => 'text/html,application/xhtml+xml,application/xml;q=0.9,image/webp,image/apng,*/*;q=0.8',
  'referer' => 'http://www.abc.com/index.php/bis/index/index.html',
  'accept-encoding' => 'gzip, deflate',
  'accept-language' => 'zh-CN,zh;q=0.8',
  'cookie' => 'Huiskin=blue; PHPSESSID=6k1voe034n8dk4pon804f2dig2',
)
[ info ] [ PARAM ] array (
)
[ info ] [ SESSION ] INIT array (
  'id' => '',
  'var_session_id' => '',
  'prefix' => 'think',
  'type' => '',
  'auto_start' => true,
)
[ info ] [ RUN ] app\bis\controller\Deal->index[ F:\work\thinkphp\application\bis\controller\Deal.php ]
[ info ] [ DB ] INIT mysql
[ info ] [ VIEW ] F:\work\thinkphp\public/../application/bis\view\deal\index.html [ array (
  0 => 'deals',
) ]
[ info ] [ LOG ] INIT File

---------------------------------------------------------------
[ 2017-08-08T15:42:47+08:00 ] 127.0.0.1 127.0.0.1 GET /index.php/admin/bis/index.html
[ log ] www.abc.com/index.php/admin/bis/index.html [运行时间：0.140008s][吞吐率：7.14req/s] [内存消耗：2,788.80kb] [文件加载：58]
[ info ] [ LANG ] F:\work\thinkphp\thinkphp\lang\zh-cn.php
[ info ] [ ROUTE ] array (
  'type' => 'module',
  'module' => 
  array (
    0 => 'admin',
    1 => 'bis',
    2 => 'index',
  ),
)
[ info ] [ HEADER ] array (
  'host' => 'www.abc.com',
  'connection' => 'keep-alive',
  'upgrade-insecure-requests' => '1',
  'user-agent' => 'Mozilla/5.0 (Windows NT 6.1; WOW64) AppleWebKit/537.36 (KHTML, like Gecko) Chrome/60.0.3112.10 Safari/537.36',
  'accept' => 'text/html,application/xhtml+xml,application/xml;q=0.9,image/webp,image/apng,*/*;q=0.8',
  'referer' => 'http://www.abc.com/index.php/admin',
  'accept-encoding' => 'gzip, deflate',
  'accept-language' => 'zh-CN,zh;q=0.8',
  'cookie' => 'Huiskin=blue; PHPSESSID=6k1voe034n8dk4pon804f2dig2',
)
[ info ] [ PARAM ] array (
)
[ info ] [ RUN ] app\admin\controller\Bis->index[ F:\work\thinkphp\application\admin\controller\Bis.php ]
[ info ] [ DB ] INIT mysql
[ info ] [ VIEW ] F:\work\thinkphp\public/../application/admin\view\bis\index.html [ array (
  0 => 'bis',
) ]
[ info ] [ LOG ] INIT File

---------------------------------------------------------------
[ 2017-08-08T15:42:55+08:00 ] 127.0.0.1 127.0.0.1 GET /index.php/admin/category/index.html
[ log ] www.abc.com/index.php/admin/category/index.html [运行时间：0.224013s][吞吐率：4.46req/s] [内存消耗：2,789.64kb] [文件加载：58]
[ info ] [ LANG ] F:\work\thinkphp\thinkphp\lang\zh-cn.php
[ info ] [ ROUTE ] array (
  'type' => 'module',
  'module' => 
  array (
    0 => 'admin',
    1 => 'category',
    2 => 'index',
  ),
)
[ info ] [ HEADER ] array (
  'host' => 'www.abc.com',
  'connection' => 'keep-alive',
  'upgrade-insecure-requests' => '1',
  'user-agent' => 'Mozilla/5.0 (Windows NT 6.1; WOW64) AppleWebKit/537.36 (KHTML, like Gecko) Chrome/60.0.3112.10 Safari/537.36',
  'accept' => 'text/html,application/xhtml+xml,application/xml;q=0.9,image/webp,image/apng,*/*;q=0.8',
  'referer' => 'http://www.abc.com/index.php/admin',
  'accept-encoding' => 'gzip, deflate',
  'accept-language' => 'zh-CN,zh;q=0.8',
  'cookie' => 'Huiskin=blue; PHPSESSID=6k1voe034n8dk4pon804f2dig2',
)
[ info ] [ PARAM ] array (
)
[ info ] [ RUN ] app\admin\controller\Category->index[ F:\work\thinkphp\application\admin\controller\Category.php ]
[ info ] [ DB ] INIT mysql
[ info ] [ VIEW ] F:\work\thinkphp\public/../application/admin\view\category\index.html [ array (
  0 => 'categorys',
) ]
[ info ] [ LOG ] INIT File

---------------------------------------------------------------
[ 2017-08-08T15:42:56+08:00 ] 127.0.0.1 127.0.0.1 GET /index.php/admin/index/map.html
[ log ] www.abc.com/index.php/admin/index/map.html [运行时间：0.659038s][吞吐率：1.52req/s] [内存消耗：1,584.77kb] [文件加载：43]
[ info ] [ LANG ] F:\work\thinkphp\thinkphp\lang\zh-cn.php
[ info ] [ ROUTE ] array (
  'type' => 'module',
  'module' => 
  array (
    0 => 'admin',
    1 => 'index',
    2 => 'map',
  ),
)
[ info ] [ HEADER ] array (
  'host' => 'www.abc.com',
  'connection' => 'keep-alive',
  'user-agent' => 'Mozilla/5.0 (Windows NT 6.1; WOW64) AppleWebKit/537.36 (KHTML, like Gecko) Chrome/60.0.3112.10 Safari/537.36',
  'accept' => 'image/webp,image/apng,image/*,*/*;q=0.8',
  'referer' => 'http://www.abc.com/index.php/admin/category/index.html',
  'accept-encoding' => 'gzip, deflate',
  'accept-language' => 'zh-CN,zh;q=0.8',
  'cookie' => 'Huiskin=blue; PHPSESSID=6k1voe034n8dk4pon804f2dig2',
)
[ info ] [ PARAM ] array (
)
[ info ] [ RUN ] app\admin\controller\Index->map[ F:\work\thinkphp\application\admin\controller\Index.php ]
[ info ] [ LOG ] INIT File

---------------------------------------------------------------
[ 2017-08-08T15:43:02+08:00 ] 127.0.0.1 127.0.0.1 GET /index.php/admin/city/index.html
[ log ] www.abc.com/index.php/admin/city/index.html [运行时间：0.166609s][吞吐率：6.00req/s] [内存消耗：2,628.88kb] [文件加载：53]
[ info ] [ LANG ] F:\work\thinkphp\thinkphp\lang\zh-cn.php
[ info ] [ ROUTE ] array (
  'type' => 'module',
  'module' => 
  array (
    0 => 'admin',
    1 => 'city',
    2 => 'index',
  ),
)
[ info ] [ HEADER ] array (
  'host' => 'www.abc.com',
  'connection' => 'keep-alive',
  'upgrade-insecure-requests' => '1',
  'user-agent' => 'Mozilla/5.0 (Windows NT 6.1; WOW64) AppleWebKit/537.36 (KHTML, like Gecko) Chrome/60.0.3112.10 Safari/537.36',
  'accept' => 'text/html,application/xhtml+xml,application/xml;q=0.9,image/webp,image/apng,*/*;q=0.8',
  'referer' => 'http://www.abc.com/index.php/admin',
  'accept-encoding' => 'gzip, deflate',
  'accept-language' => 'zh-CN,zh;q=0.8',
  'cookie' => 'Huiskin=blue; PHPSESSID=6k1voe034n8dk4pon804f2dig2',
)
[ info ] [ PARAM ] array (
)
[ info ] [ DB ] INIT mysql
[ info ] [ RUN ] app\admin\controller\City->index[ F:\work\thinkphp\application\admin\controller\City.php ]
[ info ] [ VIEW ] F:\work\thinkphp\public/../application/admin\view\city\index.html [ array (
  0 => 'citys',
) ]
[ info ] [ LOG ] INIT File

---------------------------------------------------------------
[ 2017-08-08T15:43:10+08:00 ] 127.0.0.1 127.0.0.1 GET /index.php/admin/bis/apply.html
[ log ] www.abc.com/index.php/admin/bis/apply.html [运行时间：0.144607s][吞吐率：6.92req/s] [内存消耗：2,714.84kb] [文件加载：57]
[ info ] [ LANG ] F:\work\thinkphp\thinkphp\lang\zh-cn.php
[ info ] [ ROUTE ] array (
  'type' => 'module',
  'module' => 
  array (
    0 => 'admin',
    1 => 'bis',
    2 => 'apply',
  ),
)
[ info ] [ HEADER ] array (
  'host' => 'www.abc.com',
  'connection' => 'keep-alive',
  'upgrade-insecure-requests' => '1',
  'user-agent' => 'Mozilla/5.0 (Windows NT 6.1; WOW64) AppleWebKit/537.36 (KHTML, like Gecko) Chrome/60.0.3112.10 Safari/537.36',
  'accept' => 'text/html,application/xhtml+xml,application/xml;q=0.9,image/webp,image/apng,*/*;q=0.8',
  'referer' => 'http://www.abc.com/index.php/admin',
  'accept-encoding' => 'gzip, deflate',
  'accept-language' => 'zh-CN,zh;q=0.8',
  'cookie' => 'Huiskin=blue; PHPSESSID=6k1voe034n8dk4pon804f2dig2',
)
[ info ] [ PARAM ] array (
)
[ info ] [ RUN ] app\admin\controller\Bis->apply[ F:\work\thinkphp\application\admin\controller\Bis.php ]
[ info ] [ DB ] INIT mysql
[ info ] [ VIEW ] F:\work\thinkphp\public/../application/admin\view\bis\apply.html [ array (
  0 => 'bis',
) ]
[ info ] [ LOG ] INIT File

---------------------------------------------------------------
[ 2017-08-08T15:43:11+08:00 ] 127.0.0.1 127.0.0.1 GET /index.php/admin/bis/index.html
[ log ] www.abc.com/index.php/admin/bis/index.html [运行时间：0.121205s][吞吐率：8.25req/s] [内存消耗：2,788.80kb] [文件加载：58]
[ info ] [ LANG ] F:\work\thinkphp\thinkphp\lang\zh-cn.php
[ info ] [ ROUTE ] array (
  'type' => 'module',
  'module' => 
  array (
    0 => 'admin',
    1 => 'bis',
    2 => 'index',
  ),
)
[ info ] [ HEADER ] array (
  'host' => 'www.abc.com',
  'connection' => 'keep-alive',
  'upgrade-insecure-requests' => '1',
  'user-agent' => 'Mozilla/5.0 (Windows NT 6.1; WOW64) AppleWebKit/537.36 (KHTML, like Gecko) Chrome/60.0.3112.10 Safari/537.36',
  'accept' => 'text/html,application/xhtml+xml,application/xml;q=0.9,image/webp,image/apng,*/*;q=0.8',
  'referer' => 'http://www.abc.com/index.php/admin',
  'accept-encoding' => 'gzip, deflate',
  'accept-language' => 'zh-CN,zh;q=0.8',
  'cookie' => 'Huiskin=blue; PHPSESSID=6k1voe034n8dk4pon804f2dig2',
)
[ info ] [ PARAM ] array (
)
[ info ] [ RUN ] app\admin\controller\Bis->index[ F:\work\thinkphp\application\admin\controller\Bis.php ]
[ info ] [ DB ] INIT mysql
[ info ] [ VIEW ] F:\work\thinkphp\public/../application/admin\view\bis\index.html [ array (
  0 => 'bis',
) ]
[ info ] [ LOG ] INIT File

---------------------------------------------------------------
[ 2017-08-08T15:43:13+08:00 ] 127.0.0.1 127.0.0.1 GET /index.php/admin/bis/apply.html
[ log ] www.abc.com/index.php/admin/bis/apply.html [运行时间：0.119006s][吞吐率：8.40req/s] [内存消耗：2,714.84kb] [文件加载：57]
[ info ] [ LANG ] F:\work\thinkphp\thinkphp\lang\zh-cn.php
[ info ] [ ROUTE ] array (
  'type' => 'module',
  'module' => 
  array (
    0 => 'admin',
    1 => 'bis',
    2 => 'apply',
  ),
)
[ info ] [ HEADER ] array (
  'host' => 'www.abc.com',
  'connection' => 'keep-alive',
  'upgrade-insecure-requests' => '1',
  'user-agent' => 'Mozilla/5.0 (Windows NT 6.1; WOW64) AppleWebKit/537.36 (KHTML, like Gecko) Chrome/60.0.3112.10 Safari/537.36',
  'accept' => 'text/html,application/xhtml+xml,application/xml;q=0.9,image/webp,image/apng,*/*;q=0.8',
  'referer' => 'http://www.abc.com/index.php/admin',
  'accept-encoding' => 'gzip, deflate',
  'accept-language' => 'zh-CN,zh;q=0.8',
  'cookie' => 'Huiskin=blue; PHPSESSID=6k1voe034n8dk4pon804f2dig2',
)
[ info ] [ PARAM ] array (
)
[ info ] [ RUN ] app\admin\controller\Bis->apply[ F:\work\thinkphp\application\admin\controller\Bis.php ]
[ info ] [ DB ] INIT mysql
[ info ] [ VIEW ] F:\work\thinkphp\public/../application/admin\view\bis\apply.html [ array (
  0 => 'bis',
) ]
[ info ] [ LOG ] INIT File

---------------------------------------------------------------
[ 2017-08-08T15:43:57+08:00 ] 127.0.0.1 127.0.0.1 GET /index.php/admin/deal/index.html
[ log ] www.abc.com/index.php/admin/deal/index.html [运行时间：0.379022s][吞吐率：2.64req/s] [内存消耗：2,934.23kb] [文件加载：61]
[ info ] [ LANG ] F:\work\thinkphp\thinkphp\lang\zh-cn.php
[ info ] [ ROUTE ] array (
  'type' => 'module',
  'module' => 
  array (
    0 => 'admin',
    1 => 'deal',
    2 => 'index',
  ),
)
[ info ] [ HEADER ] array (
  'host' => 'www.abc.com',
  'connection' => 'keep-alive',
  'upgrade-insecure-requests' => '1',
  'user-agent' => 'Mozilla/5.0 (Windows NT 6.1; WOW64) AppleWebKit/537.36 (KHTML, like Gecko) Chrome/60.0.3112.10 Safari/537.36',
  'accept' => 'text/html,application/xhtml+xml,application/xml;q=0.9,image/webp,image/apng,*/*;q=0.8',
  'referer' => 'http://www.abc.com/index.php/admin',
  'accept-encoding' => 'gzip, deflate',
  'accept-language' => 'zh-CN,zh;q=0.8',
  'cookie' => 'Huiskin=blue; PHPSESSID=6k1voe034n8dk4pon804f2dig2',
)
[ info ] [ PARAM ] array (
)
[ info ] [ RUN ] app\admin\controller\Deal->index[ F:\work\thinkphp\application\admin\controller\Deal.php ]
[ info ] [ DB ] INIT mysql
[ info ] [ VIEW ] F:\work\thinkphp\public/../application/admin\view\deal\index.html [ array (
  0 => 'categorys',
  1 => 'citys',
  2 => 'deals',
  3 => 'category_id',
  4 => 'city_id',
  5 => 'start_time',
  6 => 'end_time',
  7 => 'name',
  8 => 'categoryArrs',
  9 => 'cityArrs',
) ]
[ info ] [ LOG ] INIT File

---------------------------------------------------------------
[ 2017-08-08T15:44:50+08:00 ] 127.0.0.1 127.0.0.1 GET /index.php/admin/deal/apply.html
[ log ] www.abc.com/index.php/admin/deal/apply.html [运行时间：0.242014s][吞吐率：4.13req/s] [内存消耗：2,928.08kb] [文件加载：61]
[ info ] [ LANG ] F:\work\thinkphp\thinkphp\lang\zh-cn.php
[ info ] [ ROUTE ] array (
  'type' => 'module',
  'module' => 
  array (
    0 => 'admin',
    1 => 'deal',
    2 => 'apply',
  ),
)
[ info ] [ HEADER ] array (
  'host' => 'www.abc.com',
  'connection' => 'keep-alive',
  'upgrade-insecure-requests' => '1',
  'user-agent' => 'Mozilla/5.0 (Windows NT 6.1; WOW64) AppleWebKit/537.36 (KHTML, like Gecko) Chrome/60.0.3112.10 Safari/537.36',
  'accept' => 'text/html,application/xhtml+xml,application/xml;q=0.9,image/webp,image/apng,*/*;q=0.8',
  'referer' => 'http://www.abc.com/index.php/admin',
  'accept-encoding' => 'gzip, deflate',
  'accept-language' => 'zh-CN,zh;q=0.8',
  'cookie' => 'Huiskin=blue; PHPSESSID=6k1voe034n8dk4pon804f2dig2',
)
[ info ] [ PARAM ] array (
)
[ info ] [ RUN ] app\admin\controller\Deal->apply[ F:\work\thinkphp\application\admin\controller\Deal.php ]
[ info ] [ DB ] INIT mysql
[ info ] [ VIEW ] F:\work\thinkphp\public/../application/admin\view\deal\apply.html [ array (
  0 => 'categorys',
  1 => 'citys',
  2 => 'deals',
  3 => 'category_id',
  4 => 'city_id',
  5 => 'start_time',
  6 => 'end_time',
  7 => 'name',
  8 => 'categoryArrs',
  9 => 'cityArrs',
) ]
[ info ] [ LOG ] INIT File

---------------------------------------------------------------
[ 2017-08-08T16:17:05+08:00 ] 127.0.0.1 127.0.0.1 GET /index.php/admin/deal/index.html
[ log ] www.abc.com/index.php/admin/deal/index.html [运行时间：0.199011s][吞吐率：5.02req/s] [内存消耗：2,934.23kb] [文件加载：61]
[ info ] [ LANG ] F:\work\thinkphp\thinkphp\lang\zh-cn.php
[ info ] [ ROUTE ] array (
  'type' => 'module',
  'module' => 
  array (
    0 => 'admin',
    1 => 'deal',
    2 => 'index',
  ),
)
[ info ] [ HEADER ] array (
  'host' => 'www.abc.com',
  'connection' => 'keep-alive',
  'upgrade-insecure-requests' => '1',
  'user-agent' => 'Mozilla/5.0 (Windows NT 6.1; WOW64) AppleWebKit/537.36 (KHTML, like Gecko) Chrome/60.0.3112.10 Safari/537.36',
  'accept' => 'text/html,application/xhtml+xml,application/xml;q=0.9,image/webp,image/apng,*/*;q=0.8',
  'referer' => 'http://www.abc.com/index.php/admin',
  'accept-encoding' => 'gzip, deflate',
  'accept-language' => 'zh-CN,zh;q=0.8',
  'cookie' => 'Huiskin=blue; PHPSESSID=6k1voe034n8dk4pon804f2dig2',
)
[ info ] [ PARAM ] array (
)
[ info ] [ RUN ] app\admin\controller\Deal->index[ F:\work\thinkphp\application\admin\controller\Deal.php ]
[ info ] [ DB ] INIT mysql
[ info ] [ VIEW ] F:\work\thinkphp\public/../application/admin\view\deal\index.html [ array (
  0 => 'categorys',
  1 => 'citys',
  2 => 'deals',
  3 => 'category_id',
  4 => 'city_id',
  5 => 'start_time',
  6 => 'end_time',
  7 => 'name',
  8 => 'categoryArrs',
  9 => 'cityArrs',
) ]
[ info ] [ LOG ] INIT File

---------------------------------------------------------------
[ 2017-08-08T16:56:59+08:00 ] 127.0.0.1 127.0.0.1 GET /index.php/admin/category/index.html
[ log ] www.abc.com/index.php/admin/category/index.html [运行时间：0.174010s][吞吐率：5.75req/s] [内存消耗：2,789.64kb] [文件加载：58]
[ info ] [ LANG ] F:\work\thinkphp\thinkphp\lang\zh-cn.php
[ info ] [ ROUTE ] array (
  'type' => 'module',
  'module' => 
  array (
    0 => 'admin',
    1 => 'category',
    2 => 'index',
  ),
)
[ info ] [ HEADER ] array (
  'host' => 'www.abc.com',
  'connection' => 'keep-alive',
  'upgrade-insecure-requests' => '1',
  'user-agent' => 'Mozilla/5.0 (Windows NT 6.1; WOW64) AppleWebKit/537.36 (KHTML, like Gecko) Chrome/60.0.3112.10 Safari/537.36',
  'accept' => 'text/html,application/xhtml+xml,application/xml;q=0.9,image/webp,image/apng,*/*;q=0.8',
  'referer' => 'http://www.abc.com/index.php/admin',
  'accept-encoding' => 'gzip, deflate',
  'accept-language' => 'zh-CN,zh;q=0.8',
  'cookie' => 'Huiskin=blue; PHPSESSID=6k1voe034n8dk4pon804f2dig2',
)
[ info ] [ PARAM ] array (
)
[ info ] [ RUN ] app\admin\controller\Category->index[ F:\work\thinkphp\application\admin\controller\Category.php ]
[ info ] [ DB ] INIT mysql
[ info ] [ VIEW ] F:\work\thinkphp\public/../application/admin\view\category\index.html [ array (
  0 => 'categorys',
) ]
[ info ] [ LOG ] INIT File

---------------------------------------------------------------
[ 2017-08-08T16:57:00+08:00 ] 127.0.0.1 127.0.0.1 GET /index.php/admin/index/map.html
[ log ] www.abc.com/index.php/admin/index/map.html [运行时间：0.343019s][吞吐率：2.92req/s] [内存消耗：1,584.79kb] [文件加载：43]
[ info ] [ LANG ] F:\work\thinkphp\thinkphp\lang\zh-cn.php
[ info ] [ ROUTE ] array (
  'type' => 'module',
  'module' => 
  array (
    0 => 'admin',
    1 => 'index',
    2 => 'map',
  ),
)
[ info ] [ HEADER ] array (
  'host' => 'www.abc.com',
  'connection' => 'keep-alive',
  'user-agent' => 'Mozilla/5.0 (Windows NT 6.1; WOW64) AppleWebKit/537.36 (KHTML, like Gecko) Chrome/60.0.3112.10 Safari/537.36',
  'accept' => 'image/webp,image/apng,image/*,*/*;q=0.8',
  'referer' => 'http://www.abc.com/index.php/admin/category/index.html',
  'accept-encoding' => 'gzip, deflate',
  'accept-language' => 'zh-CN,zh;q=0.8',
  'cookie' => 'Huiskin=blue; PHPSESSID=6k1voe034n8dk4pon804f2dig2',
)
[ info ] [ PARAM ] array (
)
[ info ] [ RUN ] app\admin\controller\Index->map[ F:\work\thinkphp\application\admin\controller\Index.php ]
[ info ] [ LOG ] INIT File

---------------------------------------------------------------
[ 2017-08-08T16:57:03+08:00 ] 127.0.0.1 127.0.0.1 GET /index.php/admin/category/index.html?parent_id=1
[ log ] www.abc.com/index.php/admin/category/index.html?parent_id=1 [运行时间：0.101005s][吞吐率：9.90req/s] [内存消耗：2,779.09kb] [文件加载：58]
[ info ] [ LANG ] F:\work\thinkphp\thinkphp\lang\zh-cn.php
[ info ] [ ROUTE ] array (
  'type' => 'module',
  'module' => 
  array (
    0 => 'admin',
    1 => 'category',
    2 => 'index',
  ),
)
[ info ] [ HEADER ] array (
  'host' => 'www.abc.com',
  'connection' => 'keep-alive',
  'upgrade-insecure-requests' => '1',
  'user-agent' => 'Mozilla/5.0 (Windows NT 6.1; WOW64) AppleWebKit/537.36 (KHTML, like Gecko) Chrome/60.0.3112.10 Safari/537.36',
  'accept' => 'text/html,application/xhtml+xml,application/xml;q=0.9,image/webp,image/apng,*/*;q=0.8',
  'referer' => 'http://www.abc.com/index.php/admin/category/index.html',
  'accept-encoding' => 'gzip, deflate',
  'accept-language' => 'zh-CN,zh;q=0.8',
  'cookie' => 'Huiskin=blue; PHPSESSID=6k1voe034n8dk4pon804f2dig2',
)
[ info ] [ PARAM ] array (
  'parent_id' => '1',
)
[ info ] [ RUN ] app\admin\controller\Category->index[ F:\work\thinkphp\application\admin\controller\Category.php ]
[ info ] [ DB ] INIT mysql
[ info ] [ VIEW ] F:\work\thinkphp\public/../application/admin\view\category\index.html [ array (
  0 => 'categorys',
) ]
[ info ] [ LOG ] INIT File

---------------------------------------------------------------
[ 2017-08-08T16:57:03+08:00 ] 127.0.0.1 127.0.0.1 GET /index.php/admin/index/map.html
[ log ] www.abc.com/index.php/admin/index/map.html [运行时间：0.078005s][吞吐率：12.82req/s] [内存消耗：1,584.86kb] [文件加载：43]
[ info ] [ LANG ] F:\work\thinkphp\thinkphp\lang\zh-cn.php
[ info ] [ ROUTE ] array (
  'type' => 'module',
  'module' => 
  array (
    0 => 'admin',
    1 => 'index',
    2 => 'map',
  ),
)
[ info ] [ HEADER ] array (
  'host' => 'www.abc.com',
  'connection' => 'keep-alive',
  'user-agent' => 'Mozilla/5.0 (Windows NT 6.1; WOW64) AppleWebKit/537.36 (KHTML, like Gecko) Chrome/60.0.3112.10 Safari/537.36',
  'accept' => 'image/webp,image/apng,image/*,*/*;q=0.8',
  'referer' => 'http://www.abc.com/index.php/admin/category/index.html?parent_id=1',
  'accept-encoding' => 'gzip, deflate',
  'accept-language' => 'zh-CN,zh;q=0.8',
  'cookie' => 'Huiskin=blue; PHPSESSID=6k1voe034n8dk4pon804f2dig2',
)
[ info ] [ PARAM ] array (
)
[ info ] [ RUN ] app\admin\controller\Index->map[ F:\work\thinkphp\application\admin\controller\Index.php ]
[ info ] [ LOG ] INIT File

---------------------------------------------------------------
[ 2017-08-08T16:57:07+08:00 ] 127.0.0.1 127.0.0.1 GET /index.php/admin/category/index.html?parent_id=6
[ log ] www.abc.com/index.php/admin/category/index.html?parent_id=6 [运行时间：0.119007s][吞吐率：8.40req/s] [内存消耗：2,776.05kb] [文件加载：58]
[ info ] [ LANG ] F:\work\thinkphp\thinkphp\lang\zh-cn.php
[ info ] [ ROUTE ] array (
  'type' => 'module',
  'module' => 
  array (
    0 => 'admin',
    1 => 'category',
    2 => 'index',
  ),
)
[ info ] [ HEADER ] array (
  'host' => 'www.abc.com',
  'connection' => 'keep-alive',
  'upgrade-insecure-requests' => '1',
  'user-agent' => 'Mozilla/5.0 (Windows NT 6.1; WOW64) AppleWebKit/537.36 (KHTML, like Gecko) Chrome/60.0.3112.10 Safari/537.36',
  'accept' => 'text/html,application/xhtml+xml,application/xml;q=0.9,image/webp,image/apng,*/*;q=0.8',
  'referer' => 'http://www.abc.com/index.php/admin/category/index.html?parent_id=1',
  'accept-encoding' => 'gzip, deflate',
  'accept-language' => 'zh-CN,zh;q=0.8',
  'cookie' => 'Huiskin=blue; PHPSESSID=6k1voe034n8dk4pon804f2dig2',
)
[ info ] [ PARAM ] array (
  'parent_id' => '6',
)
[ info ] [ RUN ] app\admin\controller\Category->index[ F:\work\thinkphp\application\admin\controller\Category.php ]
[ info ] [ DB ] INIT mysql
[ info ] [ VIEW ] F:\work\thinkphp\public/../application/admin\view\category\index.html [ array (
  0 => 'categorys',
) ]
[ info ] [ LOG ] INIT File

---------------------------------------------------------------
[ 2017-08-08T16:57:07+08:00 ] 127.0.0.1 127.0.0.1 GET /index.php/admin/index/map.html
[ log ] www.abc.com/index.php/admin/index/map.html [运行时间：0.115007s][吞吐率：8.70req/s] [内存消耗：1,584.90kb] [文件加载：43]
[ info ] [ LANG ] F:\work\thinkphp\thinkphp\lang\zh-cn.php
[ info ] [ ROUTE ] array (
  'type' => 'module',
  'module' => 
  array (
    0 => 'admin',
    1 => 'index',
    2 => 'map',
  ),
)
[ info ] [ HEADER ] array (
  'host' => 'www.abc.com',
  'connection' => 'keep-alive',
  'user-agent' => 'Mozilla/5.0 (Windows NT 6.1; WOW64) AppleWebKit/537.36 (KHTML, like Gecko) Chrome/60.0.3112.10 Safari/537.36',
  'accept' => 'image/webp,image/apng,image/*,*/*;q=0.8',
  'referer' => 'http://www.abc.com/index.php/admin/category/index.html?parent_id=6',
  'accept-encoding' => 'gzip, deflate',
  'accept-language' => 'zh-CN,zh;q=0.8',
  'cookie' => 'Huiskin=blue; PHPSESSID=6k1voe034n8dk4pon804f2dig2',
)
[ info ] [ PARAM ] array (
)
[ info ] [ RUN ] app\admin\controller\Index->map[ F:\work\thinkphp\application\admin\controller\Index.php ]
[ info ] [ LOG ] INIT File

---------------------------------------------------------------
[ 2017-08-08T16:57:14+08:00 ] 127.0.0.1 127.0.0.1 GET /index.php/admin/category/edit.html?id=1
[ log ] www.abc.com/index.php/admin/category/edit.html?id=1 [运行时间：0.285016s][吞吐率：3.51req/s] [内存消耗：2,831.55kb] [文件加载：56]
[ info ] [ LANG ] F:\work\thinkphp\thinkphp\lang\zh-cn.php
[ info ] [ ROUTE ] array (
  'type' => 'module',
  'module' => 
  array (
    0 => 'admin',
    1 => 'category',
    2 => 'edit',
  ),
)
[ info ] [ HEADER ] array (
  'host' => 'www.abc.com',
  'connection' => 'keep-alive',
  'upgrade-insecure-requests' => '1',
  'user-agent' => 'Mozilla/5.0 (Windows NT 6.1; WOW64) AppleWebKit/537.36 (KHTML, like Gecko) Chrome/60.0.3112.10 Safari/537.36',
  'accept' => 'text/html,application/xhtml+xml,application/xml;q=0.9,image/webp,image/apng,*/*;q=0.8',
  'referer' => 'http://www.abc.com/index.php/admin/category/index.html',
  'accept-encoding' => 'gzip, deflate',
  'accept-language' => 'zh-CN,zh;q=0.8',
  'cookie' => 'Huiskin=blue; PHPSESSID=6k1voe034n8dk4pon804f2dig2',
)
[ info ] [ PARAM ] array (
  'id' => '1',
)
[ info ] [ RUN ] app\admin\controller\Category->edit[ F:\work\thinkphp\application\admin\controller\Category.php ]
[ info ] [ DB ] INIT mysql
[ info ] [ VIEW ] F:\work\thinkphp\public/../application/admin\view\category\edit.html [ array (
  0 => 'categorys',
  1 => 'category',
) ]
[ info ] [ LOG ] INIT File

---------------------------------------------------------------
[ 2017-08-08T16:57:21+08:00 ] 127.0.0.1 127.0.0.1 GET /index.php/admin/category/index.html?parent_id=3
[ log ] www.abc.com/index.php/admin/category/index.html?parent_id=3 [运行时间：0.091005s][吞吐率：10.99req/s] [内存消耗：2,776.08kb] [文件加载：58]
[ info ] [ LANG ] F:\work\thinkphp\thinkphp\lang\zh-cn.php
[ info ] [ ROUTE ] array (
  'type' => 'module',
  'module' => 
  array (
    0 => 'admin',
    1 => 'category',
    2 => 'index',
  ),
)
[ info ] [ HEADER ] array (
  'host' => 'www.abc.com',
  'connection' => 'keep-alive',
  'upgrade-insecure-requests' => '1',
  'user-agent' => 'Mozilla/5.0 (Windows NT 6.1; WOW64) AppleWebKit/537.36 (KHTML, like Gecko) Chrome/60.0.3112.10 Safari/537.36',
  'accept' => 'text/html,application/xhtml+xml,application/xml;q=0.9,image/webp,image/apng,*/*;q=0.8',
  'referer' => 'http://www.abc.com/index.php/admin/category/index.html',
  'accept-encoding' => 'gzip, deflate',
  'accept-language' => 'zh-CN,zh;q=0.8',
  'cookie' => 'Huiskin=blue; PHPSESSID=6k1voe034n8dk4pon804f2dig2',
)
[ info ] [ PARAM ] array (
  'parent_id' => '3',
)
[ info ] [ RUN ] app\admin\controller\Category->index[ F:\work\thinkphp\application\admin\controller\Category.php ]
[ info ] [ DB ] INIT mysql
[ info ] [ VIEW ] F:\work\thinkphp\public/../application/admin\view\category\index.html [ array (
  0 => 'categorys',
) ]
[ info ] [ LOG ] INIT File

---------------------------------------------------------------
[ 2017-08-08T16:57:21+08:00 ] 127.0.0.1 127.0.0.1 GET /index.php/admin/index/map.html
[ log ] www.abc.com/index.php/admin/index/map.html [运行时间：0.093005s][吞吐率：10.75req/s] [内存消耗：1,584.90kb] [文件加载：43]
[ info ] [ LANG ] F:\work\thinkphp\thinkphp\lang\zh-cn.php
[ info ] [ ROUTE ] array (
  'type' => 'module',
  'module' => 
  array (
    0 => 'admin',
    1 => 'index',
    2 => 'map',
  ),
)
[ info ] [ HEADER ] array (
  'host' => 'www.abc.com',
  'connection' => 'keep-alive',
  'user-agent' => 'Mozilla/5.0 (Windows NT 6.1; WOW64) AppleWebKit/537.36 (KHTML, like Gecko) Chrome/60.0.3112.10 Safari/537.36',
  'accept' => 'image/webp,image/apng,image/*,*/*;q=0.8',
  'referer' => 'http://www.abc.com/index.php/admin/category/index.html?parent_id=3',
  'accept-encoding' => 'gzip, deflate',
  'accept-language' => 'zh-CN,zh;q=0.8',
  'cookie' => 'Huiskin=blue; PHPSESSID=6k1voe034n8dk4pon804f2dig2',
)
[ info ] [ PARAM ] array (
)
[ info ] [ RUN ] app\admin\controller\Index->map[ F:\work\thinkphp\application\admin\controller\Index.php ]
[ info ] [ LOG ] INIT File

---------------------------------------------------------------
[ 2017-08-08T17:01:44+08:00 ] 127.0.0.1 127.0.0.1 GET /index.php/bis/index/index.html
[ log ] www.abc.com/index.php/bis/index/index.html [运行时间：0.120007s][吞吐率：8.33req/s] [内存消耗：1,922.12kb] [文件加载：48]
[ info ] [ LANG ] F:\work\thinkphp\thinkphp\lang\zh-cn.php
[ info ] [ ROUTE ] array (
  'type' => 'module',
  'module' => 
  array (
    0 => 'bis',
    1 => 'index',
    2 => 'index',
  ),
)
[ info ] [ HEADER ] array (
  'host' => 'www.abc.com',
  'connection' => 'keep-alive',
  'cache-control' => 'max-age=0',
  'upgrade-insecure-requests' => '1',
  'user-agent' => 'Mozilla/5.0 (Windows NT 6.1; WOW64) AppleWebKit/537.36 (KHTML, like Gecko) Chrome/60.0.3112.10 Safari/537.36',
  'accept' => 'text/html,application/xhtml+xml,application/xml;q=0.9,image/webp,image/apng,*/*;q=0.8',
  'referer' => 'http://www.abc.com/index.php/bis/login/index.html',
  'accept-encoding' => 'gzip, deflate',
  'accept-language' => 'zh-CN,zh;q=0.8',
  'cookie' => 'Huiskin=blue; PHPSESSID=6k1voe034n8dk4pon804f2dig2',
)
[ info ] [ PARAM ] array (
)
[ info ] [ SESSION ] INIT array (
  'id' => '',
  'var_session_id' => '',
  'prefix' => 'think',
  'type' => '',
  'auto_start' => true,
)
[ info ] [ RUN ] app\bis\controller\Index->index[ F:\work\thinkphp\application\bis\controller\Index.php ]
[ info ] [ VIEW ] F:\work\thinkphp\public/../application/bis\view\index\index.html [ array (
) ]
[ info ] [ LOG ] INIT File

---------------------------------------------------------------
[ 2017-08-08T17:01:47+08:00 ] 127.0.0.1 127.0.0.1 GET /index.php/bis/deal/index.html
[ log ] www.abc.com/index.php/bis/deal/index.html [运行时间：0.215013s][吞吐率：4.65req/s] [内存消耗：3,056.52kb] [文件加载：63]
[ info ] [ LANG ] F:\work\thinkphp\thinkphp\lang\zh-cn.php
[ info ] [ ROUTE ] array (
  'type' => 'module',
  'module' => 
  array (
    0 => 'bis',
    1 => 'deal',
    2 => 'index',
  ),
)
[ info ] [ HEADER ] array (
  'host' => 'www.abc.com',
  'connection' => 'keep-alive',
  'upgrade-insecure-requests' => '1',
  'user-agent' => 'Mozilla/5.0 (Windows NT 6.1; WOW64) AppleWebKit/537.36 (KHTML, like Gecko) Chrome/60.0.3112.10 Safari/537.36',
  'accept' => 'text/html,application/xhtml+xml,application/xml;q=0.9,image/webp,image/apng,*/*;q=0.8',
  'referer' => 'http://www.abc.com/index.php/bis/index/index.html',
  'accept-encoding' => 'gzip, deflate',
  'accept-language' => 'zh-CN,zh;q=0.8',
  'cookie' => 'Huiskin=blue; PHPSESSID=6k1voe034n8dk4pon804f2dig2',
)
[ info ] [ PARAM ] array (
)
[ info ] [ SESSION ] INIT array (
  'id' => '',
  'var_session_id' => '',
  'prefix' => 'think',
  'type' => '',
  'auto_start' => true,
)
[ info ] [ RUN ] app\bis\controller\Deal->index[ F:\work\thinkphp\application\bis\controller\Deal.php ]
[ info ] [ DB ] INIT mysql
[ info ] [ VIEW ] F:\work\thinkphp\public/../application/bis\view\deal\index.html [ array (
  0 => 'deals',
  1 => 'categoryAss',
) ]
[ info ] [ LOG ] INIT File

---------------------------------------------------------------
[ 2017-08-08T17:03:23+08:00 ] 127.0.0.1 127.0.0.1 GET /index.php/bis/deal/add.html
[ log ] www.abc.com/index.php/bis/deal/add.html [运行时间：0.363020s][吞吐率：2.75req/s] [内存消耗：2,796.35kb] [文件加载：58]
[ info ] [ LANG ] F:\work\thinkphp\thinkphp\lang\zh-cn.php
[ info ] [ ROUTE ] array (
  'type' => 'module',
  'module' => 
  array (
    0 => 'bis',
    1 => 'deal',
    2 => 'add',
  ),
)
[ info ] [ HEADER ] array (
  'host' => 'www.abc.com',
  'connection' => 'keep-alive',
  'upgrade-insecure-requests' => '1',
  'user-agent' => 'Mozilla/5.0 (Windows NT 6.1; WOW64) AppleWebKit/537.36 (KHTML, like Gecko) Chrome/60.0.3112.10 Safari/537.36',
  'accept' => 'text/html,application/xhtml+xml,application/xml;q=0.9,image/webp,image/apng,*/*;q=0.8',
  'referer' => 'http://www.abc.com/index.php/bis/index/index.html',
  'accept-encoding' => 'gzip, deflate',
  'accept-language' => 'zh-CN,zh;q=0.8',
  'cookie' => 'Huiskin=blue; PHPSESSID=6k1voe034n8dk4pon804f2dig2',
)
[ info ] [ PARAM ] array (
)
[ info ] [ SESSION ] INIT array (
  'id' => '',
  'var_session_id' => '',
  'prefix' => 'think',
  'type' => '',
  'auto_start' => true,
)
[ info ] [ RUN ] app\bis\controller\Deal->add[ F:\work\thinkphp\application\bis\controller\Deal.php ]
[ info ] [ DB ] INIT mysql
[ info ] [ VIEW ] F:\work\thinkphp\public/../application/bis\view\deal\add.html [ array (
  0 => 'citys',
  1 => 'categorys',
  2 => 'bislocations',
) ]
[ info ] [ LOG ] INIT File

---------------------------------------------------------------
[ 2017-08-08T17:03:26+08:00 ] 127.0.0.1 127.0.0.1 GET /index.php/bis/deal/
[ log ] www.abc.com/index.php/bis/deal/ [运行时间：0.261015s][吞吐率：3.83req/s] [内存消耗：2,891.12kb] [文件加载：61]
[ info ] [ LANG ] F:\work\thinkphp\thinkphp\lang\zh-cn.php
[ info ] [ ROUTE ] array (
  'type' => 'module',
  'module' => 
  array (
    0 => 'bis',
    1 => 'deal',
    2 => NULL,
  ),
)
[ info ] [ HEADER ] array (
  'host' => 'www.abc.com',
  'connection' => 'keep-alive',
  'user-agent' => 'Mozilla/5.0 (Windows NT 6.1; WOW64) AppleWebKit/537.36 (KHTML, like Gecko) Chrome/60.0.3112.10 Safari/537.36',
  'x-requested-with' => 'ShockwaveFlash/26.0.0.137',
  'accept' => '*/*',
  'referer' => 'http://www.abc.com/index.php/bis/deal/add.html',
  'accept-encoding' => 'gzip, deflate',
  'accept-language' => 'zh-CN,zh;q=0.8',
  'cookie' => 'Huiskin=blue; PHPSESSID=6k1voe034n8dk4pon804f2dig2',
)
[ info ] [ PARAM ] array (
)
[ info ] [ SESSION ] INIT array (
  'id' => '',
  'var_session_id' => '',
  'prefix' => 'think',
  'type' => '',
  'auto_start' => true,
)
[ info ] [ RUN ] app\bis\controller\Deal->index[ F:\work\thinkphp\application\bis\controller\Deal.php ]
[ info ] [ DB ] INIT mysql
[ info ] [ VIEW ] F:\work\thinkphp\public/../application/bis\view\deal\index.html [ array (
  0 => 'deals',
  1 => 'categoryAss',
) ]
[ info ] [ LOG ] INIT File

---------------------------------------------------------------
[ 2017-08-08T17:14:07+08:00 ] 127.0.0.1 127.0.0.1 GET /index.php/bis/index/index.html
[ log ] www.abc.com/index.php/bis/index/index.html [运行时间：0.077005s][吞吐率：12.99req/s] [内存消耗：1,922.12kb] [文件加载：48]
[ info ] [ LANG ] F:\work\thinkphp\thinkphp\lang\zh-cn.php
[ info ] [ ROUTE ] array (
  'type' => 'module',
  'module' => 
  array (
    0 => 'bis',
    1 => 'index',
    2 => 'index',
  ),
)
[ info ] [ HEADER ] array (
  'host' => 'www.abc.com',
  'connection' => 'keep-alive',
  'cache-control' => 'max-age=0',
  'upgrade-insecure-requests' => '1',
  'user-agent' => 'Mozilla/5.0 (Windows NT 6.1; WOW64) AppleWebKit/537.36 (KHTML, like Gecko) Chrome/60.0.3112.10 Safari/537.36',
  'accept' => 'text/html,application/xhtml+xml,application/xml;q=0.9,image/webp,image/apng,*/*;q=0.8',
  'referer' => 'http://www.abc.com/index.php/bis/login/index.html',
  'accept-encoding' => 'gzip, deflate',
  'accept-language' => 'zh-CN,zh;q=0.8',
  'cookie' => 'Huiskin=blue; PHPSESSID=6k1voe034n8dk4pon804f2dig2',
)
[ info ] [ PARAM ] array (
)
[ info ] [ SESSION ] INIT array (
  'id' => '',
  'var_session_id' => '',
  'prefix' => 'think',
  'type' => '',
  'auto_start' => true,
)
[ info ] [ RUN ] app\bis\controller\Index->index[ F:\work\thinkphp\application\bis\controller\Index.php ]
[ info ] [ VIEW ] F:\work\thinkphp\public/../application/bis\view\index\index.html [ array (
) ]
[ info ] [ LOG ] INIT File

---------------------------------------------------------------
[ 2017-08-08T17:14:09+08:00 ] 127.0.0.1 127.0.0.1 GET /index.php/bis/deal/index.html
[ log ] www.abc.com/index.php/bis/deal/index.html [运行时间：0.206012s][吞吐率：4.85req/s] [内存消耗：3,101.76kb] [文件加载：64]
[ info ] [ LANG ] F:\work\thinkphp\thinkphp\lang\zh-cn.php
[ info ] [ ROUTE ] array (
  'type' => 'module',
  'module' => 
  array (
    0 => 'bis',
    1 => 'deal',
    2 => 'index',
  ),
)
[ info ] [ HEADER ] array (
  'host' => 'www.abc.com',
  'connection' => 'keep-alive',
  'upgrade-insecure-requests' => '1',
  'user-agent' => 'Mozilla/5.0 (Windows NT 6.1; WOW64) AppleWebKit/537.36 (KHTML, like Gecko) Chrome/60.0.3112.10 Safari/537.36',
  'accept' => 'text/html,application/xhtml+xml,application/xml;q=0.9,image/webp,image/apng,*/*;q=0.8',
  'referer' => 'http://www.abc.com/index.php/bis/index/index.html',
  'accept-encoding' => 'gzip, deflate',
  'accept-language' => 'zh-CN,zh;q=0.8',
  'cookie' => 'Huiskin=blue; PHPSESSID=6k1voe034n8dk4pon804f2dig2',
)
[ info ] [ PARAM ] array (
)
[ info ] [ SESSION ] INIT array (
  'id' => '',
  'var_session_id' => '',
  'prefix' => 'think',
  'type' => '',
  'auto_start' => true,
)
[ info ] [ RUN ] app\bis\controller\Deal->index[ F:\work\thinkphp\application\bis\controller\Deal.php ]
[ info ] [ DB ] INIT mysql
[ info ] [ VIEW ] F:\work\thinkphp\public/../application/bis\view\deal\index.html [ array (
  0 => 'deals',
  1 => 'categoryAss',
  2 => 'locationAss',
) ]
[ info ] [ LOG ] INIT File

---------------------------------------------------------------
[ 2017-08-08T17:14:27+08:00 ] 127.0.0.1 127.0.0.1 GET /index.php/bis/index/index.html
[ log ] www.abc.com/index.php/bis/index/index.html [运行时间：0.065004s][吞吐率：15.38req/s] [内存消耗：1,922.12kb] [文件加载：48]
[ info ] [ LANG ] F:\work\thinkphp\thinkphp\lang\zh-cn.php
[ info ] [ ROUTE ] array (
  'type' => 'module',
  'module' => 
  array (
    0 => 'bis',
    1 => 'index',
    2 => 'index',
  ),
)
[ info ] [ HEADER ] array (
  'host' => 'www.abc.com',
  'connection' => 'keep-alive',
  'cache-control' => 'max-age=0',
  'upgrade-insecure-requests' => '1',
  'user-agent' => 'Mozilla/5.0 (Windows NT 6.1; WOW64) AppleWebKit/537.36 (KHTML, like Gecko) Chrome/60.0.3112.10 Safari/537.36',
  'accept' => 'text/html,application/xhtml+xml,application/xml;q=0.9,image/webp,image/apng,*/*;q=0.8',
  'referer' => 'http://www.abc.com/index.php/bis/login/index.html',
  'accept-encoding' => 'gzip, deflate',
  'accept-language' => 'zh-CN,zh;q=0.8',
  'cookie' => 'Huiskin=blue; PHPSESSID=6k1voe034n8dk4pon804f2dig2',
)
[ info ] [ PARAM ] array (
)
[ info ] [ SESSION ] INIT array (
  'id' => '',
  'var_session_id' => '',
  'prefix' => 'think',
  'type' => '',
  'auto_start' => true,
)
[ info ] [ RUN ] app\bis\controller\Index->index[ F:\work\thinkphp\application\bis\controller\Index.php ]
[ info ] [ VIEW ] F:\work\thinkphp\public/../application/bis\view\index\index.html [ array (
) ]
[ info ] [ LOG ] INIT File

---------------------------------------------------------------
[ 2017-08-08T17:14:29+08:00 ] 127.0.0.1 127.0.0.1 GET /index.php/bis/index/index.html
[ log ] www.abc.com/index.php/bis/index/index.html [运行时间：0.068004s][吞吐率：14.70req/s] [内存消耗：1,922.12kb] [文件加载：48]
[ info ] [ LANG ] F:\work\thinkphp\thinkphp\lang\zh-cn.php
[ info ] [ ROUTE ] array (
  'type' => 'module',
  'module' => 
  array (
    0 => 'bis',
    1 => 'index',
    2 => 'index',
  ),
)
[ info ] [ HEADER ] array (
  'host' => 'www.abc.com',
  'connection' => 'keep-alive',
  'cache-control' => 'max-age=0',
  'upgrade-insecure-requests' => '1',
  'user-agent' => 'Mozilla/5.0 (Windows NT 6.1; WOW64) AppleWebKit/537.36 (KHTML, like Gecko) Chrome/60.0.3112.10 Safari/537.36',
  'accept' => 'text/html,application/xhtml+xml,application/xml;q=0.9,image/webp,image/apng,*/*;q=0.8',
  'referer' => 'http://www.abc.com/index.php/bis/login/index.html',
  'accept-encoding' => 'gzip, deflate',
  'accept-language' => 'zh-CN,zh;q=0.8',
  'cookie' => 'Huiskin=blue; PHPSESSID=6k1voe034n8dk4pon804f2dig2',
)
[ info ] [ PARAM ] array (
)
[ info ] [ SESSION ] INIT array (
  'id' => '',
  'var_session_id' => '',
  'prefix' => 'think',
  'type' => '',
  'auto_start' => true,
)
[ info ] [ RUN ] app\bis\controller\Index->index[ F:\work\thinkphp\application\bis\controller\Index.php ]
[ info ] [ VIEW ] F:\work\thinkphp\public/../application/bis\view\index\index.html [ array (
) ]
[ info ] [ LOG ] INIT File

---------------------------------------------------------------
[ 2017-08-08T17:14:30+08:00 ] 127.0.0.1 127.0.0.1 GET /index.php/bis/deal/index.html
[ log ] www.abc.com/index.php/bis/deal/index.html [运行时间：0.217013s][吞吐率：4.61req/s] [内存消耗：2,936.36kb] [文件加载：62]
[ info ] [ LANG ] F:\work\thinkphp\thinkphp\lang\zh-cn.php
[ info ] [ ROUTE ] array (
  'type' => 'module',
  'module' => 
  array (
    0 => 'bis',
    1 => 'deal',
    2 => 'index',
  ),
)
[ info ] [ HEADER ] array (
  'host' => 'www.abc.com',
  'connection' => 'keep-alive',
  'upgrade-insecure-requests' => '1',
  'user-agent' => 'Mozilla/5.0 (Windows NT 6.1; WOW64) AppleWebKit/537.36 (KHTML, like Gecko) Chrome/60.0.3112.10 Safari/537.36',
  'accept' => 'text/html,application/xhtml+xml,application/xml;q=0.9,image/webp,image/apng,*/*;q=0.8',
  'referer' => 'http://www.abc.com/index.php/bis/index/index.html',
  'accept-encoding' => 'gzip, deflate',
  'accept-language' => 'zh-CN,zh;q=0.8',
  'cookie' => 'Huiskin=blue; PHPSESSID=6k1voe034n8dk4pon804f2dig2',
)
[ info ] [ PARAM ] array (
)
[ info ] [ SESSION ] INIT array (
  'id' => '',
  'var_session_id' => '',
  'prefix' => 'think',
  'type' => '',
  'auto_start' => true,
)
[ info ] [ RUN ] app\bis\controller\Deal->index[ F:\work\thinkphp\application\bis\controller\Deal.php ]
[ info ] [ DB ] INIT mysql
[ info ] [ VIEW ] F:\work\thinkphp\public/../application/bis\view\deal\index.html [ array (
  0 => 'deals',
  1 => 'categoryAss',
  2 => 'locationAss',
) ]
[ info ] [ LOG ] INIT File

---------------------------------------------------------------
[ 2017-08-08T17:14:37+08:00 ] 127.0.0.1 127.0.0.1 GET /index.php/bis/deal/index.html
[ log ] www.abc.com/index.php/bis/deal/index.html [运行时间：0.127007s][吞吐率：7.87req/s] [内存消耗：2,936.36kb] [文件加载：62]
[ info ] [ LANG ] F:\work\thinkphp\thinkphp\lang\zh-cn.php
[ info ] [ ROUTE ] array (
  'type' => 'module',
  'module' => 
  array (
    0 => 'bis',
    1 => 'deal',
    2 => 'index',
  ),
)
[ info ] [ HEADER ] array (
  'host' => 'www.abc.com',
  'connection' => 'keep-alive',
  'upgrade-insecure-requests' => '1',
  'user-agent' => 'Mozilla/5.0 (Windows NT 6.1; WOW64) AppleWebKit/537.36 (KHTML, like Gecko) Chrome/60.0.3112.10 Safari/537.36',
  'accept' => 'text/html,application/xhtml+xml,application/xml;q=0.9,image/webp,image/apng,*/*;q=0.8',
  'referer' => 'http://www.abc.com/index.php/bis/index/index.html',
  'accept-encoding' => 'gzip, deflate',
  'accept-language' => 'zh-CN,zh;q=0.8',
  'cookie' => 'Huiskin=blue; PHPSESSID=6k1voe034n8dk4pon804f2dig2',
)
[ info ] [ PARAM ] array (
)
[ info ] [ SESSION ] INIT array (
  'id' => '',
  'var_session_id' => '',
  'prefix' => 'think',
  'type' => '',
  'auto_start' => true,
)
[ info ] [ RUN ] app\bis\controller\Deal->index[ F:\work\thinkphp\application\bis\controller\Deal.php ]
[ info ] [ DB ] INIT mysql
[ info ] [ VIEW ] F:\work\thinkphp\public/../application/bis\view\deal\index.html [ array (
  0 => 'deals',
  1 => 'categoryAss',
  2 => 'locationAss',
) ]
[ info ] [ LOG ] INIT File

---------------------------------------------------------------
[ 2017-08-08T17:14:40+08:00 ] 127.0.0.1 127.0.0.1 GET /index.php/bis/category/edit.html?id=1
[ log ] www.abc.com/index.php/bis/category/edit.html?id=1 [运行时间：0.192011s][吞吐率：5.21req/s] [内存消耗：1,312.14kb] [文件加载：38]
[ info ] [ LANG ] F:\work\thinkphp\thinkphp\lang\zh-cn.php
[ info ] [ ROUTE ] array (
  'type' => 'module',
  'module' => 
  array (
    0 => 'bis',
    1 => 'category',
    2 => 'edit',
  ),
)
[ info ] [ HEADER ] array (
  'host' => 'www.abc.com',
  'connection' => 'keep-alive',
  'upgrade-insecure-requests' => '1',
  'user-agent' => 'Mozilla/5.0 (Windows NT 6.1; WOW64) AppleWebKit/537.36 (KHTML, like Gecko) Chrome/60.0.3112.10 Safari/537.36',
  'accept' => 'text/html,application/xhtml+xml,application/xml;q=0.9,image/webp,image/apng,*/*;q=0.8',
  'referer' => 'http://www.abc.com/index.php/bis/deal/index.html',
  'accept-encoding' => 'gzip, deflate',
  'accept-language' => 'zh-CN,zh;q=0.8',
  'cookie' => 'Huiskin=blue; PHPSESSID=6k1voe034n8dk4pon804f2dig2',
)
[ info ] [ PARAM ] array (
  'id' => '1',
)
[ info ] [ LOG ] INIT File

---------------------------------------------------------------
[ 2017-08-08T17:14:56+08:00 ] 127.0.0.1 127.0.0.1 GET /index.php/bis/index/index.html
[ log ] www.abc.com/index.php/bis/index/index.html [运行时间：0.065004s][吞吐率：15.38req/s] [内存消耗：1,922.12kb] [文件加载：48]
[ info ] [ LANG ] F:\work\thinkphp\thinkphp\lang\zh-cn.php
[ info ] [ ROUTE ] array (
  'type' => 'module',
  'module' => 
  array (
    0 => 'bis',
    1 => 'index',
    2 => 'index',
  ),
)
[ info ] [ HEADER ] array (
  'host' => 'www.abc.com',
  'connection' => 'keep-alive',
  'cache-control' => 'max-age=0',
  'upgrade-insecure-requests' => '1',
  'user-agent' => 'Mozilla/5.0 (Windows NT 6.1; WOW64) AppleWebKit/537.36 (KHTML, like Gecko) Chrome/60.0.3112.10 Safari/537.36',
  'accept' => 'text/html,application/xhtml+xml,application/xml;q=0.9,image/webp,image/apng,*/*;q=0.8',
  'referer' => 'http://www.abc.com/index.php/bis/login/index.html',
  'accept-encoding' => 'gzip, deflate',
  'accept-language' => 'zh-CN,zh;q=0.8',
  'cookie' => 'Huiskin=blue; PHPSESSID=6k1voe034n8dk4pon804f2dig2',
)
[ info ] [ PARAM ] array (
)
[ info ] [ SESSION ] INIT array (
  'id' => '',
  'var_session_id' => '',
  'prefix' => 'think',
  'type' => '',
  'auto_start' => true,
)
[ info ] [ RUN ] app\bis\controller\Index->index[ F:\work\thinkphp\application\bis\controller\Index.php ]
[ info ] [ VIEW ] F:\work\thinkphp\public/../application/bis\view\index\index.html [ array (
) ]
[ info ] [ LOG ] INIT File

---------------------------------------------------------------
[ 2017-08-08T17:14:58+08:00 ] 127.0.0.1 127.0.0.1 GET /index.php/bis/deal/index.html
[ log ] www.abc.com/index.php/bis/deal/index.html [运行时间：0.238014s][吞吐率：4.20req/s] [内存消耗：3,101.64kb] [文件加载：64]
[ info ] [ LANG ] F:\work\thinkphp\thinkphp\lang\zh-cn.php
[ info ] [ ROUTE ] array (
  'type' => 'module',
  'module' => 
  array (
    0 => 'bis',
    1 => 'deal',
    2 => 'index',
  ),
)
[ info ] [ HEADER ] array (
  'host' => 'www.abc.com',
  'connection' => 'keep-alive',
  'upgrade-insecure-requests' => '1',
  'user-agent' => 'Mozilla/5.0 (Windows NT 6.1; WOW64) AppleWebKit/537.36 (KHTML, like Gecko) Chrome/60.0.3112.10 Safari/537.36',
  'accept' => 'text/html,application/xhtml+xml,application/xml;q=0.9,image/webp,image/apng,*/*;q=0.8',
  'referer' => 'http://www.abc.com/index.php/bis/index/index.html',
  'accept-encoding' => 'gzip, deflate',
  'accept-language' => 'zh-CN,zh;q=0.8',
  'cookie' => 'Huiskin=blue; PHPSESSID=6k1voe034n8dk4pon804f2dig2',
)
[ info ] [ PARAM ] array (
)
[ info ] [ SESSION ] INIT array (
  'id' => '',
  'var_session_id' => '',
  'prefix' => 'think',
  'type' => '',
  'auto_start' => true,
)
[ info ] [ RUN ] app\bis\controller\Deal->index[ F:\work\thinkphp\application\bis\controller\Deal.php ]
[ info ] [ DB ] INIT mysql
[ info ] [ VIEW ] F:\work\thinkphp\public/../application/bis\view\deal\index.html [ array (
  0 => 'deals',
  1 => 'categoryAss',
  2 => 'locationAss',
) ]
[ info ] [ LOG ] INIT File

---------------------------------------------------------------
[ 2017-08-08T17:15:03+08:00 ] 127.0.0.1 127.0.0.1 GET /index.php/bis/deal/add.html
[ log ] www.abc.com/index.php/bis/deal/add.html [运行时间：0.158009s][吞吐率：6.33req/s] [内存消耗：2,799.20kb] [文件加载：58]
[ info ] [ LANG ] F:\work\thinkphp\thinkphp\lang\zh-cn.php
[ info ] [ ROUTE ] array (
  'type' => 'module',
  'module' => 
  array (
    0 => 'bis',
    1 => 'deal',
    2 => 'add',
  ),
)
[ info ] [ HEADER ] array (
  'host' => 'www.abc.com',
  'connection' => 'keep-alive',
  'upgrade-insecure-requests' => '1',
  'user-agent' => 'Mozilla/5.0 (Windows NT 6.1; WOW64) AppleWebKit/537.36 (KHTML, like Gecko) Chrome/60.0.3112.10 Safari/537.36',
  'accept' => 'text/html,application/xhtml+xml,application/xml;q=0.9,image/webp,image/apng,*/*;q=0.8',
  'referer' => 'http://www.abc.com/index.php/bis/index/index.html',
  'accept-encoding' => 'gzip, deflate',
  'accept-language' => 'zh-CN,zh;q=0.8',
  'cookie' => 'Huiskin=blue; PHPSESSID=6k1voe034n8dk4pon804f2dig2',
)
[ info ] [ PARAM ] array (
)
[ info ] [ SESSION ] INIT array (
  'id' => '',
  'var_session_id' => '',
  'prefix' => 'think',
  'type' => '',
  'auto_start' => true,
)
[ info ] [ RUN ] app\bis\controller\Deal->add[ F:\work\thinkphp\application\bis\controller\Deal.php ]
[ info ] [ DB ] INIT mysql
[ info ] [ VIEW ] F:\work\thinkphp\public/../application/bis\view\deal\add.html [ array (
  0 => 'citys',
  1 => 'categorys',
  2 => 'bislocations',
) ]
[ info ] [ LOG ] INIT File

---------------------------------------------------------------
[ 2017-08-08T17:15:04+08:00 ] 127.0.0.1 127.0.0.1 GET /index.php/bis/deal/
[ log ] www.abc.com/index.php/bis/deal/ [运行时间：0.141008s][吞吐率：7.09req/s] [内存消耗：2,936.33kb] [文件加载：62]
[ info ] [ LANG ] F:\work\thinkphp\thinkphp\lang\zh-cn.php
[ info ] [ ROUTE ] array (
  'type' => 'module',
  'module' => 
  array (
    0 => 'bis',
    1 => 'deal',
    2 => NULL,
  ),
)
[ info ] [ HEADER ] array (
  'host' => 'www.abc.com',
  'connection' => 'keep-alive',
  'user-agent' => 'Mozilla/5.0 (Windows NT 6.1; WOW64) AppleWebKit/537.36 (KHTML, like Gecko) Chrome/60.0.3112.10 Safari/537.36',
  'x-requested-with' => 'ShockwaveFlash/26.0.0.137',
  'accept' => '*/*',
  'referer' => 'http://www.abc.com/index.php/bis/deal/add.html',
  'accept-encoding' => 'gzip, deflate',
  'accept-language' => 'zh-CN,zh;q=0.8',
  'cookie' => 'Huiskin=blue; PHPSESSID=6k1voe034n8dk4pon804f2dig2',
)
[ info ] [ PARAM ] array (
)
[ info ] [ SESSION ] INIT array (
  'id' => '',
  'var_session_id' => '',
  'prefix' => 'think',
  'type' => '',
  'auto_start' => true,
)
[ info ] [ RUN ] app\bis\controller\Deal->index[ F:\work\thinkphp\application\bis\controller\Deal.php ]
[ info ] [ DB ] INIT mysql
[ info ] [ VIEW ] F:\work\thinkphp\public/../application/bis\view\deal\index.html [ array (
  0 => 'deals',
  1 => 'categoryAss',
  2 => 'locationAss',
) ]
[ info ] [ LOG ] INIT File

---------------------------------------------------------------
[ 2017-08-08T17:15:09+08:00 ] 127.0.0.1 127.0.0.1 POST /index.php/api/city/getcitysbyparentid.html
[ log ] www.abc.com/index.php/api/city/getcitysbyparentid.html [运行时间：0.139008s][吞吐率：7.19req/s] [内存消耗：2,567.52kb] [文件加载：52]
[ info ] [ LANG ] F:\work\thinkphp\thinkphp\lang\zh-cn.php
[ info ] [ ROUTE ] array (
  'type' => 'module',
  'module' => 
  array (
    0 => 'api',
    1 => 'city',
    2 => 'getcitysbyparentid',
  ),
)
[ info ] [ HEADER ] array (
  'host' => 'www.abc.com',
  'connection' => 'keep-alive',
  'content-length' => '4',
  'accept' => 'application/json, text/javascript, */*; q=0.01',
  'origin' => 'http://www.abc.com',
  'x-requested-with' => 'XMLHttpRequest',
  'user-agent' => 'Mozilla/5.0 (Windows NT 6.1; WOW64) AppleWebKit/537.36 (KHTML, like Gecko) Chrome/60.0.3112.10 Safari/537.36',
  'content-type' => 'application/x-www-form-urlencoded; charset=UTF-8',
  'referer' => 'http://www.abc.com/index.php/bis/deal/add.html',
  'accept-encoding' => 'gzip, deflate',
  'accept-language' => 'zh-CN,zh;q=0.8',
  'cookie' => 'Huiskin=blue; PHPSESSID=6k1voe034n8dk4pon804f2dig2',
)
[ info ] [ PARAM ] array (
  'id' => '4',
)
[ info ] [ DB ] INIT mysql
[ info ] [ RUN ] app\api\controller\City->getCitysByParentId[ F:\work\thinkphp\application\api\controller\City.php ]
[ info ] [ LOG ] INIT File

---------------------------------------------------------------
[ 2017-08-08T17:15:12+08:00 ] 127.0.0.1 127.0.0.1 POST /index.php/api/category/getcategorybyparentid.html
[ log ] www.abc.com/index.php/api/category/getcategorybyparentid.html [运行时间：0.100006s][吞吐率：10.00req/s] [内存消耗：2,569.13kb] [文件加载：52]
[ info ] [ LANG ] F:\work\thinkphp\thinkphp\lang\zh-cn.php
[ info ] [ ROUTE ] array (
  'type' => 'module',
  'module' => 
  array (
    0 => 'api',
    1 => 'category',
    2 => 'getcategorybyparentid',
  ),
)
[ info ] [ HEADER ] array (
  'host' => 'www.abc.com',
  'connection' => 'keep-alive',
  'content-length' => '4',
  'accept' => 'application/json, text/javascript, */*; q=0.01',
  'origin' => 'http://www.abc.com',
  'x-requested-with' => 'XMLHttpRequest',
  'user-agent' => 'Mozilla/5.0 (Windows NT 6.1; WOW64) AppleWebKit/537.36 (KHTML, like Gecko) Chrome/60.0.3112.10 Safari/537.36',
  'content-type' => 'application/x-www-form-urlencoded; charset=UTF-8',
  'referer' => 'http://www.abc.com/index.php/bis/deal/add.html',
  'accept-encoding' => 'gzip, deflate',
  'accept-language' => 'zh-CN,zh;q=0.8',
  'cookie' => 'Huiskin=blue; PHPSESSID=6k1voe034n8dk4pon804f2dig2',
)
[ info ] [ PARAM ] array (
  'id' => '5',
)
[ info ] [ RUN ] app\api\controller\Category->getCategoryByParentId[ F:\work\thinkphp\application\api\controller\Category.php ]
[ info ] [ DB ] INIT mysql
[ info ] [ LOG ] INIT File

---------------------------------------------------------------
[ 2017-08-08T17:15:21+08:00 ] 127.0.0.1 127.0.0.1 POST /index.php/api/category/getcategorybyparentid.html
[ log ] www.abc.com/index.php/api/category/getcategorybyparentid.html [运行时间：0.108006s][吞吐率：9.26req/s] [内存消耗：2,569.77kb] [文件加载：52]
[ info ] [ LANG ] F:\work\thinkphp\thinkphp\lang\zh-cn.php
[ info ] [ ROUTE ] array (
  'type' => 'module',
  'module' => 
  array (
    0 => 'api',
    1 => 'category',
    2 => 'getcategorybyparentid',
  ),
)
[ info ] [ HEADER ] array (
  'host' => 'www.abc.com',
  'connection' => 'keep-alive',
  'content-length' => '4',
  'accept' => 'application/json, text/javascript, */*; q=0.01',
  'origin' => 'http://www.abc.com',
  'x-requested-with' => 'XMLHttpRequest',
  'user-agent' => 'Mozilla/5.0 (Windows NT 6.1; WOW64) AppleWebKit/537.36 (KHTML, like Gecko) Chrome/60.0.3112.10 Safari/537.36',
  'content-type' => 'application/x-www-form-urlencoded; charset=UTF-8',
  'referer' => 'http://www.abc.com/index.php/bis/deal/add.html',
  'accept-encoding' => 'gzip, deflate',
  'accept-language' => 'zh-CN,zh;q=0.8',
  'cookie' => 'Huiskin=blue; PHPSESSID=6k1voe034n8dk4pon804f2dig2',
)
[ info ] [ PARAM ] array (
  'id' => '1',
)
[ info ] [ RUN ] app\api\controller\Category->getCategoryByParentId[ F:\work\thinkphp\application\api\controller\Category.php ]
[ info ] [ DB ] INIT mysql
[ info ] [ LOG ] INIT File

---------------------------------------------------------------
[ 2017-08-08T17:21:12+08:00 ] 127.0.0.1 127.0.0.1 GET /index.php/bis/index/index.html
[ log ] www.abc.com/index.php/bis/index/index.html [运行时间：0.116006s][吞吐率：8.62req/s] [内存消耗：1,922.12kb] [文件加载：48]
[ info ] [ LANG ] F:\work\thinkphp\thinkphp\lang\zh-cn.php
[ info ] [ ROUTE ] array (
  'type' => 'module',
  'module' => 
  array (
    0 => 'bis',
    1 => 'index',
    2 => 'index',
  ),
)
[ info ] [ HEADER ] array (
  'host' => 'www.abc.com',
  'connection' => 'keep-alive',
  'cache-control' => 'max-age=0',
  'upgrade-insecure-requests' => '1',
  'user-agent' => 'Mozilla/5.0 (Windows NT 6.1; WOW64) AppleWebKit/537.36 (KHTML, like Gecko) Chrome/60.0.3112.10 Safari/537.36',
  'accept' => 'text/html,application/xhtml+xml,application/xml;q=0.9,image/webp,image/apng,*/*;q=0.8',
  'referer' => 'http://www.abc.com/index.php/bis/login/index.html',
  'accept-encoding' => 'gzip, deflate',
  'accept-language' => 'zh-CN,zh;q=0.8',
  'cookie' => 'Huiskin=blue; PHPSESSID=6k1voe034n8dk4pon804f2dig2',
)
[ info ] [ PARAM ] array (
)
[ info ] [ SESSION ] INIT array (
  'id' => '',
  'var_session_id' => '',
  'prefix' => 'think',
  'type' => '',
  'auto_start' => true,
)
[ info ] [ RUN ] app\bis\controller\Index->index[ F:\work\thinkphp\application\bis\controller\Index.php ]
[ info ] [ VIEW ] F:\work\thinkphp\public/../application/bis\view\index\index.html [ array (
) ]
[ info ] [ LOG ] INIT File

---------------------------------------------------------------
[ 2017-08-08T17:21:14+08:00 ] 127.0.0.1 127.0.0.1 GET /index.php/bis/deal/index.html
[ log ] www.abc.com/index.php/bis/deal/index.html [运行时间：0.295016s][吞吐率：3.39req/s] [内存消耗：2,891.80kb] [文件加载：63]
[ info ] [ LANG ] F:\work\thinkphp\thinkphp\lang\zh-cn.php
[ info ] [ ROUTE ] array (
  'type' => 'module',
  'module' => 
  array (
    0 => 'bis',
    1 => 'deal',
    2 => 'index',
  ),
)
[ info ] [ HEADER ] array (
  'host' => 'www.abc.com',
  'connection' => 'keep-alive',
  'upgrade-insecure-requests' => '1',
  'user-agent' => 'Mozilla/5.0 (Windows NT 6.1; WOW64) AppleWebKit/537.36 (KHTML, like Gecko) Chrome/60.0.3112.10 Safari/537.36',
  'accept' => 'text/html,application/xhtml+xml,application/xml;q=0.9,image/webp,image/apng,*/*;q=0.8',
  'referer' => 'http://www.abc.com/index.php/bis/index/index.html',
  'accept-encoding' => 'gzip, deflate',
  'accept-language' => 'zh-CN,zh;q=0.8',
  'cookie' => 'Huiskin=blue; PHPSESSID=6k1voe034n8dk4pon804f2dig2',
)
[ info ] [ PARAM ] array (
)
[ info ] [ SESSION ] INIT array (
  'id' => '',
  'var_session_id' => '',
  'prefix' => 'think',
  'type' => '',
  'auto_start' => true,
)
[ info ] [ RUN ] app\bis\controller\Deal->index[ F:\work\thinkphp\application\bis\controller\Deal.php ]
[ info ] [ DB ] INIT mysql
[ info ] [ LOG ] INIT File

---------------------------------------------------------------
[ 2017-08-08T17:22:12+08:00 ] 127.0.0.1 127.0.0.1 GET /index.php/bis/index/index.html
[ log ] www.abc.com/index.php/bis/index/index.html [运行时间：0.111006s][吞吐率：9.01req/s] [内存消耗：1,922.12kb] [文件加载：48]
[ info ] [ LANG ] F:\work\thinkphp\thinkphp\lang\zh-cn.php
[ info ] [ ROUTE ] array (
  'type' => 'module',
  'module' => 
  array (
    0 => 'bis',
    1 => 'index',
    2 => 'index',
  ),
)
[ info ] [ HEADER ] array (
  'host' => 'www.abc.com',
  'connection' => 'keep-alive',
  'cache-control' => 'max-age=0',
  'upgrade-insecure-requests' => '1',
  'user-agent' => 'Mozilla/5.0 (Windows NT 6.1; WOW64) AppleWebKit/537.36 (KHTML, like Gecko) Chrome/60.0.3112.10 Safari/537.36',
  'accept' => 'text/html,application/xhtml+xml,application/xml;q=0.9,image/webp,image/apng,*/*;q=0.8',
  'referer' => 'http://www.abc.com/index.php/bis/login/index.html',
  'accept-encoding' => 'gzip, deflate',
  'accept-language' => 'zh-CN,zh;q=0.8',
  'cookie' => 'Huiskin=blue; PHPSESSID=6k1voe034n8dk4pon804f2dig2',
)
[ info ] [ PARAM ] array (
)
[ info ] [ SESSION ] INIT array (
  'id' => '',
  'var_session_id' => '',
  'prefix' => 'think',
  'type' => '',
  'auto_start' => true,
)
[ info ] [ RUN ] app\bis\controller\Index->index[ F:\work\thinkphp\application\bis\controller\Index.php ]
[ info ] [ VIEW ] F:\work\thinkphp\public/../application/bis\view\index\index.html [ array (
) ]
[ info ] [ LOG ] INIT File

---------------------------------------------------------------
[ 2017-08-08T17:22:14+08:00 ] 127.0.0.1 127.0.0.1 GET /index.php/bis/deal/index.html
[ log ] www.abc.com/index.php/bis/deal/index.html [运行时间：0.251014s][吞吐率：3.98req/s] [内存消耗：2,891.80kb] [文件加载：63]
[ info ] [ LANG ] F:\work\thinkphp\thinkphp\lang\zh-cn.php
[ info ] [ ROUTE ] array (
  'type' => 'module',
  'module' => 
  array (
    0 => 'bis',
    1 => 'deal',
    2 => 'index',
  ),
)
[ info ] [ HEADER ] array (
  'host' => 'www.abc.com',
  'connection' => 'keep-alive',
  'upgrade-insecure-requests' => '1',
  'user-agent' => 'Mozilla/5.0 (Windows NT 6.1; WOW64) AppleWebKit/537.36 (KHTML, like Gecko) Chrome/60.0.3112.10 Safari/537.36',
  'accept' => 'text/html,application/xhtml+xml,application/xml;q=0.9,image/webp,image/apng,*/*;q=0.8',
  'referer' => 'http://www.abc.com/index.php/bis/index/index.html',
  'accept-encoding' => 'gzip, deflate',
  'accept-language' => 'zh-CN,zh;q=0.8',
  'cookie' => 'Huiskin=blue; PHPSESSID=6k1voe034n8dk4pon804f2dig2',
)
[ info ] [ PARAM ] array (
)
[ info ] [ SESSION ] INIT array (
  'id' => '',
  'var_session_id' => '',
  'prefix' => 'think',
  'type' => '',
  'auto_start' => true,
)
[ info ] [ RUN ] app\bis\controller\Deal->index[ F:\work\thinkphp\application\bis\controller\Deal.php ]
[ info ] [ DB ] INIT mysql
[ info ] [ LOG ] INIT File

---------------------------------------------------------------
[ 2017-08-08T17:22:41+08:00 ] 127.0.0.1 127.0.0.1 GET /index.php/bis/index/index.html
[ log ] www.abc.com/index.php/bis/index/index.html [运行时间：0.077005s][吞吐率：12.99req/s] [内存消耗：1,922.12kb] [文件加载：48]
[ info ] [ LANG ] F:\work\thinkphp\thinkphp\lang\zh-cn.php
[ info ] [ ROUTE ] array (
  'type' => 'module',
  'module' => 
  array (
    0 => 'bis',
    1 => 'index',
    2 => 'index',
  ),
)
[ info ] [ HEADER ] array (
  'host' => 'www.abc.com',
  'connection' => 'keep-alive',
  'cache-control' => 'max-age=0',
  'upgrade-insecure-requests' => '1',
  'user-agent' => 'Mozilla/5.0 (Windows NT 6.1; WOW64) AppleWebKit/537.36 (KHTML, like Gecko) Chrome/60.0.3112.10 Safari/537.36',
  'accept' => 'text/html,application/xhtml+xml,application/xml;q=0.9,image/webp,image/apng,*/*;q=0.8',
  'referer' => 'http://www.abc.com/index.php/bis/login/index.html',
  'accept-encoding' => 'gzip, deflate',
  'accept-language' => 'zh-CN,zh;q=0.8',
  'cookie' => 'Huiskin=blue; PHPSESSID=6k1voe034n8dk4pon804f2dig2',
)
[ info ] [ PARAM ] array (
)
[ info ] [ SESSION ] INIT array (
  'id' => '',
  'var_session_id' => '',
  'prefix' => 'think',
  'type' => '',
  'auto_start' => true,
)
[ info ] [ RUN ] app\bis\controller\Index->index[ F:\work\thinkphp\application\bis\controller\Index.php ]
[ info ] [ VIEW ] F:\work\thinkphp\public/../application/bis\view\index\index.html [ array (
) ]
[ info ] [ LOG ] INIT File

---------------------------------------------------------------
[ 2017-08-08T17:22:44+08:00 ] 127.0.0.1 127.0.0.1 GET /index.php/bis/deal/index.html
[ log ] www.abc.com/index.php/bis/deal/index.html [运行时间：0.249015s][吞吐率：4.02req/s] [内存消耗：2,891.89kb] [文件加载：63]
[ info ] [ LANG ] F:\work\thinkphp\thinkphp\lang\zh-cn.php
[ info ] [ ROUTE ] array (
  'type' => 'module',
  'module' => 
  array (
    0 => 'bis',
    1 => 'deal',
    2 => 'index',
  ),
)
[ info ] [ HEADER ] array (
  'host' => 'www.abc.com',
  'connection' => 'keep-alive',
  'upgrade-insecure-requests' => '1',
  'user-agent' => 'Mozilla/5.0 (Windows NT 6.1; WOW64) AppleWebKit/537.36 (KHTML, like Gecko) Chrome/60.0.3112.10 Safari/537.36',
  'accept' => 'text/html,application/xhtml+xml,application/xml;q=0.9,image/webp,image/apng,*/*;q=0.8',
  'referer' => 'http://www.abc.com/index.php/bis/index/index.html',
  'accept-encoding' => 'gzip, deflate',
  'accept-language' => 'zh-CN,zh;q=0.8',
  'cookie' => 'Huiskin=blue; PHPSESSID=6k1voe034n8dk4pon804f2dig2',
)
[ info ] [ PARAM ] array (
)
[ info ] [ SESSION ] INIT array (
  'id' => '',
  'var_session_id' => '',
  'prefix' => 'think',
  'type' => '',
  'auto_start' => true,
)
[ info ] [ RUN ] app\bis\controller\Deal->index[ F:\work\thinkphp\application\bis\controller\Deal.php ]
[ info ] [ DB ] INIT mysql
[ info ] [ LOG ] INIT File

---------------------------------------------------------------
[ 2017-08-08T17:22:55+08:00 ] 127.0.0.1 127.0.0.1 GET /index.php/bis/index/index.html
[ log ] www.abc.com/index.php/bis/index/index.html [运行时间：0.100005s][吞吐率：10.00req/s] [内存消耗：1,922.12kb] [文件加载：48]
[ info ] [ LANG ] F:\work\thinkphp\thinkphp\lang\zh-cn.php
[ info ] [ ROUTE ] array (
  'type' => 'module',
  'module' => 
  array (
    0 => 'bis',
    1 => 'index',
    2 => 'index',
  ),
)
[ info ] [ HEADER ] array (
  'host' => 'www.abc.com',
  'connection' => 'keep-alive',
  'cache-control' => 'max-age=0',
  'upgrade-insecure-requests' => '1',
  'user-agent' => 'Mozilla/5.0 (Windows NT 6.1; WOW64) AppleWebKit/537.36 (KHTML, like Gecko) Chrome/60.0.3112.10 Safari/537.36',
  'accept' => 'text/html,application/xhtml+xml,application/xml;q=0.9,image/webp,image/apng,*/*;q=0.8',
  'referer' => 'http://www.abc.com/index.php/bis/login/index.html',
  'accept-encoding' => 'gzip, deflate',
  'accept-language' => 'zh-CN,zh;q=0.8',
  'cookie' => 'Huiskin=blue; PHPSESSID=6k1voe034n8dk4pon804f2dig2',
)
[ info ] [ PARAM ] array (
)
[ info ] [ SESSION ] INIT array (
  'id' => '',
  'var_session_id' => '',
  'prefix' => 'think',
  'type' => '',
  'auto_start' => true,
)
[ info ] [ RUN ] app\bis\controller\Index->index[ F:\work\thinkphp\application\bis\controller\Index.php ]
[ info ] [ VIEW ] F:\work\thinkphp\public/../application/bis\view\index\index.html [ array (
) ]
[ info ] [ LOG ] INIT File

---------------------------------------------------------------
[ 2017-08-08T17:22:57+08:00 ] 127.0.0.1 127.0.0.1 GET /index.php/bis/deal/index.html
[ log ] www.abc.com/index.php/bis/deal/index.html [运行时间：0.265015s][吞吐率：3.77req/s] [内存消耗：3,085.02kb] [文件加载：67]
[ info ] [ LANG ] F:\work\thinkphp\thinkphp\lang\zh-cn.php
[ info ] [ ROUTE ] array (
  'type' => 'module',
  'module' => 
  array (
    0 => 'bis',
    1 => 'deal',
    2 => 'index',
  ),
)
[ info ] [ HEADER ] array (
  'host' => 'www.abc.com',
  'connection' => 'keep-alive',
  'upgrade-insecure-requests' => '1',
  'user-agent' => 'Mozilla/5.0 (Windows NT 6.1; WOW64) AppleWebKit/537.36 (KHTML, like Gecko) Chrome/60.0.3112.10 Safari/537.36',
  'accept' => 'text/html,application/xhtml+xml,application/xml;q=0.9,image/webp,image/apng,*/*;q=0.8',
  'referer' => 'http://www.abc.com/index.php/bis/index/index.html',
  'accept-encoding' => 'gzip, deflate',
  'accept-language' => 'zh-CN,zh;q=0.8',
  'cookie' => 'Huiskin=blue; PHPSESSID=6k1voe034n8dk4pon804f2dig2',
)
[ info ] [ PARAM ] array (
)
[ info ] [ SESSION ] INIT array (
  'id' => '',
  'var_session_id' => '',
  'prefix' => 'think',
  'type' => '',
  'auto_start' => true,
)
[ info ] [ RUN ] app\bis\controller\Deal->index[ F:\work\thinkphp\application\bis\controller\Deal.php ]
[ info ] [ DB ] INIT mysql
[ info ] [ VIEW ] F:\work\thinkphp\public/../application/bis\view\deal\index.html [ array (
  0 => 'deals',
  1 => 'categoryAss',
  2 => 'locationAss',
) ]
[ info ] [ LOG ] INIT File

---------------------------------------------------------------
[ 2017-08-08T17:23:34+08:00 ] 127.0.0.1 127.0.0.1 GET /index.php/bis/index/index.html
[ log ] www.abc.com/index.php/bis/index/index.html [运行时间：0.069004s][吞吐率：14.49req/s] [内存消耗：1,922.12kb] [文件加载：48]
[ info ] [ LANG ] F:\work\thinkphp\thinkphp\lang\zh-cn.php
[ info ] [ ROUTE ] array (
  'type' => 'module',
  'module' => 
  array (
    0 => 'bis',
    1 => 'index',
    2 => 'index',
  ),
)
[ info ] [ HEADER ] array (
  'host' => 'www.abc.com',
  'connection' => 'keep-alive',
  'cache-control' => 'max-age=0',
  'upgrade-insecure-requests' => '1',
  'user-agent' => 'Mozilla/5.0 (Windows NT 6.1; WOW64) AppleWebKit/537.36 (KHTML, like Gecko) Chrome/60.0.3112.10 Safari/537.36',
  'accept' => 'text/html,application/xhtml+xml,application/xml;q=0.9,image/webp,image/apng,*/*;q=0.8',
  'referer' => 'http://www.abc.com/index.php/bis/login/index.html',
  'accept-encoding' => 'gzip, deflate',
  'accept-language' => 'zh-CN,zh;q=0.8',
  'cookie' => 'Huiskin=blue; PHPSESSID=6k1voe034n8dk4pon804f2dig2',
)
[ info ] [ PARAM ] array (
)
[ info ] [ SESSION ] INIT array (
  'id' => '',
  'var_session_id' => '',
  'prefix' => 'think',
  'type' => '',
  'auto_start' => true,
)
[ info ] [ RUN ] app\bis\controller\Index->index[ F:\work\thinkphp\application\bis\controller\Index.php ]
[ info ] [ VIEW ] F:\work\thinkphp\public/../application/bis\view\index\index.html [ array (
) ]
[ info ] [ LOG ] INIT File

---------------------------------------------------------------
[ 2017-08-08T17:23:36+08:00 ] 127.0.0.1 127.0.0.1 GET /index.php/bis/deal/index.html
[ log ] www.abc.com/index.php/bis/deal/index.html [运行时间：0.276016s][吞吐率：3.62req/s] [内存消耗：2,926.91kb] [文件加载：62]
[ info ] [ LANG ] F:\work\thinkphp\thinkphp\lang\zh-cn.php
[ info ] [ ROUTE ] array (
  'type' => 'module',
  'module' => 
  array (
    0 => 'bis',
    1 => 'deal',
    2 => 'index',
  ),
)
[ info ] [ HEADER ] array (
  'host' => 'www.abc.com',
  'connection' => 'keep-alive',
  'upgrade-insecure-requests' => '1',
  'user-agent' => 'Mozilla/5.0 (Windows NT 6.1; WOW64) AppleWebKit/537.36 (KHTML, like Gecko) Chrome/60.0.3112.10 Safari/537.36',
  'accept' => 'text/html,application/xhtml+xml,application/xml;q=0.9,image/webp,image/apng,*/*;q=0.8',
  'referer' => 'http://www.abc.com/index.php/bis/index/index.html',
  'accept-encoding' => 'gzip, deflate',
  'accept-language' => 'zh-CN,zh;q=0.8',
  'cookie' => 'Huiskin=blue; PHPSESSID=6k1voe034n8dk4pon804f2dig2',
)
[ info ] [ PARAM ] array (
)
[ info ] [ SESSION ] INIT array (
  'id' => '',
  'var_session_id' => '',
  'prefix' => 'think',
  'type' => '',
  'auto_start' => true,
)
[ info ] [ RUN ] app\bis\controller\Deal->index[ F:\work\thinkphp\application\bis\controller\Deal.php ]
[ info ] [ DB ] INIT mysql
[ info ] [ VIEW ] F:\work\thinkphp\public/../application/bis\view\deal\index.html [ array (
  0 => 'deals',
  1 => 'categoryAss',
  2 => 'bisAss',
) ]
[ info ] [ LOG ] INIT File

---------------------------------------------------------------
