[ 2017-07-15T09:59:50+08:00 ] 127.0.0.1 127.0.0.1 GET /index.php/bis
[ log ] www.abc.com/index.php/bis [运行时间：0.403023s][吞吐率：2.48req/s] [内存消耗：1,675.98kb] [文件加载：46]
[ info ] [ LANG ] F:\work\thinkphp\thinkphp\lang\zh-cn.php
[ info ] [ ROUTE ] array (
  'type' => 'module',
  'module' => 
  array (
    0 => 'bis',
    1 => NULL,
    2 => NULL,
  ),
)
[ info ] [ HEADER ] array (
  'host' => 'www.abc.com',
  'connection' => 'keep-alive',
  'accept' => 'text/html,application/xhtml+xml,application/xml;q=0.9,image/webp,*/*;q=0.8',
  'upgrade-insecure-requests' => '1',
  'user-agent' => 'Mozilla/5.0 (Windows NT 6.1; WOW64) AppleWebKit/537.36 (KHTML, like Gecko) Chrome/49.0.2623.221 Safari/537.36 SE 2.X MetaSr 1.0',
  'accept-encoding' => 'gzip, deflate, sdch',
  'accept-language' => 'zh-CN,zh;q=0.8',
  'cookie' => 'pgv_pvi=8328582144; Huiskin=blue',
)
[ info ] [ PARAM ] array (
)
[ info ] [ SESSION ] INIT array (
  'id' => '',
  'var_session_id' => '',
  'prefix' => 'think',
  'type' => '',
  'auto_start' => true,
)
[ info ] [ LOG ] INIT File

---------------------------------------------------------------
[ 2017-07-15T09:59:50+08:00 ] 127.0.0.1 127.0.0.1 GET /index.php/bis/login/index.html
[ log ] www.abc.com/index.php/bis/login/index.html [运行时间：0.056004s][吞吐率：17.86req/s] [内存消耗：1,655.30kb] [文件加载：44]
[ info ] [ LANG ] F:\work\thinkphp\thinkphp\lang\zh-cn.php
[ info ] [ ROUTE ] array (
  'type' => 'module',
  'module' => 
  array (
    0 => 'bis',
    1 => 'login',
    2 => 'index',
  ),
)
[ info ] [ HEADER ] array (
  'host' => 'www.abc.com',
  'connection' => 'keep-alive',
  'accept' => 'text/html,application/xhtml+xml,application/xml;q=0.9,image/webp,*/*;q=0.8',
  'upgrade-insecure-requests' => '1',
  'user-agent' => 'Mozilla/5.0 (Windows NT 6.1; WOW64) AppleWebKit/537.36 (KHTML, like Gecko) Chrome/49.0.2623.221 Safari/537.36 SE 2.X MetaSr 1.0',
  'accept-encoding' => 'gzip, deflate, sdch',
  'accept-language' => 'zh-CN,zh;q=0.8',
  'cookie' => 'pgv_pvi=8328582144; Huiskin=blue; PHPSESSID=r9i85lqoq176a4o1en6b8rsf27',
)
[ info ] [ PARAM ] array (
)
[ info ] [ RUN ] app\bis\controller\Login->index[ F:\work\thinkphp\application\bis\controller\Login.php ]
[ info ] [ SESSION ] INIT array (
  'id' => '',
  'var_session_id' => '',
  'prefix' => 'think',
  'type' => '',
  'auto_start' => true,
)
[ info ] [ VIEW ] F:\work\thinkphp\public/../application/bis\view\login\index.html [ array (
) ]
[ info ] [ LOG ] INIT File

---------------------------------------------------------------
[ 2017-07-15T09:59:53+08:00 ] 127.0.0.1 127.0.0.1 GET /index.php/bis/register/index.html
[ log ] www.abc.com/index.php/bis/register/index.html [运行时间：0.447026s][吞吐率：2.24req/s] [内存消耗：2,694.20kb] [文件加载：54]
[ info ] [ LANG ] F:\work\thinkphp\thinkphp\lang\zh-cn.php
[ info ] [ ROUTE ] array (
  'type' => 'module',
  'module' => 
  array (
    0 => 'bis',
    1 => 'register',
    2 => 'index',
  ),
)
[ info ] [ HEADER ] array (
  'host' => 'www.abc.com',
  'connection' => 'keep-alive',
  'accept' => 'text/html,application/xhtml+xml,application/xml;q=0.9,image/webp,*/*;q=0.8',
  'upgrade-insecure-requests' => '1',
  'user-agent' => 'Mozilla/5.0 (Windows NT 6.1; WOW64) AppleWebKit/537.36 (KHTML, like Gecko) Chrome/49.0.2623.221 Safari/537.36 SE 2.X MetaSr 1.0',
  'referer' => 'http://www.abc.com/index.php/bis/login/index.html',
  'accept-encoding' => 'gzip, deflate, sdch',
  'accept-language' => 'zh-CN,zh;q=0.8',
  'cookie' => 'pgv_pvi=8328582144; Huiskin=blue; PHPSESSID=r9i85lqoq176a4o1en6b8rsf27',
)
[ info ] [ PARAM ] array (
)
[ info ] [ RUN ] app\bis\controller\Register->index[ F:\work\thinkphp\application\bis\controller\Register.php ]
[ info ] [ DB ] INIT mysql
[ info ] [ VIEW ] F:\work\thinkphp\public/../application/bis\view\register\index.html [ array (
  0 => 'citys',
  1 => 'categorys',
) ]
[ info ] [ LOG ] INIT File

---------------------------------------------------------------
[ 2017-07-15T09:59:56+08:00 ] 127.0.0.1 127.0.0.1 GET /index.php/bis/register/
[ log ] www.abc.com/index.php/bis/register/ [运行时间：0.323018s][吞吐率：3.10req/s] [内存消耗：2,694.13kb] [文件加载：54]
[ info ] [ LANG ] F:\work\thinkphp\thinkphp\lang\zh-cn.php
[ info ] [ ROUTE ] array (
  'type' => 'module',
  'module' => 
  array (
    0 => 'bis',
    1 => 'register',
    2 => NULL,
  ),
)
[ info ] [ HEADER ] array (
  'host' => 'www.abc.com',
  'connection' => 'keep-alive',
  'user-agent' => 'Mozilla/5.0 (Windows NT 6.1; WOW64) AppleWebKit/537.36 (KHTML, like Gecko) Chrome/49.0.2623.221 Safari/537.36 SE 2.X MetaSr 1.0',
  'x-requested-with' => 'ShockwaveFlash/22.0.0.209',
  'accept' => '*/*',
  'referer' => 'http://www.abc.com/index.php/bis/register/index.html',
  'accept-encoding' => 'gzip, deflate, sdch',
  'accept-language' => 'zh-CN,zh;q=0.8',
  'cookie' => 'pgv_pvi=8328582144; Huiskin=blue; PHPSESSID=r9i85lqoq176a4o1en6b8rsf27',
)
[ info ] [ PARAM ] array (
)
[ info ] [ RUN ] app\bis\controller\Register->index[ F:\work\thinkphp\application\bis\controller\Register.php ]
[ info ] [ DB ] INIT mysql
[ info ] [ VIEW ] F:\work\thinkphp\public/../application/bis\view\register\index.html [ array (
  0 => 'citys',
  1 => 'categorys',
) ]
[ info ] [ LOG ] INIT File

---------------------------------------------------------------
[ 2017-07-15T09:59:56+08:00 ] 127.0.0.1 127.0.0.1 GET /index.php/bis/register/
[ log ] www.abc.com/index.php/bis/register/ [运行时间：0.198011s][吞吐率：5.05req/s] [内存消耗：2,694.17kb] [文件加载：54]
[ info ] [ LANG ] F:\work\thinkphp\thinkphp\lang\zh-cn.php
[ info ] [ ROUTE ] array (
  'type' => 'module',
  'module' => 
  array (
    0 => 'bis',
    1 => 'register',
    2 => NULL,
  ),
)
[ info ] [ HEADER ] array (
  'host' => 'www.abc.com',
  'connection' => 'keep-alive',
  'user-agent' => 'Mozilla/5.0 (Windows NT 6.1; WOW64) AppleWebKit/537.36 (KHTML, like Gecko) Chrome/49.0.2623.221 Safari/537.36 SE 2.X MetaSr 1.0',
  'x-requested-with' => 'ShockwaveFlash/22.0.0.209',
  'accept' => '*/*',
  'referer' => 'http://www.abc.com/index.php/bis/register/index.html',
  'accept-encoding' => 'gzip, deflate, sdch',
  'accept-language' => 'zh-CN,zh;q=0.8',
  'cookie' => 'pgv_pvi=8328582144; Huiskin=blue; PHPSESSID=r9i85lqoq176a4o1en6b8rsf27',
)
[ info ] [ PARAM ] array (
)
[ info ] [ RUN ] app\bis\controller\Register->index[ F:\work\thinkphp\application\bis\controller\Register.php ]
[ info ] [ DB ] INIT mysql
[ info ] [ VIEW ] F:\work\thinkphp\public/../application/bis\view\register\index.html [ array (
  0 => 'citys',
  1 => 'categorys',
) ]
[ info ] [ LOG ] INIT File

---------------------------------------------------------------
[ 2017-07-15T11:50:53+08:00 ] 127.0.0.1 127.0.0.1 GET /index.php/index/
[ log ] www.abc.com/index.php/index/ [运行时间：0.651037s][吞吐率：1.54req/s] [内存消耗：2,775.12kb] [文件加载：55]
[ info ] [ LANG ] F:\work\thinkphp\thinkphp\lang\zh-cn.php
[ info ] [ ROUTE ] array (
  'type' => 'module',
  'module' => 
  array (
    0 => 'index',
    1 => NULL,
    2 => NULL,
  ),
)
[ info ] [ HEADER ] array (
  'host' => 'www.abc.com',
  'connection' => 'keep-alive',
  'accept' => 'text/html,application/xhtml+xml,application/xml;q=0.9,image/webp,*/*;q=0.8',
  'upgrade-insecure-requests' => '1',
  'user-agent' => 'Mozilla/5.0 (Windows NT 6.1; WOW64) AppleWebKit/537.36 (KHTML, like Gecko) Chrome/49.0.2623.221 Safari/537.36 SE 2.X MetaSr 1.0',
  'accept-encoding' => 'gzip, deflate, sdch',
  'accept-language' => 'zh-CN,zh;q=0.8',
  'cookie' => 'pgv_pvi=8328582144; Huiskin=blue; PHPSESSID=r9i85lqoq176a4o1en6b8rsf27',
)
[ info ] [ PARAM ] array (
)
[ info ] [ DB ] INIT mysql
[ info ] [ SESSION ] INIT array (
  'id' => '',
  'var_session_id' => '',
  'prefix' => 'think',
  'type' => '',
  'auto_start' => true,
)
[ info ] [ RUN ] app\index\controller\Index->index[ F:\work\thinkphp\application\index\controller\Index.php ]
[ info ] [ VIEW ] F:\work\thinkphp\public/../application/index\view\index\index.html [ array (
  0 => 'citys',
  1 => 'city',
  2 => 'cats',
  3 => 'controler',
  4 => 'user',
  5 => 'title',
  6 => 'datas',
  7 => 'meishicates',
  8 => 'controller',
) ]
[ info ] [ LOG ] INIT File

---------------------------------------------------------------
