[ 2017-07-28T15:26:13+08:00 ] 127.0.0.1 127.0.0.1 GET /index.php/admin/category/index.html
[ sql ] [ DB ] CONNECT:[ UseTime:0.043002s ] mysql:dbname=o2o_my;host=localhost;port=3306;charset=utf8
[ sql ] [ SQL ] SHOW COLUMNS FROM `o2o_category` [ RunTime:0.122007s ]
[ sql ] [ SQL ] SELECT COUNT(*) AS tp_count FROM `o2o_category` WHERE  `parent_id` = 0  AND `status` <> -1 LIMIT 1 [ RunTime:0.005000s ]
[ sql ] [ SQL ] SELECT * FROM `o2o_category` WHERE  `parent_id` = 0  AND `status` <> -1 ORDER BY `listorder`  desc,`id`  desc LIMIT 0,15 [ RunTime:0.000000s ]

---------------------------------------------------------------
[ 2017-07-28T15:26:16+08:00 ] 127.0.0.1 127.0.0.1 GET /index.php/admin/bis/index.html
[ sql ] [ DB ] CONNECT:[ UseTime:0.001000s ] mysql:dbname=o2o_my;host=localhost;port=3306;charset=utf8
[ sql ] [ SQL ] SHOW COLUMNS FROM `o2o_bis` [ RunTime:0.077004s ]
[ sql ] [ SQL ] SELECT COUNT(*) AS tp_count FROM `o2o_bis` WHERE  `status` = 1 LIMIT 1 [ RunTime:0.001000s ]
[ sql ] [ SQL ] SELECT * FROM `o2o_bis` WHERE  `status` = 1 ORDER BY `id`  desc LIMIT 0,15 [ RunTime:0.001000s ]

---------------------------------------------------------------
[ 2017-07-28T15:26:17+08:00 ] 127.0.0.1 127.0.0.1 GET /index.php/admin/bis/apply.html
[ sql ] [ DB ] CONNECT:[ UseTime:0.011000s ] mysql:dbname=o2o_my;host=localhost;port=3306;charset=utf8
[ sql ] [ SQL ] SHOW COLUMNS FROM `o2o_bis` [ RunTime:0.018001s ]
[ sql ] [ SQL ] SELECT COUNT(*) AS tp_count FROM `o2o_bis` WHERE  `status` = 0 LIMIT 1 [ RunTime:0.001000s ]
[ sql ] [ SQL ] SELECT * FROM `o2o_bis` WHERE  `status` = 0 ORDER BY `id`  desc LIMIT 0,15 [ RunTime:0.001000s ]

---------------------------------------------------------------
[ 2017-07-28T15:26:19+08:00 ] 127.0.0.1 127.0.0.1 GET /index.php/admin/deal/index.html
[ sql ] [ DB ] CONNECT:[ UseTime:0.007000s ] mysql:dbname=o2o_my;host=localhost;port=3306;charset=utf8
[ sql ] [ SQL ] SHOW COLUMNS FROM `o2o_category` [ RunTime:0.019001s ]
[ sql ] [ SQL ] SELECT * FROM `o2o_category` WHERE  `status` = 1  AND `parent_id` = 0 ORDER BY `id`  desc [ RunTime:0.000000s ]
[ sql ] [ SQL ] SHOW COLUMNS FROM `o2o_city` [ RunTime:0.050003s ]
[ sql ] [ SQL ] SELECT * FROM `o2o_city` WHERE  `status` = 1  AND `parent_id` > 0 ORDER BY `id`  desc [ RunTime:0.002000s ]
[ sql ] [ SQL ] SHOW COLUMNS FROM `o2o_deal` [ RunTime:0.048003s ]
[ sql ] [ SQL ] SELECT COUNT(*) AS tp_count FROM `o2o_deal` WHERE  `status` = 1 LIMIT 1 [ RunTime:0.001000s ]
[ sql ] [ SQL ] SELECT * FROM `o2o_deal` WHERE  `status` = 1 ORDER BY `id`  desc LIMIT 0,15 [ RunTime:0.003000s ]

---------------------------------------------------------------
[ 2017-07-28T15:26:20+08:00 ] 127.0.0.1 127.0.0.1 GET /index.php/admin/deal/apply.html
[ sql ] [ DB ] CONNECT:[ UseTime:0.013001s ] mysql:dbname=o2o_my;host=localhost;port=3306;charset=utf8
[ sql ] [ SQL ] SHOW COLUMNS FROM `o2o_category` [ RunTime:0.022001s ]
[ sql ] [ SQL ] SELECT * FROM `o2o_category` WHERE  `status` = 1  AND `parent_id` = 0 ORDER BY `id`  desc [ RunTime:0.002000s ]
[ sql ] [ SQL ] SHOW COLUMNS FROM `o2o_city` [ RunTime:0.015001s ]
[ sql ] [ SQL ] SELECT * FROM `o2o_city` WHERE  `status` = 1  AND `parent_id` > 0 ORDER BY `id`  desc [ RunTime:0.001000s ]
[ sql ] [ SQL ] SHOW COLUMNS FROM `o2o_deal` [ RunTime:0.017001s ]
[ sql ] [ SQL ] SELECT COUNT(*) AS tp_count FROM `o2o_deal` WHERE  `status` = 0 LIMIT 1 [ RunTime:0.001000s ]
[ sql ] [ SQL ] SELECT * FROM `o2o_deal` WHERE  `status` = 0 ORDER BY `id`  desc LIMIT 0,15 [ RunTime:0.001000s ]

---------------------------------------------------------------
[ 2017-07-28T15:27:50+08:00 ] 127.0.0.1 127.0.0.1 GET /index.php/index
[ sql ] [ DB ] CONNECT:[ UseTime:0.001000s ] mysql:dbname=o2o_my;host=localhost;port=3306;charset=utf8
[ sql ] [ SQL ] SHOW COLUMNS FROM `o2o_city` [ RunTime:0.024001s ]
[ sql ] [ SQL ] SELECT * FROM `o2o_city` WHERE  `status` = 1  AND `parent_id` > 0 ORDER BY `id`  desc [ RunTime:0.001000s ]
[ sql ] [ SQL ] SELECT * FROM `o2o_city` WHERE  `uname` = 'nanchang' LIMIT 1 [ RunTime:0.005000s ]
[ sql ] [ SQL ] SHOW COLUMNS FROM `o2o_category` [ RunTime:0.018001s ]
[ sql ] [ SQL ] SELECT * FROM `o2o_category` WHERE  `parent_id` = 0  AND `status` = 1 ORDER BY `listorder`  desc,`id`  desc LIMIT 5 [ RunTime:0.001000s ]
[ sql ] [ SQL ] SELECT * FROM `o2o_category` WHERE  `parent_id` IN (4,3,2,1)  AND `status` = 1 ORDER BY `listorder`  desc,`id`  desc [ RunTime:0.011000s ]
[ sql ] [ SQL ] SHOW COLUMNS FROM `o2o_deal` [ RunTime:0.010000s ]
[ sql ] [ SQL ] SELECT * FROM `o2o_deal` WHERE  `end_time` > 1501226870  AND `category_id` = 1  AND `city_id` = 5  AND `status` = 1 ORDER BY `listorder`  desc,`id`  desc LIMIT 10 [ RunTime:0.013001s ]
[ sql ] [ SQL ] SELECT * FROM `o2o_category` WHERE  `parent_id` = 1  AND `status` = 1 ORDER BY `listorder`  desc,`id`  desc LIMIT 4 [ RunTime:0.001000s ]

---------------------------------------------------------------
[ 2017-07-28T15:27:57+08:00 ] 127.0.0.1 127.0.0.1 GET /index.php/index/index/index.html?city=nanchang
[ sql ] [ DB ] CONNECT:[ UseTime:0.010001s ] mysql:dbname=o2o_my;host=localhost;port=3306;charset=utf8
[ sql ] [ SQL ] SHOW COLUMNS FROM `o2o_city` [ RunTime:0.021001s ]
[ sql ] [ SQL ] SELECT * FROM `o2o_city` WHERE  `status` = 1  AND `parent_id` > 0 ORDER BY `id`  desc [ RunTime:0.000000s ]
[ sql ] [ SQL ] SELECT * FROM `o2o_city` WHERE  `uname` = 'nanchang' LIMIT 1 [ RunTime:0.000000s ]
[ sql ] [ SQL ] SHOW COLUMNS FROM `o2o_category` [ RunTime:0.022001s ]
[ sql ] [ SQL ] SELECT * FROM `o2o_category` WHERE  `parent_id` = 0  AND `status` = 1 ORDER BY `listorder`  desc,`id`  desc LIMIT 5 [ RunTime:0.000000s ]
[ sql ] [ SQL ] SELECT * FROM `o2o_category` WHERE  `parent_id` IN (4,3,2,1)  AND `status` = 1 ORDER BY `listorder`  desc,`id`  desc [ RunTime:0.001000s ]
[ sql ] [ SQL ] SHOW COLUMNS FROM `o2o_deal` [ RunTime:0.022001s ]
[ sql ] [ SQL ] SELECT * FROM `o2o_deal` WHERE  `end_time` > 1501226877  AND `category_id` = 1  AND `city_id` = 5  AND `status` = 1 ORDER BY `listorder`  desc,`id`  desc LIMIT 10 [ RunTime:0.002000s ]
[ sql ] [ SQL ] SELECT * FROM `o2o_category` WHERE  `parent_id` = 1  AND `status` = 1 ORDER BY `listorder`  desc,`id`  desc LIMIT 4 [ RunTime:0.001000s ]

---------------------------------------------------------------
[ 2017-07-28T15:28:00+08:00 ] 127.0.0.1 127.0.0.1 GET /index.php/index/index/index.html?city=jian
[ sql ] [ DB ] CONNECT:[ UseTime:0.002000s ] mysql:dbname=o2o_my;host=localhost;port=3306;charset=utf8
[ sql ] [ SQL ] SHOW COLUMNS FROM `o2o_city` [ RunTime:0.015000s ]
[ sql ] [ SQL ] SELECT * FROM `o2o_city` WHERE  `status` = 1  AND `parent_id` > 0 ORDER BY `id`  desc [ RunTime:0.001000s ]
[ sql ] [ SQL ] SELECT * FROM `o2o_city` WHERE  `uname` = 'jian' LIMIT 1 [ RunTime:0.001000s ]
[ sql ] [ SQL ] SHOW COLUMNS FROM `o2o_category` [ RunTime:0.017001s ]
[ sql ] [ SQL ] SELECT * FROM `o2o_category` WHERE  `parent_id` = 0  AND `status` = 1 ORDER BY `listorder`  desc,`id`  desc LIMIT 5 [ RunTime:0.001000s ]
[ sql ] [ SQL ] SELECT * FROM `o2o_category` WHERE  `parent_id` IN (4,3,2,1)  AND `status` = 1 ORDER BY `listorder`  desc,`id`  desc [ RunTime:0.000000s ]
[ sql ] [ SQL ] SHOW COLUMNS FROM `o2o_deal` [ RunTime:0.021001s ]
[ sql ] [ SQL ] SELECT * FROM `o2o_deal` WHERE  `end_time` > 1501226880  AND `category_id` = 1  AND `city_id` = 13  AND `status` = 1 ORDER BY `listorder`  desc,`id`  desc LIMIT 10 [ RunTime:0.001000s ]
[ sql ] [ SQL ] SELECT * FROM `o2o_category` WHERE  `parent_id` = 1  AND `status` = 1 ORDER BY `listorder`  desc,`id`  desc LIMIT 4 [ RunTime:0.000000s ]

---------------------------------------------------------------
[ 2017-07-28T15:28:06+08:00 ] 127.0.0.1 127.0.0.1 GET /index.php/index/index/index.html?city=jian
[ sql ] [ DB ] CONNECT:[ UseTime:0.002000s ] mysql:dbname=o2o_my;host=localhost;port=3306;charset=utf8
[ sql ] [ SQL ] SHOW COLUMNS FROM `o2o_city` [ RunTime:0.022002s ]
[ sql ] [ SQL ] SELECT * FROM `o2o_city` WHERE  `status` = 1  AND `parent_id` > 0 ORDER BY `id`  desc [ RunTime:0.001000s ]
[ sql ] [ SQL ] SELECT * FROM `o2o_city` WHERE  `uname` = 'jian' LIMIT 1 [ RunTime:0.001000s ]
[ sql ] [ SQL ] SHOW COLUMNS FROM `o2o_category` [ RunTime:0.017001s ]
[ sql ] [ SQL ] SELECT * FROM `o2o_category` WHERE  `parent_id` = 0  AND `status` = 1 ORDER BY `listorder`  desc,`id`  desc LIMIT 5 [ RunTime:0.001000s ]
[ sql ] [ SQL ] SELECT * FROM `o2o_category` WHERE  `parent_id` IN (4,3,2,1)  AND `status` = 1 ORDER BY `listorder`  desc,`id`  desc [ RunTime:0.001000s ]
[ sql ] [ SQL ] SHOW COLUMNS FROM `o2o_deal` [ RunTime:0.028002s ]
[ sql ] [ SQL ] SELECT * FROM `o2o_deal` WHERE  `end_time` > 1501226886  AND `category_id` = 1  AND `city_id` = 13  AND `status` = 1 ORDER BY `listorder`  desc,`id`  desc LIMIT 10 [ RunTime:0.000000s ]
[ sql ] [ SQL ] SELECT * FROM `o2o_category` WHERE  `parent_id` = 1  AND `status` = 1 ORDER BY `listorder`  desc,`id`  desc LIMIT 4 [ RunTime:0.000000s ]

---------------------------------------------------------------
[ 2017-07-28T15:51:57+08:00 ] 127.0.0.1 127.0.0.1 POST /index.php/index/user/logincheck.html
[ sql ] [ DB ] CONNECT:[ UseTime:0.002000s ] mysql:dbname=o2o_my;host=localhost;port=3306;charset=utf8
[ sql ] [ SQL ] SHOW COLUMNS FROM `o2o_user` [ RunTime:0.053003s ]
[ sql ] [ SQL ] SELECT * FROM `o2o_user` WHERE  `username` = 'dd' LIMIT 1 [ RunTime:0.001000s ]

---------------------------------------------------------------
[ 2017-07-28T15:54:05+08:00 ] 127.0.0.1 127.0.0.1 POST /index.php/index/user/register.html
[ sql ] [ DB ] CONNECT:[ UseTime:0.011000s ] mysql:dbname=o2o_my;host=localhost;port=3306;charset=utf8
[ sql ] [ SQL ] SHOW COLUMNS FROM `o2o_user` [ RunTime:0.015001s ]
[ sql ] [ SQL ] INSERT INTO `o2o_user` (`username` , `email` , `password` , `code` , `status` , `update_time` , `create_time`) VALUES ('guo' , '1215798914@qq.com' , 'f695686c23725bb9bda32463a81c958a' , '1383' , 1 , 1501228445 , 1501228445) [ RunTime:0.058003s ]

---------------------------------------------------------------
[ 2017-07-28T15:54:23+08:00 ] 127.0.0.1 127.0.0.1 POST /index.php/index/user/logincheck.html
[ sql ] [ DB ] CONNECT:[ UseTime:0.003000s ] mysql:dbname=o2o_my;host=localhost;port=3306;charset=utf8
[ sql ] [ SQL ] SHOW COLUMNS FROM `o2o_user` [ RunTime:0.018001s ]
[ sql ] [ SQL ] SELECT * FROM `o2o_user` WHERE  `username` = 'guo' LIMIT 1 [ RunTime:0.002001s ]
[ sql ] [ SQL ] UPDATE `o2o_user`  SET `last_login_time`=1501228463,`update_time`=1501228463  WHERE  `id` = 1 [ RunTime:0.071004s ]

---------------------------------------------------------------
[ 2017-07-28T15:54:25+08:00 ] 127.0.0.1 127.0.0.1 GET /index.php/index/index/index.html
[ sql ] [ DB ] CONNECT:[ UseTime:0.002000s ] mysql:dbname=o2o_my;host=localhost;port=3306;charset=utf8
[ sql ] [ SQL ] SHOW COLUMNS FROM `o2o_city` [ RunTime:0.017001s ]
[ sql ] [ SQL ] SELECT * FROM `o2o_city` WHERE  `status` = 1  AND `parent_id` > 0 ORDER BY `id`  desc [ RunTime:0.002001s ]
[ sql ] [ SQL ] SELECT * FROM `o2o_city` WHERE  `uname` = 'jian' LIMIT 1 [ RunTime:0.000000s ]
[ sql ] [ SQL ] SHOW COLUMNS FROM `o2o_category` [ RunTime:0.020002s ]
[ sql ] [ SQL ] SELECT * FROM `o2o_category` WHERE  `parent_id` = 0  AND `status` = 1 ORDER BY `listorder`  desc,`id`  desc LIMIT 5 [ RunTime:0.002000s ]
[ sql ] [ SQL ] SELECT * FROM `o2o_category` WHERE  `parent_id` IN (4,3,2,1)  AND `status` = 1 ORDER BY `listorder`  desc,`id`  desc [ RunTime:0.002000s ]
[ sql ] [ SQL ] SHOW COLUMNS FROM `o2o_deal` [ RunTime:0.018001s ]
[ sql ] [ SQL ] SELECT * FROM `o2o_deal` WHERE  `end_time` > 1501228465  AND `category_id` = 1  AND `city_id` = 13  AND `status` = 1 ORDER BY `listorder`  desc,`id`  desc LIMIT 10 [ RunTime:0.000000s ]
[ sql ] [ SQL ] SELECT * FROM `o2o_category` WHERE  `parent_id` = 1  AND `status` = 1 ORDER BY `listorder`  desc,`id`  desc LIMIT 4 [ RunTime:0.000000s ]

---------------------------------------------------------------
[ 2017-07-28T15:54:34+08:00 ] 127.0.0.1 127.0.0.1 GET /index.php/index/index/index.html
[ sql ] [ DB ] CONNECT:[ UseTime:0.012001s ] mysql:dbname=o2o_my;host=localhost;port=3306;charset=utf8
[ sql ] [ SQL ] SHOW COLUMNS FROM `o2o_city` [ RunTime:0.016001s ]
[ sql ] [ SQL ] SELECT * FROM `o2o_city` WHERE  `status` = 1  AND `parent_id` > 0 ORDER BY `id`  desc [ RunTime:0.002000s ]
[ sql ] [ SQL ] SELECT * FROM `o2o_city` WHERE  `uname` = 'jian' LIMIT 1 [ RunTime:0.001000s ]
[ sql ] [ SQL ] SHOW COLUMNS FROM `o2o_category` [ RunTime:0.020001s ]
[ sql ] [ SQL ] SELECT * FROM `o2o_category` WHERE  `parent_id` = 0  AND `status` = 1 ORDER BY `listorder`  desc,`id`  desc LIMIT 5 [ RunTime:0.001000s ]
[ sql ] [ SQL ] SELECT * FROM `o2o_category` WHERE  `parent_id` IN (4,3,2,1)  AND `status` = 1 ORDER BY `listorder`  desc,`id`  desc [ RunTime:0.000000s ]
[ sql ] [ SQL ] SHOW COLUMNS FROM `o2o_deal` [ RunTime:0.020001s ]
[ sql ] [ SQL ] SELECT * FROM `o2o_deal` WHERE  `end_time` > 1501228474  AND `category_id` = 1  AND `city_id` = 13  AND `status` = 1 ORDER BY `listorder`  desc,`id`  desc LIMIT 10 [ RunTime:0.001000s ]
[ sql ] [ SQL ] SELECT * FROM `o2o_category` WHERE  `parent_id` = 1  AND `status` = 1 ORDER BY `listorder`  desc,`id`  desc LIMIT 4 [ RunTime:0.000000s ]

---------------------------------------------------------------
[ 2017-07-28T15:54:44+08:00 ] 127.0.0.1 127.0.0.1 POST /index.php/index/user/logincheck.html
[ sql ] [ DB ] CONNECT:[ UseTime:0.006000s ] mysql:dbname=o2o_my;host=localhost;port=3306;charset=utf8
[ sql ] [ SQL ] SHOW COLUMNS FROM `o2o_user` [ RunTime:0.022002s ]
[ sql ] [ SQL ] SELECT * FROM `o2o_user` WHERE  `username` = 'guo' LIMIT 1 [ RunTime:0.002000s ]
[ sql ] [ SQL ] UPDATE `o2o_user`  SET `last_login_time`=1501228484,`update_time`=1501228484  WHERE  `id` = 1 [ RunTime:0.049003s ]

---------------------------------------------------------------
[ 2017-07-28T15:54:45+08:00 ] 127.0.0.1 127.0.0.1 GET /index.php/index/index/index.html
[ sql ] [ DB ] CONNECT:[ UseTime:0.001000s ] mysql:dbname=o2o_my;host=localhost;port=3306;charset=utf8
[ sql ] [ SQL ] SHOW COLUMNS FROM `o2o_city` [ RunTime:0.023002s ]
[ sql ] [ SQL ] SELECT * FROM `o2o_city` WHERE  `status` = 1  AND `parent_id` > 0 ORDER BY `id`  desc [ RunTime:0.000000s ]
[ sql ] [ SQL ] SELECT * FROM `o2o_city` WHERE  `uname` = 'nanchang' LIMIT 1 [ RunTime:0.001000s ]
[ sql ] [ SQL ] SHOW COLUMNS FROM `o2o_category` [ RunTime:0.016000s ]
[ sql ] [ SQL ] SELECT * FROM `o2o_category` WHERE  `parent_id` = 0  AND `status` = 1 ORDER BY `listorder`  desc,`id`  desc LIMIT 5 [ RunTime:0.001000s ]
[ sql ] [ SQL ] SELECT * FROM `o2o_category` WHERE  `parent_id` IN (4,3,2,1)  AND `status` = 1 ORDER BY `listorder`  desc,`id`  desc [ RunTime:0.001000s ]
[ sql ] [ SQL ] SHOW COLUMNS FROM `o2o_deal` [ RunTime:0.022001s ]
[ sql ] [ SQL ] SELECT * FROM `o2o_deal` WHERE  `end_time` > 1501228485  AND `category_id` = 1  AND `city_id` = 5  AND `status` = 1 ORDER BY `listorder`  desc,`id`  desc LIMIT 10 [ RunTime:0.000000s ]
[ sql ] [ SQL ] SELECT * FROM `o2o_category` WHERE  `parent_id` = 1  AND `status` = 1 ORDER BY `listorder`  desc,`id`  desc LIMIT 4 [ RunTime:0.000000s ]

---------------------------------------------------------------
[ 2017-07-28T16:02:12+08:00 ] 127.0.0.1 127.0.0.1 GET /index.php/index/index/index.html
[ sql ] [ DB ] CONNECT:[ UseTime:0.002000s ] mysql:dbname=o2o_my;host=localhost;port=3306;charset=utf8
[ sql ] [ SQL ] SHOW COLUMNS FROM `o2o_city` [ RunTime:0.015000s ]
[ sql ] [ SQL ] SELECT * FROM `o2o_city` WHERE  `status` = 1  AND `parent_id` > 0 ORDER BY `id`  desc [ RunTime:0.001000s ]
[ sql ] [ SQL ] SELECT * FROM `o2o_city` WHERE  `uname` = 'nanchang' LIMIT 1 [ RunTime:0.001000s ]
[ sql ] [ SQL ] SHOW COLUMNS FROM `o2o_category` [ RunTime:0.014001s ]
[ sql ] [ SQL ] SELECT * FROM `o2o_category` WHERE  `parent_id` = 0  AND `status` = 1 ORDER BY `listorder`  desc,`id`  desc LIMIT 5 [ RunTime:0.001000s ]
[ sql ] [ SQL ] SELECT * FROM `o2o_category` WHERE  `parent_id` IN (4,3,2,1)  AND `status` = 1 ORDER BY `listorder`  desc,`id`  desc [ RunTime:0.001000s ]
[ sql ] [ SQL ] SHOW COLUMNS FROM `o2o_deal` [ RunTime:0.020002s ]
[ sql ] [ SQL ] SELECT * FROM `o2o_deal` WHERE  `end_time` > 1501228932  AND `category_id` = 1  AND `city_id` = 5  AND `status` = 1 ORDER BY `listorder`  desc,`id`  desc LIMIT 10 [ RunTime:0.001000s ]
[ sql ] [ SQL ] SELECT * FROM `o2o_category` WHERE  `parent_id` = 1  AND `status` = 1 ORDER BY `listorder`  desc,`id`  desc LIMIT 4 [ RunTime:0.001000s ]

---------------------------------------------------------------
[ 2017-07-28T16:02:52+08:00 ] 127.0.0.1 127.0.0.1 POST /index.php/index/user/logincheck.html
[ sql ] [ DB ] CONNECT:[ UseTime:0.010001s ] mysql:dbname=o2o_my;host=localhost;port=3306;charset=utf8
[ sql ] [ SQL ] SHOW COLUMNS FROM `o2o_user` [ RunTime:0.016001s ]
[ sql ] [ SQL ] SELECT * FROM `o2o_user` WHERE  `username` = 'guo' LIMIT 1 [ RunTime:0.001000s ]
[ sql ] [ SQL ] UPDATE `o2o_user`  SET `last_login_time`=1501228972,`update_time`=1501228972  WHERE  `id` = 1 [ RunTime:0.044003s ]

---------------------------------------------------------------
[ 2017-07-28T16:02:53+08:00 ] 127.0.0.1 127.0.0.1 GET /index.php/index/index/index.html
[ sql ] [ DB ] CONNECT:[ UseTime:0.002000s ] mysql:dbname=o2o_my;host=localhost;port=3306;charset=utf8
[ sql ] [ SQL ] SHOW COLUMNS FROM `o2o_city` [ RunTime:0.022001s ]
[ sql ] [ SQL ] SELECT * FROM `o2o_city` WHERE  `status` = 1  AND `parent_id` > 0 ORDER BY `id`  desc [ RunTime:0.002001s ]
[ sql ] [ SQL ] SELECT * FROM `o2o_city` WHERE  `uname` = 'nanchang' LIMIT 1 [ RunTime:0.001000s ]
[ sql ] [ SQL ] SHOW COLUMNS FROM `o2o_category` [ RunTime:0.018001s ]
[ sql ] [ SQL ] SELECT * FROM `o2o_category` WHERE  `parent_id` = 0  AND `status` = 1 ORDER BY `listorder`  desc,`id`  desc LIMIT 5 [ RunTime:0.002000s ]
[ sql ] [ SQL ] SELECT * FROM `o2o_category` WHERE  `parent_id` IN (4,3,2,1)  AND `status` = 1 ORDER BY `listorder`  desc,`id`  desc [ RunTime:0.001000s ]
[ sql ] [ SQL ] SHOW COLUMNS FROM `o2o_deal` [ RunTime:0.010000s ]
[ sql ] [ SQL ] SELECT * FROM `o2o_deal` WHERE  `end_time` > 1501228973  AND `category_id` = 1  AND `city_id` = 5  AND `status` = 1 ORDER BY `listorder`  desc,`id`  desc LIMIT 10 [ RunTime:0.003001s ]
[ sql ] [ SQL ] SELECT * FROM `o2o_category` WHERE  `parent_id` = 1  AND `status` = 1 ORDER BY `listorder`  desc,`id`  desc LIMIT 4 [ RunTime:0.000000s ]

---------------------------------------------------------------
